2026-01-29 02:52:05,333 | INFO | Run started: run_id=cfpb_company_sudden__retrain_p1_last_window_wb1_update__025205
2026-01-29 02:52:05,333 | INFO | run_dir=C:\Poly\Diploma\v2\outputs\20260129_025059__cfpb_gradual_sgd\runs\cfpb_company_sudden__retrain_p1_last_window_wb1_update__025205
2026-01-29 02:52:07,577 | INFO | EVENT pretrain_fit batch_id=None reason=pretrain train_n=5000 wall=0.22752761840820312 cpu=0.234375 rss_mb=None info={'pretrain_batches': 10, 'pre_acc': 0.7262, 'pre_f1_macro': 0.5237384729591804}
2026-01-29 02:52:07,622 | INFO | EVENT retrain_update batch_id=11 reason=periodic train_n=500 wall=0.020016193389892578 cpu=0.03125 rss_mb=None info={'period_batches': 1, 'stream_batches_seen': 1, 'buffer_size': 500, 'global_batch_id': 11}
2026-01-29 02:52:07,667 | INFO | EVENT retrain_update batch_id=12 reason=periodic train_n=500 wall=0.0200197696685791 cpu=0.03125 rss_mb=None info={'period_batches': 1, 'stream_batches_seen': 2, 'buffer_size': 500, 'global_batch_id': 12}
2026-01-29 02:52:07,706 | INFO | EVENT retrain_update batch_id=13 reason=periodic train_n=500 wall=0.017586946487426758 cpu=0.015625 rss_mb=None info={'period_batches': 1, 'stream_batches_seen': 3, 'buffer_size': 500, 'global_batch_id': 13}
2026-01-29 02:52:07,749 | INFO | EVENT retrain_update batch_id=14 reason=periodic train_n=500 wall=0.020012855529785156 cpu=0.015625 rss_mb=None info={'period_batches': 1, 'stream_batches_seen': 4, 'buffer_size': 500, 'global_batch_id': 14}
2026-01-29 02:52:07,793 | INFO | EVENT retrain_update batch_id=15 reason=periodic train_n=500 wall=0.021017789840698242 cpu=0.03125 rss_mb=None info={'period_batches': 1, 'stream_batches_seen': 5, 'buffer_size': 500, 'global_batch_id': 15}
2026-01-29 02:52:07,840 | INFO | EVENT retrain_update batch_id=16 reason=periodic train_n=500 wall=0.02101898193359375 cpu=0.03125 rss_mb=None info={'period_batches': 1, 'stream_batches_seen': 6, 'buffer_size': 500, 'global_batch_id': 16}
2026-01-29 02:52:07,881 | INFO | EVENT retrain_update batch_id=17 reason=periodic train_n=500 wall=0.019016504287719727 cpu=0.015625 rss_mb=None info={'period_batches': 1, 'stream_batches_seen': 7, 'buffer_size': 500, 'global_batch_id': 17}
2026-01-29 02:52:07,925 | INFO | EVENT retrain_update batch_id=18 reason=periodic train_n=500 wall=0.023019790649414062 cpu=0.015625 rss_mb=None info={'period_batches': 1, 'stream_batches_seen': 8, 'buffer_size': 500, 'global_batch_id': 18}
2026-01-29 02:52:07,966 | INFO | EVENT retrain_update batch_id=19 reason=periodic train_n=500 wall=0.01802372932434082 cpu=0.015625 rss_mb=None info={'period_batches': 1, 'stream_batches_seen': 9, 'buffer_size': 500, 'global_batch_id': 19}
2026-01-29 02:52:08,007 | INFO | EVENT retrain_update batch_id=20 reason=periodic train_n=500 wall=0.018016576766967773 cpu=0.015625 rss_mb=None info={'period_batches': 1, 'stream_batches_seen': 10, 'buffer_size': 500, 'global_batch_id': 20}
2026-01-29 02:52:08,061 | INFO | EVENT retrain_update batch_id=21 reason=periodic train_n=500 wall=0.025036096572875977 cpu=0.03125 rss_mb=None info={'period_batches': 1, 'stream_batches_seen': 11, 'buffer_size': 500, 'global_batch_id': 21}
2026-01-29 02:52:08,111 | INFO | EVENT retrain_update batch_id=22 reason=periodic train_n=500 wall=0.02352309226989746 cpu=0.015625 rss_mb=None info={'period_batches': 1, 'stream_batches_seen': 12, 'buffer_size': 500, 'global_batch_id': 22}
2026-01-29 02:52:08,160 | INFO | EVENT retrain_update batch_id=23 reason=periodic train_n=500 wall=0.02303171157836914 cpu=0.015625 rss_mb=None info={'period_batches': 1, 'stream_batches_seen': 13, 'buffer_size': 500, 'global_batch_id': 23}
2026-01-29 02:52:08,212 | INFO | EVENT retrain_update batch_id=24 reason=periodic train_n=500 wall=0.02443838119506836 cpu=0.03125 rss_mb=None info={'period_batches': 1, 'stream_batches_seen': 14, 'buffer_size': 500, 'global_batch_id': 24}
2026-01-29 02:52:08,268 | INFO | EVENT retrain_update batch_id=25 reason=periodic train_n=500 wall=0.02802252769470215 cpu=0.03125 rss_mb=None info={'period_batches': 1, 'stream_batches_seen': 15, 'buffer_size': 500, 'global_batch_id': 25}
2026-01-29 02:52:08,321 | INFO | EVENT retrain_update batch_id=26 reason=periodic train_n=500 wall=0.024637460708618164 cpu=0.03125 rss_mb=None info={'period_batches': 1, 'stream_batches_seen': 16, 'buffer_size': 500, 'global_batch_id': 26}
2026-01-29 02:52:08,374 | INFO | EVENT retrain_update batch_id=27 reason=periodic train_n=500 wall=0.024072647094726562 cpu=0.03125 rss_mb=None info={'period_batches': 1, 'stream_batches_seen': 17, 'buffer_size': 500, 'global_batch_id': 27}
2026-01-29 02:52:08,423 | INFO | EVENT retrain_update batch_id=28 reason=periodic train_n=500 wall=0.02301502227783203 cpu=0.015625 rss_mb=None info={'period_batches': 1, 'stream_batches_seen': 18, 'buffer_size': 500, 'global_batch_id': 28}
2026-01-29 02:52:08,472 | INFO | EVENT retrain_update batch_id=29 reason=periodic train_n=500 wall=0.02415776252746582 cpu=0.015625 rss_mb=None info={'period_batches': 1, 'stream_batches_seen': 19, 'buffer_size': 500, 'global_batch_id': 29}
2026-01-29 02:52:08,519 | INFO | EVENT retrain_update batch_id=30 reason=periodic train_n=500 wall=0.02251744270324707 cpu=0.015625 rss_mb=None info={'period_batches': 1, 'stream_batches_seen': 20, 'buffer_size': 500, 'global_batch_id': 30}
2026-01-29 02:52:08,580 | INFO | EVENT retrain_update batch_id=31 reason=periodic train_n=500 wall=0.029245376586914062 cpu=0.03125 rss_mb=None info={'period_batches': 1, 'stream_batches_seen': 21, 'buffer_size': 500, 'global_batch_id': 31}
2026-01-29 02:52:08,630 | INFO | EVENT retrain_update batch_id=32 reason=periodic train_n=500 wall=0.024524927139282227 cpu=0.015625 rss_mb=None info={'period_batches': 1, 'stream_batches_seen': 22, 'buffer_size': 500, 'global_batch_id': 32}
2026-01-29 02:52:08,684 | INFO | EVENT retrain_update batch_id=33 reason=periodic train_n=500 wall=0.026523351669311523 cpu=0.03125 rss_mb=None info={'period_batches': 1, 'stream_batches_seen': 23, 'buffer_size': 500, 'global_batch_id': 33}
2026-01-29 02:52:08,737 | INFO | EVENT retrain_update batch_id=34 reason=periodic train_n=500 wall=0.026023387908935547 cpu=0.015625 rss_mb=None info={'period_batches': 1, 'stream_batches_seen': 24, 'buffer_size': 500, 'global_batch_id': 34}
2026-01-29 02:52:08,789 | INFO | EVENT retrain_update batch_id=35 reason=periodic train_n=500 wall=0.02452397346496582 cpu=0.03125 rss_mb=None info={'period_batches': 1, 'stream_batches_seen': 25, 'buffer_size': 500, 'global_batch_id': 35}
2026-01-29 02:52:08,841 | INFO | EVENT retrain_update batch_id=36 reason=periodic train_n=500 wall=0.022525310516357422 cpu=0.03125 rss_mb=None info={'period_batches': 1, 'stream_batches_seen': 26, 'buffer_size': 500, 'global_batch_id': 36}
2026-01-29 02:52:08,887 | INFO | EVENT retrain_update batch_id=37 reason=periodic train_n=500 wall=0.021562576293945312 cpu=0.03125 rss_mb=None info={'period_batches': 1, 'stream_batches_seen': 27, 'buffer_size': 500, 'global_batch_id': 37}
2026-01-29 02:52:08,935 | INFO | EVENT retrain_update batch_id=38 reason=periodic train_n=500 wall=0.021016836166381836 cpu=0.03125 rss_mb=None info={'period_batches': 1, 'stream_batches_seen': 28, 'buffer_size': 500, 'global_batch_id': 38}
2026-01-29 02:52:08,986 | INFO | EVENT retrain_update batch_id=39 reason=periodic train_n=500 wall=0.023018360137939453 cpu=0.015625 rss_mb=None info={'period_batches': 1, 'stream_batches_seen': 29, 'buffer_size': 500, 'global_batch_id': 39}
2026-01-29 02:52:09,038 | INFO | EVENT retrain_update batch_id=40 reason=periodic train_n=500 wall=0.023859500885009766 cpu=0.015625 rss_mb=None info={'period_batches': 1, 'stream_batches_seen': 30, 'buffer_size': 500, 'global_batch_id': 40}
2026-01-29 02:52:09,085 | INFO | EVENT retrain_update batch_id=41 reason=periodic train_n=500 wall=0.023013591766357422 cpu=0.03125 rss_mb=None info={'period_batches': 1, 'stream_batches_seen': 31, 'buffer_size': 500, 'global_batch_id': 41}
2026-01-29 02:52:09,137 | INFO | EVENT retrain_update batch_id=42 reason=periodic train_n=500 wall=0.02501845359802246 cpu=0.03125 rss_mb=None info={'period_batches': 1, 'stream_batches_seen': 32, 'buffer_size': 500, 'global_batch_id': 42}
2026-01-29 02:52:09,187 | INFO | EVENT retrain_update batch_id=43 reason=periodic train_n=500 wall=0.024018287658691406 cpu=0.03125 rss_mb=None info={'period_batches': 1, 'stream_batches_seen': 33, 'buffer_size': 500, 'global_batch_id': 43}
2026-01-29 02:52:09,234 | INFO | EVENT retrain_update batch_id=44 reason=periodic train_n=500 wall=0.023018598556518555 cpu=0.015625 rss_mb=None info={'period_batches': 1, 'stream_batches_seen': 34, 'buffer_size': 500, 'global_batch_id': 44}
2026-01-29 02:52:09,289 | INFO | EVENT retrain_update batch_id=45 reason=periodic train_n=500 wall=0.02752518653869629 cpu=0.015625 rss_mb=None info={'period_batches': 1, 'stream_batches_seen': 35, 'buffer_size': 500, 'global_batch_id': 45}
2026-01-29 02:52:09,289 | INFO | Run finished. total={'wall_sec': 3.955963611602783, 'cpu_sec': 3.96875, 'cpu_pct': 100.32321804881406, 'rss_mb': None} peak_rss_mb=None
