2026-01-29 01:26:44,140 | INFO | Run started: run_id=label_temporary__retrain_p1_all_seen_fit__012644
2026-01-29 01:26:44,140 | INFO | run_dir=C:\Poly\Diploma\v2\outputs\20260129_012640__label_temporary_sgd\runs\label_temporary__retrain_p1_all_seen_fit__012644
2026-01-29 01:26:45,319 | INFO | EVENT pretrain_fit batch_id=None reason=pretrain train_n=2500 wall=0.22231459617614746 cpu=0.234375 rss_mb=None info={'pretrain_batches': 5, 'pre_acc': 0.9976, 'pre_f1_macro': 0.9932855383028706}
2026-01-29 01:26:45,631 | INFO | EVENT retrain_fit batch_id=6 reason=periodic train_n=3000 wall=0.2635517120361328 cpu=0.25 rss_mb=None info={'period_batches': 1, 'stream_batches_seen': 1, 'buffer_size': 3000, 'global_batch_id': 6}
2026-01-29 01:26:46,019 | INFO | EVENT retrain_fit batch_id=7 reason=periodic train_n=3500 wall=0.3175544738769531 cpu=0.328125 rss_mb=None info={'period_batches': 1, 'stream_batches_seen': 2, 'buffer_size': 3500, 'global_batch_id': 7}
2026-01-29 01:26:46,430 | INFO | EVENT retrain_fit batch_id=8 reason=periodic train_n=4000 wall=0.3586304187774658 cpu=0.359375 rss_mb=None info={'period_batches': 1, 'stream_batches_seen': 3, 'buffer_size': 4000, 'global_batch_id': 8}
2026-01-29 01:26:46,903 | INFO | EVENT retrain_fit batch_id=9 reason=periodic train_n=4500 wall=0.4218320846557617 cpu=0.421875 rss_mb=None info={'period_batches': 1, 'stream_batches_seen': 4, 'buffer_size': 4500, 'global_batch_id': 9}
2026-01-29 01:26:47,406 | INFO | EVENT retrain_fit batch_id=10 reason=periodic train_n=5000 wall=0.4538605213165283 cpu=0.453125 rss_mb=None info={'period_batches': 1, 'stream_batches_seen': 5, 'buffer_size': 5000, 'global_batch_id': 10}
2026-01-29 01:26:47,973 | INFO | EVENT retrain_fit batch_id=11 reason=periodic train_n=5500 wall=0.5144228935241699 cpu=0.515625 rss_mb=None info={'period_batches': 1, 'stream_batches_seen': 6, 'buffer_size': 5500, 'global_batch_id': 11}
2026-01-29 01:26:48,560 | INFO | EVENT retrain_fit batch_id=12 reason=periodic train_n=6000 wall=0.5373208522796631 cpu=0.53125 rss_mb=None info={'period_batches': 1, 'stream_batches_seen': 7, 'buffer_size': 6000, 'global_batch_id': 12}
2026-01-29 01:26:49,194 | INFO | EVENT retrain_fit batch_id=13 reason=periodic train_n=6500 wall=0.5862941741943359 cpu=0.578125 rss_mb=None info={'period_batches': 1, 'stream_batches_seen': 8, 'buffer_size': 6500, 'global_batch_id': 13}
2026-01-29 01:26:49,926 | INFO | EVENT retrain_fit batch_id=14 reason=periodic train_n=7000 wall=0.653883695602417 cpu=0.65625 rss_mb=None info={'period_batches': 1, 'stream_batches_seen': 9, 'buffer_size': 7000, 'global_batch_id': 14}
2026-01-29 01:26:50,672 | INFO | EVENT retrain_fit batch_id=15 reason=periodic train_n=7500 wall=0.6931064128875732 cpu=0.6875 rss_mb=None info={'period_batches': 1, 'stream_batches_seen': 10, 'buffer_size': 7500, 'global_batch_id': 15}
2026-01-29 01:26:51,590 | INFO | EVENT retrain_fit batch_id=16 reason=periodic train_n=8000 wall=0.8674201965332031 cpu=0.859375 rss_mb=None info={'period_batches': 1, 'stream_batches_seen': 11, 'buffer_size': 8000, 'global_batch_id': 16}
2026-01-29 01:26:52,737 | INFO | EVENT retrain_fit batch_id=17 reason=periodic train_n=8500 wall=1.0806939601898193 cpu=1.078125 rss_mb=None info={'period_batches': 1, 'stream_batches_seen': 12, 'buffer_size': 8500, 'global_batch_id': 17}
2026-01-29 01:26:53,608 | INFO | EVENT retrain_fit batch_id=18 reason=periodic train_n=9000 wall=0.8222839832305908 cpu=0.828125 rss_mb=None info={'period_batches': 1, 'stream_batches_seen': 13, 'buffer_size': 9000, 'global_batch_id': 18}
2026-01-29 01:26:54,509 | INFO | EVENT retrain_fit batch_id=19 reason=periodic train_n=9500 wall=0.8601632118225098 cpu=0.859375 rss_mb=None info={'period_batches': 1, 'stream_batches_seen': 14, 'buffer_size': 9500, 'global_batch_id': 19}
2026-01-29 01:26:55,454 | INFO | EVENT retrain_fit batch_id=20 reason=periodic train_n=10000 wall=0.9018237590789795 cpu=0.90625 rss_mb=None info={'period_batches': 1, 'stream_batches_seen': 15, 'buffer_size': 10000, 'global_batch_id': 20}
2026-01-29 01:26:56,459 | INFO | EVENT retrain_fit batch_id=21 reason=periodic train_n=10500 wall=0.9635708332061768 cpu=0.953125 rss_mb=None info={'period_batches': 1, 'stream_batches_seen': 16, 'buffer_size': 10500, 'global_batch_id': 21}
2026-01-29 01:26:57,506 | INFO | EVENT retrain_fit batch_id=22 reason=periodic train_n=11000 wall=0.997067928314209 cpu=0.984375 rss_mb=None info={'period_batches': 1, 'stream_batches_seen': 17, 'buffer_size': 11000, 'global_batch_id': 22}
2026-01-29 01:26:58,585 | INFO | EVENT retrain_fit batch_id=23 reason=periodic train_n=11500 wall=1.027374505996704 cpu=1.015625 rss_mb=None info={'period_batches': 1, 'stream_batches_seen': 18, 'buffer_size': 11500, 'global_batch_id': 23}
2026-01-29 01:26:59,699 | INFO | EVENT retrain_fit batch_id=24 reason=periodic train_n=12000 wall=1.0704586505889893 cpu=1.0625 rss_mb=None info={'period_batches': 1, 'stream_batches_seen': 19, 'buffer_size': 12000, 'global_batch_id': 24}
2026-01-29 01:27:00,876 | INFO | EVENT retrain_fit batch_id=25 reason=periodic train_n=12500 wall=1.1288442611694336 cpu=1.125 rss_mb=None info={'period_batches': 1, 'stream_batches_seen': 20, 'buffer_size': 12500, 'global_batch_id': 25}
2026-01-29 01:27:02,089 | INFO | EVENT retrain_fit batch_id=26 reason=periodic train_n=13000 wall=1.1615891456604004 cpu=1.171875 rss_mb=None info={'period_batches': 1, 'stream_batches_seen': 21, 'buffer_size': 13000, 'global_batch_id': 26}
2026-01-29 01:27:03,318 | INFO | EVENT retrain_fit batch_id=27 reason=periodic train_n=13500 wall=1.1859827041625977 cpu=1.1875 rss_mb=None info={'period_batches': 1, 'stream_batches_seen': 22, 'buffer_size': 13500, 'global_batch_id': 27}
2026-01-29 01:27:04,615 | INFO | EVENT retrain_fit batch_id=28 reason=periodic train_n=14000 wall=1.247161626815796 cpu=1.234375 rss_mb=None info={'period_batches': 1, 'stream_batches_seen': 23, 'buffer_size': 14000, 'global_batch_id': 28}
2026-01-29 01:27:05,864 | INFO | EVENT retrain_fit batch_id=29 reason=periodic train_n=14500 wall=1.206726312637329 cpu=1.1875 rss_mb=None info={'period_batches': 1, 'stream_batches_seen': 24, 'buffer_size': 14500, 'global_batch_id': 29}
2026-01-29 01:27:07,267 | INFO | EVENT retrain_fit batch_id=30 reason=periodic train_n=15000 wall=1.3519539833068848 cpu=1.359375 rss_mb=None info={'period_batches': 1, 'stream_batches_seen': 25, 'buffer_size': 15000, 'global_batch_id': 30}
2026-01-29 01:27:09,098 | INFO | EVENT retrain_fit batch_id=31 reason=periodic train_n=15500 wall=1.7643542289733887 cpu=1.734375 rss_mb=None info={'period_batches': 1, 'stream_batches_seen': 26, 'buffer_size': 15500, 'global_batch_id': 31}
2026-01-29 01:27:10,546 | INFO | EVENT retrain_fit batch_id=32 reason=periodic train_n=16000 wall=1.397216796875 cpu=1.40625 rss_mb=None info={'period_batches': 1, 'stream_batches_seen': 27, 'buffer_size': 16000, 'global_batch_id': 32}
2026-01-29 01:27:12,090 | INFO | EVENT retrain_fit batch_id=33 reason=periodic train_n=16500 wall=1.4884049892425537 cpu=1.5 rss_mb=None info={'period_batches': 1, 'stream_batches_seen': 28, 'buffer_size': 16500, 'global_batch_id': 33}
2026-01-29 01:27:13,650 | INFO | EVENT retrain_fit batch_id=34 reason=periodic train_n=17000 wall=1.5066170692443848 cpu=1.515625 rss_mb=None info={'period_batches': 1, 'stream_batches_seen': 29, 'buffer_size': 17000, 'global_batch_id': 34}
2026-01-29 01:27:15,239 | INFO | EVENT retrain_fit batch_id=35 reason=periodic train_n=17500 wall=1.5407600402832031 cpu=1.53125 rss_mb=None info={'period_batches': 1, 'stream_batches_seen': 30, 'buffer_size': 17500, 'global_batch_id': 35}
2026-01-29 01:27:16,862 | INFO | EVENT retrain_fit batch_id=36 reason=periodic train_n=18000 wall=1.5772380828857422 cpu=1.5625 rss_mb=None info={'period_batches': 1, 'stream_batches_seen': 31, 'buffer_size': 18000, 'global_batch_id': 36}
2026-01-29 01:27:18,570 | INFO | EVENT retrain_fit batch_id=37 reason=periodic train_n=18500 wall=1.6519217491149902 cpu=1.640625 rss_mb=None info={'period_batches': 1, 'stream_batches_seen': 32, 'buffer_size': 18500, 'global_batch_id': 37}
2026-01-29 01:27:20,295 | INFO | EVENT retrain_fit batch_id=38 reason=periodic train_n=19000 wall=1.6748783588409424 cpu=1.671875 rss_mb=None info={'period_batches': 1, 'stream_batches_seen': 33, 'buffer_size': 19000, 'global_batch_id': 38}
2026-01-29 01:27:22,087 | INFO | EVENT retrain_fit batch_id=39 reason=periodic train_n=19500 wall=1.7396996021270752 cpu=1.734375 rss_mb=None info={'period_batches': 1, 'stream_batches_seen': 34, 'buffer_size': 19500, 'global_batch_id': 39}
2026-01-29 01:27:24,191 | INFO | EVENT retrain_fit batch_id=40 reason=periodic train_n=20000 wall=2.056579351425171 cpu=2.046875 rss_mb=None info={'period_batches': 1, 'stream_batches_seen': 35, 'buffer_size': 20000, 'global_batch_id': 40}
2026-01-29 01:27:26,181 | INFO | EVENT retrain_fit batch_id=41 reason=periodic train_n=20500 wall=1.9125120639801025 cpu=1.921875 rss_mb=None info={'period_batches': 1, 'stream_batches_seen': 36, 'buffer_size': 20500, 'global_batch_id': 41}
2026-01-29 01:27:28,104 | INFO | EVENT retrain_fit batch_id=42 reason=periodic train_n=21000 wall=1.8674309253692627 cpu=1.875 rss_mb=None info={'period_batches': 1, 'stream_batches_seen': 37, 'buffer_size': 21000, 'global_batch_id': 42}
2026-01-29 01:27:30,049 | INFO | EVENT retrain_fit batch_id=43 reason=periodic train_n=21500 wall=1.9003372192382812 cpu=1.890625 rss_mb=None info={'period_batches': 1, 'stream_batches_seen': 38, 'buffer_size': 21500, 'global_batch_id': 43}
2026-01-29 01:27:32,284 | INFO | EVENT retrain_fit batch_id=44 reason=periodic train_n=22000 wall=2.187582015991211 cpu=2.140625 rss_mb=None info={'period_batches': 1, 'stream_batches_seen': 39, 'buffer_size': 22000, 'global_batch_id': 44}
2026-01-29 01:27:34,326 | INFO | EVENT retrain_fit batch_id=45 reason=periodic train_n=22500 wall=1.9952075481414795 cpu=2.0 rss_mb=None info={'period_batches': 1, 'stream_batches_seen': 40, 'buffer_size': 22500, 'global_batch_id': 45}
2026-01-29 01:27:34,327 | INFO | Run finished. total={'wall_sec': 50.18643760681152, 'cpu_sec': 49.96875, 'cpu_pct': 99.5662421618426, 'rss_mb': None} peak_rss_mb=None
