2026-01-29 03:03:34,496 | INFO | Run started: run_id=cfpb_company_sudden__retrain_p1_last_window_wb1_fit__030334
2026-01-29 03:03:34,497 | INFO | run_dir=C:\Poly\Diploma\v2\outputs\20260129_030239__cfpb_gradual_nb\runs\cfpb_company_sudden__retrain_p1_last_window_wb1_fit__030334
2026-01-29 03:03:36,660 | INFO | EVENT pretrain_fit batch_id=None reason=pretrain train_n=5000 wall=0.172468900680542 cpu=0.171875 rss_mb=None info={'pretrain_batches': 10, 'pre_acc': 0.6808, 'pre_f1_macro': 0.570003176745046}
2026-01-29 03:03:36,703 | INFO | EVENT retrain_fit batch_id=11 reason=periodic train_n=500 wall=0.018999814987182617 cpu=0.015625 rss_mb=None info={'period_batches': 1, 'stream_batches_seen': 1, 'buffer_size': 500, 'global_batch_id': 11}
2026-01-29 03:03:36,757 | INFO | EVENT retrain_fit batch_id=12 reason=periodic train_n=500 wall=0.019002914428710938 cpu=0.015625 rss_mb=None info={'period_batches': 1, 'stream_batches_seen': 2, 'buffer_size': 500, 'global_batch_id': 12}
2026-01-29 03:03:36,795 | INFO | EVENT retrain_fit batch_id=13 reason=periodic train_n=500 wall=0.016103029251098633 cpu=0.015625 rss_mb=None info={'period_batches': 1, 'stream_batches_seen': 3, 'buffer_size': 500, 'global_batch_id': 13}
2026-01-29 03:03:36,837 | INFO | EVENT retrain_fit batch_id=14 reason=periodic train_n=500 wall=0.0183103084564209 cpu=0.015625 rss_mb=None info={'period_batches': 1, 'stream_batches_seen': 4, 'buffer_size': 500, 'global_batch_id': 14}
2026-01-29 03:03:36,880 | INFO | EVENT retrain_fit batch_id=15 reason=periodic train_n=500 wall=0.019002199172973633 cpu=0.015625 rss_mb=None info={'period_batches': 1, 'stream_batches_seen': 5, 'buffer_size': 500, 'global_batch_id': 15}
2026-01-29 03:03:36,925 | INFO | EVENT retrain_fit batch_id=16 reason=periodic train_n=500 wall=0.020917654037475586 cpu=0.015625 rss_mb=None info={'period_batches': 1, 'stream_batches_seen': 6, 'buffer_size': 500, 'global_batch_id': 16}
2026-01-29 03:03:36,964 | INFO | EVENT retrain_fit batch_id=17 reason=periodic train_n=500 wall=0.01807999610900879 cpu=0.015625 rss_mb=None info={'period_batches': 1, 'stream_batches_seen': 7, 'buffer_size': 500, 'global_batch_id': 17}
2026-01-29 03:03:37,003 | INFO | EVENT retrain_fit batch_id=18 reason=periodic train_n=500 wall=0.01800227165222168 cpu=0.015625 rss_mb=None info={'period_batches': 1, 'stream_batches_seen': 8, 'buffer_size': 500, 'global_batch_id': 18}
2026-01-29 03:03:37,042 | INFO | EVENT retrain_fit batch_id=19 reason=periodic train_n=500 wall=0.017297744750976562 cpu=0.015625 rss_mb=None info={'period_batches': 1, 'stream_batches_seen': 9, 'buffer_size': 500, 'global_batch_id': 19}
2026-01-29 03:03:37,113 | INFO | EVENT retrain_fit batch_id=20 reason=periodic train_n=500 wall=0.01760578155517578 cpu=0.015625 rss_mb=None info={'period_batches': 1, 'stream_batches_seen': 10, 'buffer_size': 500, 'global_batch_id': 20}
2026-01-29 03:03:37,165 | INFO | EVENT retrain_fit batch_id=21 reason=periodic train_n=500 wall=0.026004314422607422 cpu=0.015625 rss_mb=None info={'period_batches': 1, 'stream_batches_seen': 11, 'buffer_size': 500, 'global_batch_id': 21}
2026-01-29 03:03:37,223 | INFO | EVENT retrain_fit batch_id=22 reason=periodic train_n=500 wall=0.02499866485595703 cpu=0.015625 rss_mb=None info={'period_batches': 1, 'stream_batches_seen': 12, 'buffer_size': 500, 'global_batch_id': 22}
2026-01-29 03:03:37,271 | INFO | EVENT retrain_fit batch_id=23 reason=periodic train_n=500 wall=0.021999120712280273 cpu=0.015625 rss_mb=None info={'period_batches': 1, 'stream_batches_seen': 13, 'buffer_size': 500, 'global_batch_id': 23}
2026-01-29 03:03:37,323 | INFO | EVENT retrain_fit batch_id=24 reason=periodic train_n=500 wall=0.024001121520996094 cpu=0.03125 rss_mb=None info={'period_batches': 1, 'stream_batches_seen': 14, 'buffer_size': 500, 'global_batch_id': 24}
2026-01-29 03:03:37,372 | INFO | EVENT retrain_fit batch_id=25 reason=periodic train_n=500 wall=0.021001338958740234 cpu=0.03125 rss_mb=None info={'period_batches': 1, 'stream_batches_seen': 15, 'buffer_size': 500, 'global_batch_id': 25}
2026-01-29 03:03:37,420 | INFO | EVENT retrain_fit batch_id=26 reason=periodic train_n=500 wall=0.02299785614013672 cpu=0.03125 rss_mb=None info={'period_batches': 1, 'stream_batches_seen': 16, 'buffer_size': 500, 'global_batch_id': 26}
2026-01-29 03:03:37,471 | INFO | EVENT retrain_fit batch_id=27 reason=periodic train_n=500 wall=0.023000717163085938 cpu=0.015625 rss_mb=None info={'period_batches': 1, 'stream_batches_seen': 17, 'buffer_size': 500, 'global_batch_id': 27}
2026-01-29 03:03:37,519 | INFO | EVENT retrain_fit batch_id=28 reason=periodic train_n=500 wall=0.021994829177856445 cpu=0.015625 rss_mb=None info={'period_batches': 1, 'stream_batches_seen': 18, 'buffer_size': 500, 'global_batch_id': 28}
2026-01-29 03:03:37,566 | INFO | EVENT retrain_fit batch_id=29 reason=periodic train_n=500 wall=0.02300262451171875 cpu=0.015625 rss_mb=None info={'period_batches': 1, 'stream_batches_seen': 19, 'buffer_size': 500, 'global_batch_id': 29}
2026-01-29 03:03:37,611 | INFO | EVENT retrain_fit batch_id=30 reason=periodic train_n=500 wall=0.020998716354370117 cpu=0.015625 rss_mb=None info={'period_batches': 1, 'stream_batches_seen': 20, 'buffer_size': 500, 'global_batch_id': 30}
2026-01-29 03:03:37,660 | INFO | EVENT retrain_fit batch_id=31 reason=periodic train_n=500 wall=0.023000001907348633 cpu=0.015625 rss_mb=None info={'period_batches': 1, 'stream_batches_seen': 21, 'buffer_size': 500, 'global_batch_id': 31}
2026-01-29 03:03:37,709 | INFO | EVENT retrain_fit batch_id=32 reason=periodic train_n=500 wall=0.022998809814453125 cpu=0.015625 rss_mb=None info={'period_batches': 1, 'stream_batches_seen': 22, 'buffer_size': 500, 'global_batch_id': 32}
2026-01-29 03:03:37,762 | INFO | EVENT retrain_fit batch_id=33 reason=periodic train_n=500 wall=0.024895191192626953 cpu=0.03125 rss_mb=None info={'period_batches': 1, 'stream_batches_seen': 23, 'buffer_size': 500, 'global_batch_id': 33}
2026-01-29 03:03:37,816 | INFO | EVENT retrain_fit batch_id=34 reason=periodic train_n=500 wall=0.025000572204589844 cpu=0.015625 rss_mb=None info={'period_batches': 1, 'stream_batches_seen': 24, 'buffer_size': 500, 'global_batch_id': 34}
2026-01-29 03:03:37,867 | INFO | EVENT retrain_fit batch_id=35 reason=periodic train_n=500 wall=0.02300095558166504 cpu=0.015625 rss_mb=None info={'period_batches': 1, 'stream_batches_seen': 25, 'buffer_size': 500, 'global_batch_id': 35}
2026-01-29 03:03:37,917 | INFO | EVENT retrain_fit batch_id=36 reason=periodic train_n=500 wall=0.022640228271484375 cpu=0.03125 rss_mb=None info={'period_batches': 1, 'stream_batches_seen': 26, 'buffer_size': 500, 'global_batch_id': 36}
2026-01-29 03:03:37,963 | INFO | EVENT retrain_fit batch_id=37 reason=periodic train_n=500 wall=0.019809961318969727 cpu=0.03125 rss_mb=None info={'period_batches': 1, 'stream_batches_seen': 27, 'buffer_size': 500, 'global_batch_id': 37}
2026-01-29 03:03:38,010 | INFO | EVENT retrain_fit batch_id=38 reason=periodic train_n=500 wall=0.02234172821044922 cpu=0.03125 rss_mb=None info={'period_batches': 1, 'stream_batches_seen': 28, 'buffer_size': 500, 'global_batch_id': 38}
2026-01-29 03:03:38,057 | INFO | EVENT retrain_fit batch_id=39 reason=periodic train_n=500 wall=0.022000789642333984 cpu=0.03125 rss_mb=None info={'period_batches': 1, 'stream_batches_seen': 29, 'buffer_size': 500, 'global_batch_id': 39}
2026-01-29 03:03:38,105 | INFO | EVENT retrain_fit batch_id=40 reason=periodic train_n=500 wall=0.023000478744506836 cpu=0.03125 rss_mb=None info={'period_batches': 1, 'stream_batches_seen': 30, 'buffer_size': 500, 'global_batch_id': 40}
2026-01-29 03:03:38,154 | INFO | EVENT retrain_fit batch_id=41 reason=periodic train_n=500 wall=0.0229947566986084 cpu=0.03125 rss_mb=None info={'period_batches': 1, 'stream_batches_seen': 31, 'buffer_size': 500, 'global_batch_id': 41}
2026-01-29 03:03:38,213 | INFO | EVENT retrain_fit batch_id=42 reason=periodic train_n=500 wall=0.028001070022583008 cpu=0.03125 rss_mb=None info={'period_batches': 1, 'stream_batches_seen': 32, 'buffer_size': 500, 'global_batch_id': 42}
2026-01-29 03:03:38,276 | INFO | EVENT retrain_fit batch_id=43 reason=periodic train_n=500 wall=0.0280001163482666 cpu=0.03125 rss_mb=None info={'period_batches': 1, 'stream_batches_seen': 33, 'buffer_size': 500, 'global_batch_id': 43}
2026-01-29 03:03:38,340 | INFO | EVENT retrain_fit batch_id=44 reason=periodic train_n=500 wall=0.031998634338378906 cpu=0.03125 rss_mb=None info={'period_batches': 1, 'stream_batches_seen': 34, 'buffer_size': 500, 'global_batch_id': 44}
2026-01-29 03:03:38,409 | INFO | EVENT retrain_fit batch_id=45 reason=periodic train_n=500 wall=0.03264164924621582 cpu=0.03125 rss_mb=None info={'period_batches': 1, 'stream_batches_seen': 35, 'buffer_size': 500, 'global_batch_id': 45}
2026-01-29 03:03:38,409 | INFO | Run finished. total={'wall_sec': 3.9123620986938477, 'cpu_sec': 3.828125, 'cpu_pct': 97.84689922433381, 'rss_mb': None} peak_rss_mb=None
