2026-01-28 04:06:40,953 | INFO | Run started: run_id=BE_sudden__retrain_p1_last_window_wb1_update__040640
2026-01-28 04:06:40,953 | INFO | run_dir=C:\Poly\Diploma\v2\outputs\20260128_040620__domain_sudden_pa\runs\BE_sudden__retrain_p1_last_window_wb1_update__040640
2026-01-28 04:06:41,257 | INFO | EVENT pretrain_fit batch_id=None reason=pretrain train_n=2500 wall=0.0411067008972168 cpu=0.046875 rss_mb=None info={'pretrain_batches': 5, 'pre_acc': 1.0, 'pre_f1_macro': 1.0}
2026-01-28 04:06:41,276 | INFO | EVENT retrain_update batch_id=6 reason=periodic train_n=500 wall=0.00800013542175293 cpu=0.0 rss_mb=None info={'period_batches': 1, 'stream_batches_seen': 1, 'buffer_size': 500, 'global_batch_id': 6}
2026-01-28 04:06:41,307 | INFO | EVENT retrain_update batch_id=7 reason=periodic train_n=500 wall=0.009001970291137695 cpu=0.0 rss_mb=None info={'period_batches': 1, 'stream_batches_seen': 2, 'buffer_size': 500, 'global_batch_id': 7}
2026-01-28 04:06:41,329 | INFO | EVENT retrain_update batch_id=8 reason=periodic train_n=500 wall=0.00899958610534668 cpu=0.015625 rss_mb=None info={'period_batches': 1, 'stream_batches_seen': 3, 'buffer_size': 500, 'global_batch_id': 8}
2026-01-28 04:06:41,347 | INFO | EVENT retrain_update batch_id=9 reason=periodic train_n=500 wall=0.008000612258911133 cpu=0.0 rss_mb=None info={'period_batches': 1, 'stream_batches_seen': 4, 'buffer_size': 500, 'global_batch_id': 9}
2026-01-28 04:06:41,365 | INFO | EVENT retrain_update batch_id=10 reason=periodic train_n=500 wall=0.007000446319580078 cpu=0.0 rss_mb=None info={'period_batches': 1, 'stream_batches_seen': 5, 'buffer_size': 500, 'global_batch_id': 10}
2026-01-28 04:06:41,385 | INFO | EVENT retrain_update batch_id=11 reason=periodic train_n=500 wall=0.007995128631591797 cpu=0.0 rss_mb=None info={'period_batches': 1, 'stream_batches_seen': 6, 'buffer_size': 500, 'global_batch_id': 11}
2026-01-28 04:06:41,405 | INFO | EVENT retrain_update batch_id=12 reason=periodic train_n=500 wall=0.008001565933227539 cpu=0.015625 rss_mb=None info={'period_batches': 1, 'stream_batches_seen': 7, 'buffer_size': 500, 'global_batch_id': 12}
2026-01-28 04:06:41,423 | INFO | EVENT retrain_update batch_id=13 reason=periodic train_n=500 wall=0.007999658584594727 cpu=0.015625 rss_mb=None info={'period_batches': 1, 'stream_batches_seen': 8, 'buffer_size': 500, 'global_batch_id': 13}
2026-01-28 04:06:41,441 | INFO | EVENT retrain_update batch_id=14 reason=periodic train_n=500 wall=0.008000612258911133 cpu=0.0 rss_mb=None info={'period_batches': 1, 'stream_batches_seen': 9, 'buffer_size': 500, 'global_batch_id': 14}
2026-01-28 04:06:41,461 | INFO | EVENT retrain_update batch_id=15 reason=periodic train_n=500 wall=0.007999420166015625 cpu=0.0 rss_mb=None info={'period_batches': 1, 'stream_batches_seen': 10, 'buffer_size': 500, 'global_batch_id': 15}
2026-01-28 04:06:41,476 | INFO | EVENT retrain_update batch_id=16 reason=periodic train_n=500 wall=0.0059986114501953125 cpu=0.0 rss_mb=None info={'period_batches': 1, 'stream_batches_seen': 11, 'buffer_size': 500, 'global_batch_id': 16}
2026-01-28 04:06:41,491 | INFO | EVENT retrain_update batch_id=17 reason=periodic train_n=500 wall=0.006140232086181641 cpu=0.0 rss_mb=None info={'period_batches': 1, 'stream_batches_seen': 12, 'buffer_size': 500, 'global_batch_id': 17}
2026-01-28 04:06:41,506 | INFO | EVENT retrain_update batch_id=18 reason=periodic train_n=500 wall=0.004999876022338867 cpu=0.0 rss_mb=None info={'period_batches': 1, 'stream_batches_seen': 13, 'buffer_size': 500, 'global_batch_id': 18}
2026-01-28 04:06:41,520 | INFO | EVENT retrain_update batch_id=19 reason=periodic train_n=500 wall=0.0060002803802490234 cpu=0.0 rss_mb=None info={'period_batches': 1, 'stream_batches_seen': 14, 'buffer_size': 500, 'global_batch_id': 19}
2026-01-28 04:06:41,534 | INFO | EVENT retrain_update batch_id=20 reason=periodic train_n=500 wall=0.004998683929443359 cpu=0.0 rss_mb=None info={'period_batches': 1, 'stream_batches_seen': 15, 'buffer_size': 500, 'global_batch_id': 20}
2026-01-28 04:06:41,548 | INFO | EVENT retrain_update batch_id=21 reason=periodic train_n=500 wall=0.0057218074798583984 cpu=0.0 rss_mb=None info={'period_batches': 1, 'stream_batches_seen': 16, 'buffer_size': 500, 'global_batch_id': 21}
2026-01-28 04:06:41,563 | INFO | EVENT retrain_update batch_id=22 reason=periodic train_n=500 wall=0.005999088287353516 cpu=0.015625 rss_mb=None info={'period_batches': 1, 'stream_batches_seen': 17, 'buffer_size': 500, 'global_batch_id': 22}
2026-01-28 04:06:41,577 | INFO | EVENT retrain_update batch_id=23 reason=periodic train_n=500 wall=0.004998683929443359 cpu=0.015625 rss_mb=None info={'period_batches': 1, 'stream_batches_seen': 18, 'buffer_size': 500, 'global_batch_id': 23}
2026-01-28 04:06:41,591 | INFO | EVENT retrain_update batch_id=24 reason=periodic train_n=500 wall=0.005812406539916992 cpu=0.015625 rss_mb=None info={'period_batches': 1, 'stream_batches_seen': 19, 'buffer_size': 500, 'global_batch_id': 24}
2026-01-28 04:06:41,607 | INFO | EVENT retrain_update batch_id=25 reason=periodic train_n=500 wall=0.005999088287353516 cpu=0.015625 rss_mb=None info={'period_batches': 1, 'stream_batches_seen': 20, 'buffer_size': 500, 'global_batch_id': 25}
2026-01-28 04:06:41,621 | INFO | EVENT retrain_update batch_id=26 reason=periodic train_n=500 wall=0.004998922348022461 cpu=0.015625 rss_mb=None info={'period_batches': 1, 'stream_batches_seen': 21, 'buffer_size': 500, 'global_batch_id': 26}
2026-01-28 04:06:41,634 | INFO | EVENT retrain_update batch_id=27 reason=periodic train_n=500 wall=0.004998445510864258 cpu=0.0 rss_mb=None info={'period_batches': 1, 'stream_batches_seen': 22, 'buffer_size': 500, 'global_batch_id': 27}
2026-01-28 04:06:41,650 | INFO | EVENT retrain_update batch_id=28 reason=periodic train_n=500 wall=0.005998849868774414 cpu=0.0 rss_mb=None info={'period_batches': 1, 'stream_batches_seen': 23, 'buffer_size': 500, 'global_batch_id': 28}
2026-01-28 04:06:41,665 | INFO | EVENT retrain_update batch_id=29 reason=periodic train_n=500 wall=0.005997896194458008 cpu=0.0 rss_mb=None info={'period_batches': 1, 'stream_batches_seen': 24, 'buffer_size': 500, 'global_batch_id': 29}
2026-01-28 04:06:41,682 | INFO | EVENT retrain_update batch_id=30 reason=periodic train_n=500 wall=0.005997419357299805 cpu=0.0 rss_mb=None info={'period_batches': 1, 'stream_batches_seen': 25, 'buffer_size': 500, 'global_batch_id': 30}
2026-01-28 04:06:41,697 | INFO | EVENT retrain_update batch_id=31 reason=periodic train_n=500 wall=0.004998922348022461 cpu=0.0 rss_mb=None info={'period_batches': 1, 'stream_batches_seen': 26, 'buffer_size': 500, 'global_batch_id': 31}
2026-01-28 04:06:41,710 | INFO | EVENT retrain_update batch_id=32 reason=periodic train_n=500 wall=0.0049970149993896484 cpu=0.0 rss_mb=None info={'period_batches': 1, 'stream_batches_seen': 27, 'buffer_size': 500, 'global_batch_id': 32}
2026-01-28 04:06:41,725 | INFO | EVENT retrain_update batch_id=33 reason=periodic train_n=500 wall=0.006000995635986328 cpu=0.0 rss_mb=None info={'period_batches': 1, 'stream_batches_seen': 28, 'buffer_size': 500, 'global_batch_id': 33}
2026-01-28 04:06:41,741 | INFO | EVENT retrain_update batch_id=34 reason=periodic train_n=500 wall=0.0060007572174072266 cpu=0.0 rss_mb=None info={'period_batches': 1, 'stream_batches_seen': 29, 'buffer_size': 500, 'global_batch_id': 34}
2026-01-28 04:06:41,756 | INFO | EVENT retrain_update batch_id=35 reason=periodic train_n=500 wall=0.005997419357299805 cpu=0.0 rss_mb=None info={'period_batches': 1, 'stream_batches_seen': 30, 'buffer_size': 500, 'global_batch_id': 35}
2026-01-28 04:06:41,770 | INFO | EVENT retrain_update batch_id=36 reason=periodic train_n=500 wall=0.006000518798828125 cpu=0.0 rss_mb=None info={'period_batches': 1, 'stream_batches_seen': 31, 'buffer_size': 500, 'global_batch_id': 36}
2026-01-28 04:06:41,785 | INFO | EVENT retrain_update batch_id=37 reason=periodic train_n=500 wall=0.00499725341796875 cpu=0.0 rss_mb=None info={'period_batches': 1, 'stream_batches_seen': 32, 'buffer_size': 500, 'global_batch_id': 37}
2026-01-28 04:06:41,801 | INFO | EVENT retrain_update batch_id=38 reason=periodic train_n=500 wall=0.005999326705932617 cpu=0.0 rss_mb=None info={'period_batches': 1, 'stream_batches_seen': 33, 'buffer_size': 500, 'global_batch_id': 38}
2026-01-28 04:06:41,816 | INFO | EVENT retrain_update batch_id=39 reason=periodic train_n=500 wall=0.005999088287353516 cpu=0.0 rss_mb=None info={'period_batches': 1, 'stream_batches_seen': 34, 'buffer_size': 500, 'global_batch_id': 39}
2026-01-28 04:06:41,831 | INFO | EVENT retrain_update batch_id=40 reason=periodic train_n=500 wall=0.006000518798828125 cpu=0.0 rss_mb=None info={'period_batches': 1, 'stream_batches_seen': 35, 'buffer_size': 500, 'global_batch_id': 40}
2026-01-28 04:06:41,847 | INFO | EVENT retrain_update batch_id=41 reason=periodic train_n=500 wall=0.006997346878051758 cpu=0.0 rss_mb=None info={'period_batches': 1, 'stream_batches_seen': 36, 'buffer_size': 500, 'global_batch_id': 41}
2026-01-28 04:06:41,862 | INFO | EVENT retrain_update batch_id=42 reason=periodic train_n=500 wall=0.0060007572174072266 cpu=0.0 rss_mb=None info={'period_batches': 1, 'stream_batches_seen': 37, 'buffer_size': 500, 'global_batch_id': 42}
2026-01-28 04:06:41,876 | INFO | EVENT retrain_update batch_id=43 reason=periodic train_n=500 wall=0.004999399185180664 cpu=0.0 rss_mb=None info={'period_batches': 1, 'stream_batches_seen': 38, 'buffer_size': 500, 'global_batch_id': 43}
2026-01-28 04:06:41,892 | INFO | EVENT retrain_update batch_id=44 reason=periodic train_n=500 wall=0.005999088287353516 cpu=0.015625 rss_mb=None info={'period_batches': 1, 'stream_batches_seen': 39, 'buffer_size': 500, 'global_batch_id': 44}
2026-01-28 04:06:41,907 | INFO | EVENT retrain_update batch_id=45 reason=periodic train_n=500 wall=0.0060024261474609375 cpu=0.015625 rss_mb=None info={'period_batches': 1, 'stream_batches_seen': 40, 'buffer_size': 500, 'global_batch_id': 45}
2026-01-28 04:06:41,907 | INFO | Run finished. total={'wall_sec': 0.9540843963623047, 'cpu_sec': 0.921875, 'cpu_pct': 96.62405165778715, 'rss_mb': None} peak_rss_mb=None
