2026-01-28 04:08:08,154 | INFO | Run started: run_id=BE_sudden__retrain_p1_last_window_wb1_update__040808
2026-01-28 04:08:08,154 | INFO | run_dir=C:\Poly\Diploma\v2\outputs\20260128_040749__domain_sudden_nb\runs\BE_sudden__retrain_p1_last_window_wb1_update__040808
2026-01-28 04:08:08,468 | INFO | EVENT pretrain_fit batch_id=None reason=pretrain train_n=2500 wall=0.03389692306518555 cpu=0.03125 rss_mb=None info={'pretrain_batches': 5, 'pre_acc': 0.9432, 'pre_f1_macro': 0.846040686892728}
2026-01-28 04:08:08,489 | INFO | EVENT retrain_update batch_id=6 reason=periodic train_n=500 wall=0.008029937744140625 cpu=0.0 rss_mb=None info={'period_batches': 1, 'stream_batches_seen': 1, 'buffer_size': 500, 'global_batch_id': 6}
2026-01-28 04:08:08,522 | INFO | EVENT retrain_update batch_id=7 reason=periodic train_n=500 wall=0.008397340774536133 cpu=0.0 rss_mb=None info={'period_batches': 1, 'stream_batches_seen': 2, 'buffer_size': 500, 'global_batch_id': 7}
2026-01-28 04:08:08,543 | INFO | EVENT retrain_update batch_id=8 reason=periodic train_n=500 wall=0.003939151763916016 cpu=0.015625 rss_mb=None info={'period_batches': 1, 'stream_batches_seen': 3, 'buffer_size': 500, 'global_batch_id': 8}
2026-01-28 04:08:08,564 | INFO | EVENT retrain_update batch_id=9 reason=periodic train_n=500 wall=0.007266998291015625 cpu=0.015625 rss_mb=None info={'period_batches': 1, 'stream_batches_seen': 4, 'buffer_size': 500, 'global_batch_id': 9}
2026-01-28 04:08:08,578 | INFO | EVENT retrain_update batch_id=10 reason=periodic train_n=500 wall=0.0024220943450927734 cpu=0.0 rss_mb=None info={'period_batches': 1, 'stream_batches_seen': 5, 'buffer_size': 500, 'global_batch_id': 10}
2026-01-28 04:08:08,602 | INFO | EVENT retrain_update batch_id=11 reason=periodic train_n=500 wall=0.010829687118530273 cpu=0.0 rss_mb=None info={'period_batches': 1, 'stream_batches_seen': 6, 'buffer_size': 500, 'global_batch_id': 11}
2026-01-28 04:08:08,620 | INFO | EVENT retrain_update batch_id=12 reason=periodic train_n=500 wall=0.0077457427978515625 cpu=0.015625 rss_mb=None info={'period_batches': 1, 'stream_batches_seen': 7, 'buffer_size': 500, 'global_batch_id': 12}
2026-01-28 04:08:08,640 | INFO | EVENT retrain_update batch_id=13 reason=periodic train_n=500 wall=0.001905202865600586 cpu=0.015625 rss_mb=None info={'period_batches': 1, 'stream_batches_seen': 8, 'buffer_size': 500, 'global_batch_id': 13}
2026-01-28 04:08:08,658 | INFO | EVENT retrain_update batch_id=14 reason=periodic train_n=500 wall=0.0108642578125 cpu=0.015625 rss_mb=None info={'period_batches': 1, 'stream_batches_seen': 9, 'buffer_size': 500, 'global_batch_id': 14}
2026-01-28 04:08:08,678 | INFO | EVENT retrain_update batch_id=15 reason=periodic train_n=500 wall=0.0079803466796875 cpu=0.0 rss_mb=None info={'period_batches': 1, 'stream_batches_seen': 10, 'buffer_size': 500, 'global_batch_id': 15}
2026-01-28 04:08:08,689 | INFO | EVENT retrain_update batch_id=16 reason=periodic train_n=500 wall=0.0019295215606689453 cpu=0.0 rss_mb=None info={'period_batches': 1, 'stream_batches_seen': 11, 'buffer_size': 500, 'global_batch_id': 16}
2026-01-28 04:08:08,703 | INFO | EVENT retrain_update batch_id=17 reason=periodic train_n=500 wall=0.0034253597259521484 cpu=0.0 rss_mb=None info={'period_batches': 1, 'stream_batches_seen': 12, 'buffer_size': 500, 'global_batch_id': 17}
2026-01-28 04:08:08,716 | INFO | EVENT retrain_update batch_id=18 reason=periodic train_n=500 wall=0.0 cpu=0.0 rss_mb=None info={'period_batches': 1, 'stream_batches_seen': 13, 'buffer_size': 500, 'global_batch_id': 18}
2026-01-28 04:08:08,739 | INFO | EVENT retrain_update batch_id=19 reason=periodic train_n=500 wall=0.005998373031616211 cpu=0.0 rss_mb=None info={'period_batches': 1, 'stream_batches_seen': 14, 'buffer_size': 500, 'global_batch_id': 19}
2026-01-28 04:08:08,753 | INFO | EVENT retrain_update batch_id=20 reason=periodic train_n=500 wall=0.006000518798828125 cpu=0.0 rss_mb=None info={'period_batches': 1, 'stream_batches_seen': 15, 'buffer_size': 500, 'global_batch_id': 20}
2026-01-28 04:08:08,768 | INFO | EVENT retrain_update batch_id=21 reason=periodic train_n=500 wall=0.005174398422241211 cpu=0.0 rss_mb=None info={'period_batches': 1, 'stream_batches_seen': 16, 'buffer_size': 500, 'global_batch_id': 21}
2026-01-28 04:08:08,782 | INFO | EVENT retrain_update batch_id=22 reason=periodic train_n=500 wall=0.005998134613037109 cpu=0.0 rss_mb=None info={'period_batches': 1, 'stream_batches_seen': 17, 'buffer_size': 500, 'global_batch_id': 22}
2026-01-28 04:08:08,796 | INFO | EVENT retrain_update batch_id=23 reason=periodic train_n=500 wall=0.004999876022338867 cpu=0.015625 rss_mb=None info={'period_batches': 1, 'stream_batches_seen': 18, 'buffer_size': 500, 'global_batch_id': 23}
2026-01-28 04:08:08,810 | INFO | EVENT retrain_update batch_id=24 reason=periodic train_n=500 wall=0.004999399185180664 cpu=0.015625 rss_mb=None info={'period_batches': 1, 'stream_batches_seen': 19, 'buffer_size': 500, 'global_batch_id': 24}
2026-01-28 04:08:08,826 | INFO | EVENT retrain_update batch_id=25 reason=periodic train_n=500 wall=0.0064697265625 cpu=0.015625 rss_mb=None info={'period_batches': 1, 'stream_batches_seen': 20, 'buffer_size': 500, 'global_batch_id': 25}
2026-01-28 04:08:08,840 | INFO | EVENT retrain_update batch_id=26 reason=periodic train_n=500 wall=0.005997419357299805 cpu=0.015625 rss_mb=None info={'period_batches': 1, 'stream_batches_seen': 21, 'buffer_size': 500, 'global_batch_id': 26}
2026-01-28 04:08:08,855 | INFO | EVENT retrain_update batch_id=27 reason=periodic train_n=500 wall=0.004998922348022461 cpu=0.0 rss_mb=None info={'period_batches': 1, 'stream_batches_seen': 22, 'buffer_size': 500, 'global_batch_id': 27}
2026-01-28 04:08:08,870 | INFO | EVENT retrain_update batch_id=28 reason=periodic train_n=500 wall=0.006998538970947266 cpu=0.0 rss_mb=None info={'period_batches': 1, 'stream_batches_seen': 23, 'buffer_size': 500, 'global_batch_id': 28}
2026-01-28 04:08:08,884 | INFO | EVENT retrain_update batch_id=29 reason=periodic train_n=500 wall=0.006000041961669922 cpu=0.0 rss_mb=None info={'period_batches': 1, 'stream_batches_seen': 24, 'buffer_size': 500, 'global_batch_id': 29}
2026-01-28 04:08:08,899 | INFO | EVENT retrain_update batch_id=30 reason=periodic train_n=500 wall=0.005998373031616211 cpu=0.0 rss_mb=None info={'period_batches': 1, 'stream_batches_seen': 25, 'buffer_size': 500, 'global_batch_id': 30}
2026-01-28 04:08:08,914 | INFO | EVENT retrain_update batch_id=31 reason=periodic train_n=500 wall=0.0070002079010009766 cpu=0.0 rss_mb=None info={'period_batches': 1, 'stream_batches_seen': 26, 'buffer_size': 500, 'global_batch_id': 31}
2026-01-28 04:08:08,928 | INFO | EVENT retrain_update batch_id=32 reason=periodic train_n=500 wall=0.00500035285949707 cpu=0.0 rss_mb=None info={'period_batches': 1, 'stream_batches_seen': 27, 'buffer_size': 500, 'global_batch_id': 32}
2026-01-28 04:08:08,943 | INFO | EVENT retrain_update batch_id=33 reason=periodic train_n=500 wall=0.004998445510864258 cpu=0.0 rss_mb=None info={'period_batches': 1, 'stream_batches_seen': 28, 'buffer_size': 500, 'global_batch_id': 33}
2026-01-28 04:08:08,959 | INFO | EVENT retrain_update batch_id=34 reason=periodic train_n=500 wall=0.005997180938720703 cpu=0.0 rss_mb=None info={'period_batches': 1, 'stream_batches_seen': 29, 'buffer_size': 500, 'global_batch_id': 34}
2026-01-28 04:08:08,972 | INFO | EVENT retrain_update batch_id=35 reason=periodic train_n=500 wall=0.004998683929443359 cpu=0.0 rss_mb=None info={'period_batches': 1, 'stream_batches_seen': 30, 'buffer_size': 500, 'global_batch_id': 35}
2026-01-28 04:08:08,987 | INFO | EVENT retrain_update batch_id=36 reason=periodic train_n=500 wall=0.0059967041015625 cpu=0.0 rss_mb=None info={'period_batches': 1, 'stream_batches_seen': 31, 'buffer_size': 500, 'global_batch_id': 36}
2026-01-28 04:08:09,001 | INFO | EVENT retrain_update batch_id=37 reason=periodic train_n=500 wall=0.00600123405456543 cpu=0.0 rss_mb=None info={'period_batches': 1, 'stream_batches_seen': 32, 'buffer_size': 500, 'global_batch_id': 37}
2026-01-28 04:08:09,016 | INFO | EVENT retrain_update batch_id=38 reason=periodic train_n=500 wall=0.004998683929443359 cpu=0.015625 rss_mb=None info={'period_batches': 1, 'stream_batches_seen': 33, 'buffer_size': 500, 'global_batch_id': 38}
2026-01-28 04:08:09,030 | INFO | EVENT retrain_update batch_id=39 reason=periodic train_n=500 wall=0.0059969425201416016 cpu=0.015625 rss_mb=None info={'period_batches': 1, 'stream_batches_seen': 34, 'buffer_size': 500, 'global_batch_id': 39}
2026-01-28 04:08:09,044 | INFO | EVENT retrain_update batch_id=40 reason=periodic train_n=500 wall=0.00500035285949707 cpu=0.015625 rss_mb=None info={'period_batches': 1, 'stream_batches_seen': 35, 'buffer_size': 500, 'global_batch_id': 40}
2026-01-28 04:08:09,062 | INFO | EVENT retrain_update batch_id=41 reason=periodic train_n=500 wall=0.00599980354309082 cpu=0.015625 rss_mb=None info={'period_batches': 1, 'stream_batches_seen': 36, 'buffer_size': 500, 'global_batch_id': 41}
2026-01-28 04:08:09,076 | INFO | EVENT retrain_update batch_id=42 reason=periodic train_n=500 wall=0.005995750427246094 cpu=0.015625 rss_mb=None info={'period_batches': 1, 'stream_batches_seen': 37, 'buffer_size': 500, 'global_batch_id': 42}
2026-01-28 04:08:09,091 | INFO | EVENT retrain_update batch_id=43 reason=periodic train_n=500 wall=0.00600123405456543 cpu=0.015625 rss_mb=None info={'period_batches': 1, 'stream_batches_seen': 38, 'buffer_size': 500, 'global_batch_id': 43}
2026-01-28 04:08:09,106 | INFO | EVENT retrain_update batch_id=44 reason=periodic train_n=500 wall=0.00599980354309082 cpu=0.0 rss_mb=None info={'period_batches': 1, 'stream_batches_seen': 39, 'buffer_size': 500, 'global_batch_id': 44}
2026-01-28 04:08:09,121 | INFO | EVENT retrain_update batch_id=45 reason=periodic train_n=500 wall=0.005998849868774414 cpu=0.015625 rss_mb=None info={'period_batches': 1, 'stream_batches_seen': 40, 'buffer_size': 500, 'global_batch_id': 45}
2026-01-28 04:08:09,121 | INFO | Run finished. total={'wall_sec': 0.9673435688018799, 'cpu_sec': 0.921875, 'cpu_pct': 95.2996463440393, 'rss_mb': None} peak_rss_mb=None
