2026-01-29 02:47:55,165 | INFO | Run started: run_id=cfpb_company_sudden__retrain_p1_last_window_wb1_fit__024755
2026-01-29 02:47:55,165 | INFO | run_dir=C:\Poly\Diploma\v2\outputs\20260129_024542__cfpb_gradual_lr\runs\cfpb_company_sudden__retrain_p1_last_window_wb1_fit__024755
2026-01-29 02:47:58,046 | INFO | EVENT pretrain_fit batch_id=None reason=pretrain train_n=5000 wall=0.6792631149291992 cpu=0.6875 rss_mb=None info={'pretrain_batches': 10, 'pre_acc': 0.7616, 'pre_f1_macro': 0.556067159761591}
2026-01-29 02:47:58,141 | INFO | EVENT retrain_fit batch_id=11 reason=periodic train_n=500 wall=0.06949281692504883 cpu=0.0625 rss_mb=None info={'period_batches': 1, 'stream_batches_seen': 1, 'buffer_size': 500, 'global_batch_id': 11}
2026-01-29 02:47:58,260 | INFO | EVENT retrain_fit batch_id=12 reason=periodic train_n=500 wall=0.09226012229919434 cpu=0.09375 rss_mb=None info={'period_batches': 1, 'stream_batches_seen': 2, 'buffer_size': 500, 'global_batch_id': 12}
2026-01-29 02:47:58,343 | INFO | EVENT retrain_fit batch_id=13 reason=periodic train_n=500 wall=0.060031890869140625 cpu=0.0625 rss_mb=None info={'period_batches': 1, 'stream_batches_seen': 3, 'buffer_size': 500, 'global_batch_id': 13}
2026-01-29 02:47:58,466 | INFO | EVENT retrain_fit batch_id=14 reason=periodic train_n=500 wall=0.09753632545471191 cpu=0.09375 rss_mb=None info={'period_batches': 1, 'stream_batches_seen': 4, 'buffer_size': 500, 'global_batch_id': 14}
2026-01-29 02:47:58,567 | INFO | EVENT retrain_fit batch_id=15 reason=periodic train_n=500 wall=0.07506060600280762 cpu=0.078125 rss_mb=None info={'period_batches': 1, 'stream_batches_seen': 5, 'buffer_size': 500, 'global_batch_id': 15}
2026-01-29 02:47:58,699 | INFO | EVENT retrain_fit batch_id=16 reason=periodic train_n=500 wall=0.10737061500549316 cpu=0.09375 rss_mb=None info={'period_batches': 1, 'stream_batches_seen': 6, 'buffer_size': 500, 'global_batch_id': 16}
2026-01-29 02:47:58,798 | INFO | EVENT retrain_fit batch_id=17 reason=periodic train_n=500 wall=0.07107114791870117 cpu=0.0625 rss_mb=None info={'period_batches': 1, 'stream_batches_seen': 7, 'buffer_size': 500, 'global_batch_id': 17}
2026-01-29 02:47:58,929 | INFO | EVENT retrain_fit batch_id=18 reason=periodic train_n=500 wall=0.10742664337158203 cpu=0.109375 rss_mb=None info={'period_batches': 1, 'stream_batches_seen': 8, 'buffer_size': 500, 'global_batch_id': 18}
2026-01-29 02:47:59,017 | INFO | EVENT retrain_fit batch_id=19 reason=periodic train_n=500 wall=0.06360459327697754 cpu=0.0625 rss_mb=None info={'period_batches': 1, 'stream_batches_seen': 9, 'buffer_size': 500, 'global_batch_id': 19}
2026-01-29 02:47:59,102 | INFO | EVENT retrain_fit batch_id=20 reason=periodic train_n=500 wall=0.06004810333251953 cpu=0.0625 rss_mb=None info={'period_batches': 1, 'stream_batches_seen': 10, 'buffer_size': 500, 'global_batch_id': 20}
2026-01-29 02:47:59,258 | INFO | EVENT retrain_fit batch_id=21 reason=periodic train_n=500 wall=0.12441563606262207 cpu=0.125 rss_mb=None info={'period_batches': 1, 'stream_batches_seen': 11, 'buffer_size': 500, 'global_batch_id': 21}
2026-01-29 02:47:59,373 | INFO | EVENT retrain_fit batch_id=22 reason=periodic train_n=500 wall=0.0820014476776123 cpu=0.078125 rss_mb=None info={'period_batches': 1, 'stream_batches_seen': 12, 'buffer_size': 500, 'global_batch_id': 22}
2026-01-29 02:47:59,522 | INFO | EVENT retrain_fit batch_id=23 reason=periodic train_n=500 wall=0.11883091926574707 cpu=0.109375 rss_mb=None info={'period_batches': 1, 'stream_batches_seen': 13, 'buffer_size': 500, 'global_batch_id': 23}
2026-01-29 02:47:59,677 | INFO | EVENT retrain_fit batch_id=24 reason=periodic train_n=500 wall=0.12382340431213379 cpu=0.125 rss_mb=None info={'period_batches': 1, 'stream_batches_seen': 14, 'buffer_size': 500, 'global_batch_id': 24}
2026-01-29 02:47:59,791 | INFO | EVENT retrain_fit batch_id=25 reason=periodic train_n=500 wall=0.08604288101196289 cpu=0.09375 rss_mb=None info={'period_batches': 1, 'stream_batches_seen': 15, 'buffer_size': 500, 'global_batch_id': 25}
2026-01-29 02:47:59,939 | INFO | EVENT retrain_fit batch_id=26 reason=periodic train_n=500 wall=0.11677122116088867 cpu=0.109375 rss_mb=None info={'period_batches': 1, 'stream_batches_seen': 16, 'buffer_size': 500, 'global_batch_id': 26}
2026-01-29 02:48:00,053 | INFO | EVENT retrain_fit batch_id=27 reason=periodic train_n=500 wall=0.08455061912536621 cpu=0.09375 rss_mb=None info={'period_batches': 1, 'stream_batches_seen': 17, 'buffer_size': 500, 'global_batch_id': 27}
2026-01-29 02:48:00,196 | INFO | EVENT retrain_fit batch_id=28 reason=periodic train_n=500 wall=0.11418342590332031 cpu=0.125 rss_mb=None info={'period_batches': 1, 'stream_batches_seen': 18, 'buffer_size': 500, 'global_batch_id': 28}
2026-01-29 02:48:00,302 | INFO | EVENT retrain_fit batch_id=29 reason=periodic train_n=500 wall=0.07608366012573242 cpu=0.0625 rss_mb=None info={'period_batches': 1, 'stream_batches_seen': 19, 'buffer_size': 500, 'global_batch_id': 29}
2026-01-29 02:48:00,443 | INFO | EVENT retrain_fit batch_id=30 reason=periodic train_n=500 wall=0.11334085464477539 cpu=0.109375 rss_mb=None info={'period_batches': 1, 'stream_batches_seen': 20, 'buffer_size': 500, 'global_batch_id': 30}
2026-01-29 02:48:00,562 | INFO | EVENT retrain_fit batch_id=31 reason=periodic train_n=500 wall=0.08575201034545898 cpu=0.09375 rss_mb=None info={'period_batches': 1, 'stream_batches_seen': 21, 'buffer_size': 500, 'global_batch_id': 31}
2026-01-29 02:48:00,706 | INFO | EVENT retrain_fit batch_id=32 reason=periodic train_n=500 wall=0.11519694328308105 cpu=0.109375 rss_mb=None info={'period_batches': 1, 'stream_batches_seen': 22, 'buffer_size': 500, 'global_batch_id': 32}
2026-01-29 02:48:00,867 | INFO | EVENT retrain_fit batch_id=33 reason=periodic train_n=500 wall=0.12808656692504883 cpu=0.140625 rss_mb=None info={'period_batches': 1, 'stream_batches_seen': 23, 'buffer_size': 500, 'global_batch_id': 33}
2026-01-29 02:48:00,989 | INFO | EVENT retrain_fit batch_id=34 reason=periodic train_n=500 wall=0.08988618850708008 cpu=0.078125 rss_mb=None info={'period_batches': 1, 'stream_batches_seen': 24, 'buffer_size': 500, 'global_batch_id': 34}
2026-01-29 02:48:01,134 | INFO | EVENT retrain_fit batch_id=35 reason=periodic train_n=500 wall=0.1134498119354248 cpu=0.125 rss_mb=None info={'period_batches': 1, 'stream_batches_seen': 25, 'buffer_size': 500, 'global_batch_id': 35}
2026-01-29 02:48:01,287 | INFO | EVENT retrain_fit batch_id=36 reason=periodic train_n=500 wall=0.1194913387298584 cpu=0.109375 rss_mb=None info={'period_batches': 1, 'stream_batches_seen': 26, 'buffer_size': 500, 'global_batch_id': 36}
2026-01-29 02:48:01,396 | INFO | EVENT retrain_fit batch_id=37 reason=periodic train_n=500 wall=0.07983613014221191 cpu=0.078125 rss_mb=None info={'period_batches': 1, 'stream_batches_seen': 27, 'buffer_size': 500, 'global_batch_id': 37}
2026-01-29 02:48:01,534 | INFO | EVENT retrain_fit batch_id=38 reason=periodic train_n=500 wall=0.11037421226501465 cpu=0.125 rss_mb=None info={'period_batches': 1, 'stream_batches_seen': 28, 'buffer_size': 500, 'global_batch_id': 38}
2026-01-29 02:48:01,651 | INFO | EVENT retrain_fit batch_id=39 reason=periodic train_n=500 wall=0.08839845657348633 cpu=0.09375 rss_mb=None info={'period_batches': 1, 'stream_batches_seen': 29, 'buffer_size': 500, 'global_batch_id': 39}
2026-01-29 02:48:01,810 | INFO | EVENT retrain_fit batch_id=40 reason=periodic train_n=500 wall=0.12751460075378418 cpu=0.125 rss_mb=None info={'period_batches': 1, 'stream_batches_seen': 30, 'buffer_size': 500, 'global_batch_id': 40}
2026-01-29 02:48:01,923 | INFO | EVENT retrain_fit batch_id=41 reason=periodic train_n=500 wall=0.08558917045593262 cpu=0.078125 rss_mb=None info={'period_batches': 1, 'stream_batches_seen': 31, 'buffer_size': 500, 'global_batch_id': 41}
2026-01-29 02:48:02,070 | INFO | EVENT retrain_fit batch_id=42 reason=periodic train_n=500 wall=0.11610674858093262 cpu=0.125 rss_mb=None info={'period_batches': 1, 'stream_batches_seen': 32, 'buffer_size': 500, 'global_batch_id': 42}
2026-01-29 02:48:02,212 | INFO | EVENT retrain_fit batch_id=43 reason=periodic train_n=500 wall=0.11143946647644043 cpu=0.125 rss_mb=None info={'period_batches': 1, 'stream_batches_seen': 33, 'buffer_size': 500, 'global_batch_id': 43}
2026-01-29 02:48:02,312 | INFO | EVENT retrain_fit batch_id=44 reason=periodic train_n=500 wall=0.0736238956451416 cpu=0.078125 rss_mb=None info={'period_batches': 1, 'stream_batches_seen': 34, 'buffer_size': 500, 'global_batch_id': 44}
2026-01-29 02:48:02,455 | INFO | EVENT retrain_fit batch_id=45 reason=periodic train_n=500 wall=0.10919761657714844 cpu=0.125 rss_mb=None info={'period_batches': 1, 'stream_batches_seen': 35, 'buffer_size': 500, 'global_batch_id': 45}
2026-01-29 02:48:02,455 | INFO | Run finished. total={'wall_sec': 7.289935111999512, 'cpu_sec': 7.28125, 'cpu_pct': 99.88086160074023, 'rss_mb': None} peak_rss_mb=None
