2026-01-28 04:06:42,901 | INFO | Run started: run_id=BE_sudden__retrain_p2_last_window_wb2_update__040642
2026-01-28 04:06:42,901 | INFO | run_dir=C:\Poly\Diploma\v2\outputs\20260128_040620__domain_sudden_pa\runs\BE_sudden__retrain_p2_last_window_wb2_update__040642
2026-01-28 04:06:43,206 | INFO | EVENT pretrain_fit batch_id=None reason=pretrain train_n=2500 wall=0.0429987907409668 cpu=0.046875 rss_mb=None info={'pretrain_batches': 5, 'pre_acc': 1.0, 'pre_f1_macro': 1.0}
2026-01-28 04:06:43,254 | INFO | EVENT retrain_update batch_id=7 reason=periodic train_n=1000 wall=0.017002344131469727 cpu=0.015625 rss_mb=None info={'period_batches': 2, 'stream_batches_seen': 2, 'buffer_size': 1000, 'global_batch_id': 7}
2026-01-28 04:06:43,290 | INFO | EVENT retrain_update batch_id=9 reason=periodic train_n=1000 wall=0.013998031616210938 cpu=0.015625 rss_mb=None info={'period_batches': 2, 'stream_batches_seen': 4, 'buffer_size': 1000, 'global_batch_id': 9}
2026-01-28 04:06:43,328 | INFO | EVENT retrain_update batch_id=11 reason=periodic train_n=1000 wall=0.014999866485595703 cpu=0.015625 rss_mb=None info={'period_batches': 2, 'stream_batches_seen': 6, 'buffer_size': 1000, 'global_batch_id': 11}
2026-01-28 04:06:43,367 | INFO | EVENT retrain_update batch_id=13 reason=periodic train_n=1000 wall=0.015000581741333008 cpu=0.015625 rss_mb=None info={'period_batches': 2, 'stream_batches_seen': 8, 'buffer_size': 1000, 'global_batch_id': 13}
2026-01-28 04:06:43,400 | INFO | EVENT retrain_update batch_id=15 reason=periodic train_n=1000 wall=0.011747121810913086 cpu=0.015625 rss_mb=None info={'period_batches': 2, 'stream_batches_seen': 10, 'buffer_size': 1000, 'global_batch_id': 15}
2026-01-28 04:06:43,428 | INFO | EVENT retrain_update batch_id=17 reason=periodic train_n=1000 wall=0.00727081298828125 cpu=0.015625 rss_mb=None info={'period_batches': 2, 'stream_batches_seen': 12, 'buffer_size': 1000, 'global_batch_id': 17}
2026-01-28 04:06:43,463 | INFO | EVENT retrain_update batch_id=19 reason=periodic train_n=1000 wall=0.01356959342956543 cpu=0.0 rss_mb=None info={'period_batches': 2, 'stream_batches_seen': 14, 'buffer_size': 1000, 'global_batch_id': 19}
2026-01-28 04:06:43,490 | INFO | EVENT retrain_update batch_id=21 reason=periodic train_n=1000 wall=0.01118612289428711 cpu=0.015625 rss_mb=None info={'period_batches': 2, 'stream_batches_seen': 16, 'buffer_size': 1000, 'global_batch_id': 21}
2026-01-28 04:06:43,517 | INFO | EVENT retrain_update batch_id=23 reason=periodic train_n=1000 wall=0.010306835174560547 cpu=0.015625 rss_mb=None info={'period_batches': 2, 'stream_batches_seen': 18, 'buffer_size': 1000, 'global_batch_id': 23}
2026-01-28 04:06:43,539 | INFO | EVENT retrain_update batch_id=25 reason=periodic train_n=1000 wall=0.006121635437011719 cpu=0.015625 rss_mb=None info={'period_batches': 2, 'stream_batches_seen': 20, 'buffer_size': 1000, 'global_batch_id': 25}
2026-01-28 04:06:43,572 | INFO | EVENT retrain_update batch_id=27 reason=periodic train_n=1000 wall=0.010829448699951172 cpu=0.0 rss_mb=None info={'period_batches': 2, 'stream_batches_seen': 22, 'buffer_size': 1000, 'global_batch_id': 27}
2026-01-28 04:06:43,603 | INFO | EVENT retrain_update batch_id=29 reason=periodic train_n=1000 wall=0.015194892883300781 cpu=0.0 rss_mb=None info={'period_batches': 2, 'stream_batches_seen': 24, 'buffer_size': 1000, 'global_batch_id': 29}
2026-01-28 04:06:43,632 | INFO | EVENT retrain_update batch_id=31 reason=periodic train_n=1000 wall=0.011135578155517578 cpu=0.015625 rss_mb=None info={'period_batches': 2, 'stream_batches_seen': 26, 'buffer_size': 1000, 'global_batch_id': 31}
2026-01-28 04:06:43,661 | INFO | EVENT retrain_update batch_id=33 reason=periodic train_n=1000 wall=0.013955116271972656 cpu=0.015625 rss_mb=None info={'period_batches': 2, 'stream_batches_seen': 28, 'buffer_size': 1000, 'global_batch_id': 33}
2026-01-28 04:06:43,691 | INFO | EVENT retrain_update batch_id=35 reason=periodic train_n=1000 wall=0.012344121932983398 cpu=0.015625 rss_mb=None info={'period_batches': 2, 'stream_batches_seen': 30, 'buffer_size': 1000, 'global_batch_id': 35}
2026-01-28 04:06:43,718 | INFO | EVENT retrain_update batch_id=37 reason=periodic train_n=1000 wall=0.010215044021606445 cpu=0.015625 rss_mb=None info={'period_batches': 2, 'stream_batches_seen': 32, 'buffer_size': 1000, 'global_batch_id': 37}
2026-01-28 04:06:43,746 | INFO | EVENT retrain_update batch_id=39 reason=periodic train_n=1000 wall=0.011000871658325195 cpu=0.0 rss_mb=None info={'period_batches': 2, 'stream_batches_seen': 34, 'buffer_size': 1000, 'global_batch_id': 39}
2026-01-28 04:06:43,775 | INFO | EVENT retrain_update batch_id=41 reason=periodic train_n=1000 wall=0.010999917984008789 cpu=0.0 rss_mb=None info={'period_batches': 2, 'stream_batches_seen': 36, 'buffer_size': 1000, 'global_batch_id': 41}
2026-01-28 04:06:43,803 | INFO | EVENT retrain_update batch_id=43 reason=periodic train_n=1000 wall=0.012002944946289062 cpu=0.015625 rss_mb=None info={'period_batches': 2, 'stream_batches_seen': 38, 'buffer_size': 1000, 'global_batch_id': 43}
2026-01-28 04:06:43,833 | INFO | EVENT retrain_update batch_id=45 reason=periodic train_n=1000 wall=0.0111083984375 cpu=0.015625 rss_mb=None info={'period_batches': 2, 'stream_batches_seen': 40, 'buffer_size': 1000, 'global_batch_id': 45}
2026-01-28 04:06:43,833 | INFO | Run finished. total={'wall_sec': 0.9316096305847168, 'cpu_sec': 0.90625, 'cpu_pct': 97.27786942597405, 'rss_mb': None} peak_rss_mb=None
