2026-01-28 04:07:50,677 | INFO | Run started: run_id=BE_sudden__retrain_p1_all_seen_fit__040750
2026-01-28 04:07:50,677 | INFO | run_dir=C:\Poly\Diploma\v2\outputs\20260128_040749__domain_sudden_nb\runs\BE_sudden__retrain_p1_all_seen_fit__040750
2026-01-28 04:07:50,990 | INFO | EVENT pretrain_fit batch_id=None reason=pretrain train_n=2500 wall=0.03930401802062988 cpu=0.046875 rss_mb=None info={'pretrain_batches': 5, 'pre_acc': 0.9432, 'pre_f1_macro': 0.846040686892728}
2026-01-28 04:07:51,046 | INFO | EVENT retrain_fit batch_id=6 reason=periodic train_n=3000 wall=0.04600071907043457 cpu=0.046875 rss_mb=None info={'period_batches': 1, 'stream_batches_seen': 1, 'buffer_size': 3000, 'global_batch_id': 6}
2026-01-28 04:07:51,114 | INFO | EVENT retrain_fit batch_id=7 reason=periodic train_n=3500 wall=0.052999019622802734 cpu=0.046875 rss_mb=None info={'period_batches': 1, 'stream_batches_seen': 2, 'buffer_size': 3500, 'global_batch_id': 7}
2026-01-28 04:07:51,189 | INFO | EVENT retrain_fit batch_id=8 reason=periodic train_n=4000 wall=0.06299877166748047 cpu=0.0625 rss_mb=None info={'period_batches': 1, 'stream_batches_seen': 3, 'buffer_size': 4000, 'global_batch_id': 8}
2026-01-28 04:07:51,267 | INFO | EVENT retrain_fit batch_id=9 reason=periodic train_n=4500 wall=0.06699943542480469 cpu=0.0625 rss_mb=None info={'period_batches': 1, 'stream_batches_seen': 4, 'buffer_size': 4500, 'global_batch_id': 9}
2026-01-28 04:07:51,352 | INFO | EVENT retrain_fit batch_id=10 reason=periodic train_n=5000 wall=0.07500100135803223 cpu=0.0625 rss_mb=None info={'period_batches': 1, 'stream_batches_seen': 5, 'buffer_size': 5000, 'global_batch_id': 10}
2026-01-28 04:07:51,448 | INFO | EVENT retrain_fit batch_id=11 reason=periodic train_n=5500 wall=0.0840003490447998 cpu=0.078125 rss_mb=None info={'period_batches': 1, 'stream_batches_seen': 6, 'buffer_size': 5500, 'global_batch_id': 11}
2026-01-28 04:07:51,552 | INFO | EVENT retrain_fit batch_id=12 reason=periodic train_n=6000 wall=0.09299659729003906 cpu=0.09375 rss_mb=None info={'period_batches': 1, 'stream_batches_seen': 7, 'buffer_size': 6000, 'global_batch_id': 12}
2026-01-28 04:07:51,658 | INFO | EVENT retrain_fit batch_id=13 reason=periodic train_n=6500 wall=0.09500265121459961 cpu=0.09375 rss_mb=None info={'period_batches': 1, 'stream_batches_seen': 8, 'buffer_size': 6500, 'global_batch_id': 13}
2026-01-28 04:07:51,781 | INFO | EVENT retrain_fit batch_id=14 reason=periodic train_n=7000 wall=0.1106417179107666 cpu=0.109375 rss_mb=None info={'period_batches': 1, 'stream_batches_seen': 9, 'buffer_size': 7000, 'global_batch_id': 14}
2026-01-28 04:07:51,909 | INFO | EVENT retrain_fit batch_id=15 reason=periodic train_n=7500 wall=0.11539721488952637 cpu=0.109375 rss_mb=None info={'period_batches': 1, 'stream_batches_seen': 10, 'buffer_size': 7500, 'global_batch_id': 15}
2026-01-28 04:07:52,038 | INFO | EVENT retrain_fit batch_id=16 reason=periodic train_n=8000 wall=0.11799907684326172 cpu=0.109375 rss_mb=None info={'period_batches': 1, 'stream_batches_seen': 11, 'buffer_size': 8000, 'global_batch_id': 16}
2026-01-28 04:07:52,166 | INFO | EVENT retrain_fit batch_id=17 reason=periodic train_n=8500 wall=0.11799812316894531 cpu=0.109375 rss_mb=None info={'period_batches': 1, 'stream_batches_seen': 12, 'buffer_size': 8500, 'global_batch_id': 17}
2026-01-28 04:07:52,299 | INFO | EVENT retrain_fit batch_id=18 reason=periodic train_n=9000 wall=0.12352967262268066 cpu=0.125 rss_mb=None info={'period_batches': 1, 'stream_batches_seen': 13, 'buffer_size': 9000, 'global_batch_id': 18}
2026-01-28 04:07:52,436 | INFO | EVENT retrain_fit batch_id=19 reason=periodic train_n=9500 wall=0.1276872158050537 cpu=0.125 rss_mb=None info={'period_batches': 1, 'stream_batches_seen': 14, 'buffer_size': 9500, 'global_batch_id': 19}
2026-01-28 04:07:52,587 | INFO | EVENT retrain_fit batch_id=20 reason=periodic train_n=10000 wall=0.14655756950378418 cpu=0.125 rss_mb=None info={'period_batches': 1, 'stream_batches_seen': 15, 'buffer_size': 10000, 'global_batch_id': 20}
2026-01-28 04:07:52,736 | INFO | EVENT retrain_fit batch_id=21 reason=periodic train_n=10500 wall=0.13855791091918945 cpu=0.140625 rss_mb=None info={'period_batches': 1, 'stream_batches_seen': 16, 'buffer_size': 10500, 'global_batch_id': 21}
2026-01-28 04:07:52,890 | INFO | EVENT retrain_fit batch_id=22 reason=periodic train_n=11000 wall=0.14600038528442383 cpu=0.15625 rss_mb=None info={'period_batches': 1, 'stream_batches_seen': 17, 'buffer_size': 11000, 'global_batch_id': 22}
2026-01-28 04:07:53,056 | INFO | EVENT retrain_fit batch_id=23 reason=periodic train_n=11500 wall=0.15795016288757324 cpu=0.140625 rss_mb=None info={'period_batches': 1, 'stream_batches_seen': 18, 'buffer_size': 11500, 'global_batch_id': 23}
2026-01-28 04:07:53,226 | INFO | EVENT retrain_fit batch_id=24 reason=periodic train_n=12000 wall=0.16100001335144043 cpu=0.15625 rss_mb=None info={'period_batches': 1, 'stream_batches_seen': 19, 'buffer_size': 12000, 'global_batch_id': 24}
2026-01-28 04:07:53,397 | INFO | EVENT retrain_fit batch_id=25 reason=periodic train_n=12500 wall=0.16199946403503418 cpu=0.15625 rss_mb=None info={'period_batches': 1, 'stream_batches_seen': 20, 'buffer_size': 12500, 'global_batch_id': 25}
2026-01-28 04:07:53,571 | INFO | EVENT retrain_fit batch_id=26 reason=periodic train_n=13000 wall=0.16499948501586914 cpu=0.15625 rss_mb=None info={'period_batches': 1, 'stream_batches_seen': 21, 'buffer_size': 13000, 'global_batch_id': 26}
2026-01-28 04:07:53,750 | INFO | EVENT retrain_fit batch_id=27 reason=periodic train_n=13500 wall=0.1711597442626953 cpu=0.171875 rss_mb=None info={'period_batches': 1, 'stream_batches_seen': 22, 'buffer_size': 13500, 'global_batch_id': 27}
2026-01-28 04:07:53,939 | INFO | EVENT retrain_fit batch_id=28 reason=periodic train_n=14000 wall=0.1789994239807129 cpu=0.1875 rss_mb=None info={'period_batches': 1, 'stream_batches_seen': 23, 'buffer_size': 14000, 'global_batch_id': 28}
2026-01-28 04:07:54,135 | INFO | EVENT retrain_fit batch_id=29 reason=periodic train_n=14500 wall=0.18599724769592285 cpu=0.171875 rss_mb=None info={'period_batches': 1, 'stream_batches_seen': 24, 'buffer_size': 14500, 'global_batch_id': 29}
2026-01-28 04:07:54,329 | INFO | EVENT retrain_fit batch_id=30 reason=periodic train_n=15000 wall=0.18500041961669922 cpu=0.1875 rss_mb=None info={'period_batches': 1, 'stream_batches_seen': 25, 'buffer_size': 15000, 'global_batch_id': 30}
2026-01-28 04:07:54,529 | INFO | EVENT retrain_fit batch_id=31 reason=periodic train_n=15500 wall=0.18999934196472168 cpu=0.203125 rss_mb=None info={'period_batches': 1, 'stream_batches_seen': 26, 'buffer_size': 15500, 'global_batch_id': 31}
2026-01-28 04:07:54,738 | INFO | EVENT retrain_fit batch_id=32 reason=periodic train_n=16000 wall=0.20000100135803223 cpu=0.203125 rss_mb=None info={'period_batches': 1, 'stream_batches_seen': 27, 'buffer_size': 16000, 'global_batch_id': 32}
2026-01-28 04:07:54,961 | INFO | EVENT retrain_fit batch_id=33 reason=periodic train_n=16500 wall=0.21400117874145508 cpu=0.203125 rss_mb=None info={'period_batches': 1, 'stream_batches_seen': 28, 'buffer_size': 16500, 'global_batch_id': 33}
2026-01-28 04:07:55,166 | INFO | EVENT retrain_fit batch_id=34 reason=periodic train_n=17000 wall=0.19494318962097168 cpu=0.203125 rss_mb=None info={'period_batches': 1, 'stream_batches_seen': 29, 'buffer_size': 17000, 'global_batch_id': 34}
2026-01-28 04:07:55,405 | INFO | EVENT retrain_fit batch_id=35 reason=periodic train_n=17500 wall=0.21550941467285156 cpu=0.21875 rss_mb=None info={'period_batches': 1, 'stream_batches_seen': 30, 'buffer_size': 17500, 'global_batch_id': 35}
2026-01-28 04:07:55,640 | INFO | EVENT retrain_fit batch_id=36 reason=periodic train_n=18000 wall=0.21860194206237793 cpu=0.234375 rss_mb=None info={'period_batches': 1, 'stream_batches_seen': 31, 'buffer_size': 18000, 'global_batch_id': 36}
2026-01-28 04:07:55,884 | INFO | EVENT retrain_fit batch_id=37 reason=periodic train_n=18500 wall=0.22122812271118164 cpu=0.21875 rss_mb=None info={'period_batches': 1, 'stream_batches_seen': 32, 'buffer_size': 18500, 'global_batch_id': 37}
2026-01-28 04:07:56,121 | INFO | EVENT retrain_fit batch_id=38 reason=periodic train_n=19000 wall=0.22499990463256836 cpu=0.21875 rss_mb=None info={'period_batches': 1, 'stream_batches_seen': 33, 'buffer_size': 19000, 'global_batch_id': 38}
2026-01-28 04:07:56,360 | INFO | EVENT retrain_fit batch_id=39 reason=periodic train_n=19500 wall=0.22899937629699707 cpu=0.234375 rss_mb=None info={'period_batches': 1, 'stream_batches_seen': 34, 'buffer_size': 19500, 'global_batch_id': 39}
2026-01-28 04:07:56,606 | INFO | EVENT retrain_fit batch_id=40 reason=periodic train_n=20000 wall=0.2353508472442627 cpu=0.234375 rss_mb=None info={'period_batches': 1, 'stream_batches_seen': 35, 'buffer_size': 20000, 'global_batch_id': 40}
2026-01-28 04:07:56,855 | INFO | EVENT retrain_fit batch_id=41 reason=periodic train_n=20500 wall=0.23999929428100586 cpu=0.25 rss_mb=None info={'period_batches': 1, 'stream_batches_seen': 36, 'buffer_size': 20500, 'global_batch_id': 41}
2026-01-28 04:07:57,110 | INFO | EVENT retrain_fit batch_id=42 reason=periodic train_n=21000 wall=0.24500012397766113 cpu=0.25 rss_mb=None info={'period_batches': 1, 'stream_batches_seen': 37, 'buffer_size': 21000, 'global_batch_id': 42}
2026-01-28 04:07:57,369 | INFO | EVENT retrain_fit batch_id=43 reason=periodic train_n=21500 wall=0.2499997615814209 cpu=0.25 rss_mb=None info={'period_batches': 1, 'stream_batches_seen': 38, 'buffer_size': 21500, 'global_batch_id': 43}
2026-01-28 04:07:57,645 | INFO | EVENT retrain_fit batch_id=44 reason=periodic train_n=22000 wall=0.265000581741333 cpu=0.265625 rss_mb=None info={'period_batches': 1, 'stream_batches_seen': 39, 'buffer_size': 22000, 'global_batch_id': 44}
2026-01-28 04:07:57,922 | INFO | EVENT retrain_fit batch_id=45 reason=periodic train_n=22500 wall=0.2656900882720947 cpu=0.265625 rss_mb=None info={'period_batches': 1, 'stream_batches_seen': 40, 'buffer_size': 22500, 'global_batch_id': 45}
2026-01-28 04:07:57,922 | INFO | Run finished. total={'wall_sec': 7.244952440261841, 'cpu_sec': 7.203125, 'cpu_pct': 99.42266784210486, 'rss_mb': None} peak_rss_mb=None
