2026-01-28 04:06:20,838 | INFO | Run started: run_id=BE_sudden__retrain_p1_all_seen_fit__040620
2026-01-28 04:06:20,838 | INFO | run_dir=C:\Poly\Diploma\v2\outputs\20260128_040620__domain_sudden_pa\runs\BE_sudden__retrain_p1_all_seen_fit__040620
2026-01-28 04:06:21,139 | INFO | EVENT pretrain_fit batch_id=None reason=pretrain train_n=2500 wall=0.04854249954223633 cpu=0.046875 rss_mb=None info={'pretrain_batches': 5, 'pre_acc': 1.0, 'pre_f1_macro': 1.0}
2026-01-28 04:06:21,213 | INFO | EVENT retrain_fit batch_id=6 reason=periodic train_n=3000 wall=0.058736324310302734 cpu=0.046875 rss_mb=None info={'period_batches': 1, 'stream_batches_seen': 1, 'buffer_size': 3000, 'global_batch_id': 6}
2026-01-28 04:06:21,298 | INFO | EVENT retrain_fit batch_id=7 reason=periodic train_n=3500 wall=0.06228780746459961 cpu=0.0625 rss_mb=None info={'period_batches': 1, 'stream_batches_seen': 2, 'buffer_size': 3500, 'global_batch_id': 7}
2026-01-28 04:06:21,381 | INFO | EVENT retrain_fit batch_id=8 reason=periodic train_n=4000 wall=0.06570148468017578 cpu=0.0625 rss_mb=None info={'period_batches': 1, 'stream_batches_seen': 3, 'buffer_size': 4000, 'global_batch_id': 8}
2026-01-28 04:06:21,463 | INFO | EVENT retrain_fit batch_id=9 reason=periodic train_n=4500 wall=0.06591296195983887 cpu=0.078125 rss_mb=None info={'period_batches': 1, 'stream_batches_seen': 4, 'buffer_size': 4500, 'global_batch_id': 9}
2026-01-28 04:06:21,571 | INFO | EVENT retrain_fit batch_id=10 reason=periodic train_n=5000 wall=0.08448576927185059 cpu=0.0625 rss_mb=None info={'period_batches': 1, 'stream_batches_seen': 5, 'buffer_size': 5000, 'global_batch_id': 10}
2026-01-28 04:06:21,675 | INFO | EVENT retrain_fit batch_id=11 reason=periodic train_n=5500 wall=0.09067201614379883 cpu=0.09375 rss_mb=None info={'period_batches': 1, 'stream_batches_seen': 6, 'buffer_size': 5500, 'global_batch_id': 11}
2026-01-28 04:06:21,791 | INFO | EVENT retrain_fit batch_id=12 reason=periodic train_n=6000 wall=0.1020967960357666 cpu=0.09375 rss_mb=None info={'period_batches': 1, 'stream_batches_seen': 7, 'buffer_size': 6000, 'global_batch_id': 12}
2026-01-28 04:06:21,906 | INFO | EVENT retrain_fit batch_id=13 reason=periodic train_n=6500 wall=0.10250663757324219 cpu=0.109375 rss_mb=None info={'period_batches': 1, 'stream_batches_seen': 8, 'buffer_size': 6500, 'global_batch_id': 13}
2026-01-28 04:06:22,027 | INFO | EVENT retrain_fit batch_id=14 reason=periodic train_n=7000 wall=0.11099934577941895 cpu=0.125 rss_mb=None info={'period_batches': 1, 'stream_batches_seen': 9, 'buffer_size': 7000, 'global_batch_id': 14}
2026-01-28 04:06:22,166 | INFO | EVENT retrain_fit batch_id=15 reason=periodic train_n=7500 wall=0.12600183486938477 cpu=0.125 rss_mb=None info={'period_batches': 1, 'stream_batches_seen': 10, 'buffer_size': 7500, 'global_batch_id': 15}
2026-01-28 04:06:22,324 | INFO | EVENT retrain_fit batch_id=16 reason=periodic train_n=8000 wall=0.14799857139587402 cpu=0.140625 rss_mb=None info={'period_batches': 1, 'stream_batches_seen': 11, 'buffer_size': 8000, 'global_batch_id': 16}
2026-01-28 04:06:22,479 | INFO | EVENT retrain_fit batch_id=17 reason=periodic train_n=8500 wall=0.13993310928344727 cpu=0.109375 rss_mb=None info={'period_batches': 1, 'stream_batches_seen': 12, 'buffer_size': 8500, 'global_batch_id': 17}
2026-01-28 04:06:22,627 | INFO | EVENT retrain_fit batch_id=18 reason=periodic train_n=9000 wall=0.13869714736938477 cpu=0.140625 rss_mb=None info={'period_batches': 1, 'stream_batches_seen': 13, 'buffer_size': 9000, 'global_batch_id': 18}
2026-01-28 04:06:22,795 | INFO | EVENT retrain_fit batch_id=19 reason=periodic train_n=9500 wall=0.15418076515197754 cpu=0.15625 rss_mb=None info={'period_batches': 1, 'stream_batches_seen': 14, 'buffer_size': 9500, 'global_batch_id': 19}
2026-01-28 04:06:22,962 | INFO | EVENT retrain_fit batch_id=20 reason=periodic train_n=10000 wall=0.15831804275512695 cpu=0.15625 rss_mb=None info={'period_batches': 1, 'stream_batches_seen': 15, 'buffer_size': 10000, 'global_batch_id': 20}
2026-01-28 04:06:23,144 | INFO | EVENT retrain_fit batch_id=21 reason=periodic train_n=10500 wall=0.17199993133544922 cpu=0.171875 rss_mb=None info={'period_batches': 1, 'stream_batches_seen': 16, 'buffer_size': 10500, 'global_batch_id': 21}
2026-01-28 04:06:23,323 | INFO | EVENT retrain_fit batch_id=22 reason=periodic train_n=11000 wall=0.1699998378753662 cpu=0.15625 rss_mb=None info={'period_batches': 1, 'stream_batches_seen': 17, 'buffer_size': 11000, 'global_batch_id': 22}
2026-01-28 04:06:23,499 | INFO | EVENT retrain_fit batch_id=23 reason=periodic train_n=11500 wall=0.1672661304473877 cpu=0.171875 rss_mb=None info={'period_batches': 1, 'stream_batches_seen': 18, 'buffer_size': 11500, 'global_batch_id': 23}
2026-01-28 04:06:23,697 | INFO | EVENT retrain_fit batch_id=24 reason=periodic train_n=12000 wall=0.17949509620666504 cpu=0.1875 rss_mb=None info={'period_batches': 1, 'stream_batches_seen': 19, 'buffer_size': 12000, 'global_batch_id': 24}
2026-01-28 04:06:23,905 | INFO | EVENT retrain_fit batch_id=25 reason=periodic train_n=12500 wall=0.19701290130615234 cpu=0.1875 rss_mb=None info={'period_batches': 1, 'stream_batches_seen': 20, 'buffer_size': 12500, 'global_batch_id': 25}
2026-01-28 04:06:24,110 | INFO | EVENT retrain_fit batch_id=26 reason=periodic train_n=13000 wall=0.19599699974060059 cpu=0.203125 rss_mb=None info={'period_batches': 1, 'stream_batches_seen': 21, 'buffer_size': 13000, 'global_batch_id': 26}
2026-01-28 04:06:24,324 | INFO | EVENT retrain_fit batch_id=27 reason=periodic train_n=13500 wall=0.20399761199951172 cpu=0.203125 rss_mb=None info={'period_batches': 1, 'stream_batches_seen': 22, 'buffer_size': 13500, 'global_batch_id': 27}
2026-01-28 04:06:24,545 | INFO | EVENT retrain_fit batch_id=28 reason=periodic train_n=14000 wall=0.21099853515625 cpu=0.21875 rss_mb=None info={'period_batches': 1, 'stream_batches_seen': 23, 'buffer_size': 14000, 'global_batch_id': 28}
2026-01-28 04:06:24,783 | INFO | EVENT retrain_fit batch_id=29 reason=periodic train_n=14500 wall=0.22803759574890137 cpu=0.234375 rss_mb=None info={'period_batches': 1, 'stream_batches_seen': 24, 'buffer_size': 14500, 'global_batch_id': 29}
2026-01-28 04:06:25,019 | INFO | EVENT retrain_fit batch_id=30 reason=periodic train_n=15000 wall=0.22699928283691406 cpu=0.21875 rss_mb=None info={'period_batches': 1, 'stream_batches_seen': 25, 'buffer_size': 15000, 'global_batch_id': 30}
2026-01-28 04:06:25,268 | INFO | EVENT retrain_fit batch_id=31 reason=periodic train_n=15500 wall=0.23858022689819336 cpu=0.234375 rss_mb=None info={'period_batches': 1, 'stream_batches_seen': 26, 'buffer_size': 15500, 'global_batch_id': 31}
2026-01-28 04:06:25,515 | INFO | EVENT retrain_fit batch_id=32 reason=periodic train_n=16000 wall=0.23900055885314941 cpu=0.25 rss_mb=None info={'period_batches': 1, 'stream_batches_seen': 27, 'buffer_size': 16000, 'global_batch_id': 32}
2026-01-28 04:06:25,766 | INFO | EVENT retrain_fit batch_id=33 reason=periodic train_n=16500 wall=0.2409982681274414 cpu=0.25 rss_mb=None info={'period_batches': 1, 'stream_batches_seen': 28, 'buffer_size': 16500, 'global_batch_id': 33}
2026-01-28 04:06:26,030 | INFO | EVENT retrain_fit batch_id=34 reason=periodic train_n=17000 wall=0.25299882888793945 cpu=0.265625 rss_mb=None info={'period_batches': 1, 'stream_batches_seen': 29, 'buffer_size': 17000, 'global_batch_id': 34}
2026-01-28 04:06:26,293 | INFO | EVENT retrain_fit batch_id=35 reason=periodic train_n=17500 wall=0.25417065620422363 cpu=0.265625 rss_mb=None info={'period_batches': 1, 'stream_batches_seen': 30, 'buffer_size': 17500, 'global_batch_id': 35}
2026-01-28 04:06:26,555 | INFO | EVENT retrain_fit batch_id=36 reason=periodic train_n=18000 wall=0.2531111240386963 cpu=0.25 rss_mb=None info={'period_batches': 1, 'stream_batches_seen': 31, 'buffer_size': 18000, 'global_batch_id': 36}
2026-01-28 04:06:26,837 | INFO | EVENT retrain_fit batch_id=37 reason=periodic train_n=18500 wall=0.2718033790588379 cpu=0.265625 rss_mb=None info={'period_batches': 1, 'stream_batches_seen': 32, 'buffer_size': 18500, 'global_batch_id': 37}
2026-01-28 04:06:27,115 | INFO | EVENT retrain_fit batch_id=38 reason=periodic train_n=19000 wall=0.2679131031036377 cpu=0.265625 rss_mb=None info={'period_batches': 1, 'stream_batches_seen': 33, 'buffer_size': 19000, 'global_batch_id': 38}
2026-01-28 04:06:27,413 | INFO | EVENT retrain_fit batch_id=39 reason=periodic train_n=19500 wall=0.289578914642334 cpu=0.28125 rss_mb=None info={'period_batches': 1, 'stream_batches_seen': 34, 'buffer_size': 19500, 'global_batch_id': 39}
2026-01-28 04:06:27,699 | INFO | EVENT retrain_fit batch_id=40 reason=periodic train_n=20000 wall=0.2760007381439209 cpu=0.28125 rss_mb=None info={'period_batches': 1, 'stream_batches_seen': 35, 'buffer_size': 20000, 'global_batch_id': 40}
2026-01-28 04:06:28,010 | INFO | EVENT retrain_fit batch_id=41 reason=periodic train_n=20500 wall=0.3002941608428955 cpu=0.296875 rss_mb=None info={'period_batches': 1, 'stream_batches_seen': 36, 'buffer_size': 20500, 'global_batch_id': 41}
2026-01-28 04:06:28,327 | INFO | EVENT retrain_fit batch_id=42 reason=periodic train_n=21000 wall=0.3059990406036377 cpu=0.3125 rss_mb=None info={'period_batches': 1, 'stream_batches_seen': 37, 'buffer_size': 21000, 'global_batch_id': 42}
2026-01-28 04:06:28,648 | INFO | EVENT retrain_fit batch_id=43 reason=periodic train_n=21500 wall=0.31273651123046875 cpu=0.296875 rss_mb=None info={'period_batches': 1, 'stream_batches_seen': 38, 'buffer_size': 21500, 'global_batch_id': 43}
2026-01-28 04:06:28,957 | INFO | EVENT retrain_fit batch_id=44 reason=periodic train_n=22000 wall=0.29851388931274414 cpu=0.296875 rss_mb=None info={'period_batches': 1, 'stream_batches_seen': 39, 'buffer_size': 22000, 'global_batch_id': 44}
2026-01-28 04:06:29,296 | INFO | EVENT retrain_fit batch_id=45 reason=periodic train_n=22500 wall=0.32851576805114746 cpu=0.3125 rss_mb=None info={'period_batches': 1, 'stream_batches_seen': 40, 'buffer_size': 22500, 'global_batch_id': 45}
2026-01-28 04:06:29,296 | INFO | Run finished. total={'wall_sec': 8.457438230514526, 'cpu_sec': 8.359375, 'cpu_pct': 98.84050905437638, 'rss_mb': None} peak_rss_mb=None
