2026-01-28 04:08:09,140 | INFO | Run started: run_id=BE_sudden__retrain_p2_last_window_wb2_fit__040809
2026-01-28 04:08:09,140 | INFO | run_dir=C:\Poly\Diploma\v2\outputs\20260128_040749__domain_sudden_nb\runs\BE_sudden__retrain_p2_last_window_wb2_fit__040809
2026-01-28 04:08:09,447 | INFO | EVENT pretrain_fit batch_id=None reason=pretrain train_n=2500 wall=0.034314632415771484 cpu=0.03125 rss_mb=None info={'pretrain_batches': 5, 'pre_acc': 0.9432, 'pre_f1_macro': 0.846040686892728}
2026-01-28 04:08:09,495 | INFO | EVENT retrain_fit batch_id=7 reason=periodic train_n=1000 wall=0.016940593719482422 cpu=0.015625 rss_mb=None info={'period_batches': 2, 'stream_batches_seen': 2, 'buffer_size': 1000, 'global_batch_id': 7}
2026-01-28 04:08:09,538 | INFO | EVENT retrain_fit batch_id=9 reason=periodic train_n=1000 wall=0.015622377395629883 cpu=0.015625 rss_mb=None info={'period_batches': 2, 'stream_batches_seen': 4, 'buffer_size': 1000, 'global_batch_id': 9}
2026-01-28 04:08:09,577 | INFO | EVENT retrain_fit batch_id=11 reason=periodic train_n=1000 wall=0.01408243179321289 cpu=0.015625 rss_mb=None info={'period_batches': 2, 'stream_batches_seen': 6, 'buffer_size': 1000, 'global_batch_id': 11}
2026-01-28 04:08:09,612 | INFO | EVENT retrain_fit batch_id=13 reason=periodic train_n=1000 wall=0.02088022232055664 cpu=0.015625 rss_mb=None info={'period_batches': 2, 'stream_batches_seen': 8, 'buffer_size': 1000, 'global_batch_id': 13}
2026-01-28 04:08:09,652 | INFO | EVENT retrain_fit batch_id=15 reason=periodic train_n=1000 wall=0.016335010528564453 cpu=0.015625 rss_mb=None info={'period_batches': 2, 'stream_batches_seen': 10, 'buffer_size': 1000, 'global_batch_id': 15}
2026-01-28 04:08:09,680 | INFO | EVENT retrain_fit batch_id=17 reason=periodic train_n=1000 wall=0.011659860610961914 cpu=0.0 rss_mb=None info={'period_batches': 2, 'stream_batches_seen': 12, 'buffer_size': 1000, 'global_batch_id': 17}
2026-01-28 04:08:09,709 | INFO | EVENT retrain_fit batch_id=19 reason=periodic train_n=1000 wall=0.010900735855102539 cpu=0.015625 rss_mb=None info={'period_batches': 2, 'stream_batches_seen': 14, 'buffer_size': 1000, 'global_batch_id': 19}
2026-01-28 04:08:09,737 | INFO | EVENT retrain_fit batch_id=21 reason=periodic train_n=1000 wall=0.009998559951782227 cpu=0.015625 rss_mb=None info={'period_batches': 2, 'stream_batches_seen': 16, 'buffer_size': 1000, 'global_batch_id': 21}
2026-01-28 04:08:09,765 | INFO | EVENT retrain_fit batch_id=23 reason=periodic train_n=1000 wall=0.009999275207519531 cpu=0.015625 rss_mb=None info={'period_batches': 2, 'stream_batches_seen': 18, 'buffer_size': 1000, 'global_batch_id': 23}
2026-01-28 04:08:09,793 | INFO | EVENT retrain_fit batch_id=25 reason=periodic train_n=1000 wall=0.01200103759765625 cpu=0.015625 rss_mb=None info={'period_batches': 2, 'stream_batches_seen': 20, 'buffer_size': 1000, 'global_batch_id': 25}
2026-01-28 04:08:09,820 | INFO | EVENT retrain_fit batch_id=27 reason=periodic train_n=1000 wall=0.009996891021728516 cpu=0.0 rss_mb=None info={'period_batches': 2, 'stream_batches_seen': 22, 'buffer_size': 1000, 'global_batch_id': 27}
2026-01-28 04:08:09,848 | INFO | EVENT retrain_fit batch_id=29 reason=periodic train_n=1000 wall=0.011999130249023438 cpu=0.015625 rss_mb=None info={'period_batches': 2, 'stream_batches_seen': 24, 'buffer_size': 1000, 'global_batch_id': 29}
2026-01-28 04:08:09,876 | INFO | EVENT retrain_fit batch_id=31 reason=periodic train_n=1000 wall=0.010999917984008789 cpu=0.015625 rss_mb=None info={'period_batches': 2, 'stream_batches_seen': 26, 'buffer_size': 1000, 'global_batch_id': 31}
2026-01-28 04:08:09,906 | INFO | EVENT retrain_fit batch_id=33 reason=periodic train_n=1000 wall=0.010999917984008789 cpu=0.015625 rss_mb=None info={'period_batches': 2, 'stream_batches_seen': 28, 'buffer_size': 1000, 'global_batch_id': 33}
2026-01-28 04:08:09,934 | INFO | EVENT retrain_fit batch_id=35 reason=periodic train_n=1000 wall=0.012000083923339844 cpu=0.015625 rss_mb=None info={'period_batches': 2, 'stream_batches_seen': 30, 'buffer_size': 1000, 'global_batch_id': 35}
2026-01-28 04:08:09,961 | INFO | EVENT retrain_fit batch_id=37 reason=periodic train_n=1000 wall=0.010002613067626953 cpu=0.0 rss_mb=None info={'period_batches': 2, 'stream_batches_seen': 32, 'buffer_size': 1000, 'global_batch_id': 37}
2026-01-28 04:08:09,989 | INFO | EVENT retrain_fit batch_id=39 reason=periodic train_n=1000 wall=0.010999441146850586 cpu=0.015625 rss_mb=None info={'period_batches': 2, 'stream_batches_seen': 34, 'buffer_size': 1000, 'global_batch_id': 39}
2026-01-28 04:08:10,019 | INFO | EVENT retrain_fit batch_id=41 reason=periodic train_n=1000 wall=0.011410713195800781 cpu=0.015625 rss_mb=None info={'period_batches': 2, 'stream_batches_seen': 36, 'buffer_size': 1000, 'global_batch_id': 41}
2026-01-28 04:08:10,050 | INFO | EVENT retrain_fit batch_id=43 reason=periodic train_n=1000 wall=0.011003255844116211 cpu=0.015625 rss_mb=None info={'period_batches': 2, 'stream_batches_seen': 38, 'buffer_size': 1000, 'global_batch_id': 43}
2026-01-28 04:08:10,079 | INFO | EVENT retrain_fit batch_id=45 reason=periodic train_n=1000 wall=0.011893749237060547 cpu=0.015625 rss_mb=None info={'period_batches': 2, 'stream_batches_seen': 40, 'buffer_size': 1000, 'global_batch_id': 45}
2026-01-28 04:08:10,079 | INFO | Run finished. total={'wall_sec': 0.939002513885498, 'cpu_sec': 0.90625, 'cpu_pct': 96.51198869000133, 'rss_mb': None} peak_rss_mb=None
