2026-01-27 14:04:36,728 | INFO | Run started: run_id=huffpost_years__retrain_p1_last_window_wb1_fit__140436
2026-01-27 14:04:36,728 | INFO | run_dir=C:\Poly\Diploma\v2\outputs\20260127_140427__huffpost_sgd_gradual\runs\huffpost_years__retrain_p1_last_window_wb1_fit__140436
2026-01-27 14:04:36,830 | INFO | EVENT pretrain_fit batch_id=None reason=pretrain train_n=3000 wall=0.028001070022583008 cpu=0.03125 rss_mb=None info={'pretrain_batches': 6, 'pre_acc': 0.9376666666666666, 'pre_f1_macro': 0.9275767595642744}
2026-01-27 14:04:36,843 | INFO | EVENT retrain_fit batch_id=7 reason=periodic train_n=500 wall=0.00699925422668457 cpu=0.015625 rss_mb=None info={'period_batches': 1, 'stream_batches_seen': 1, 'buffer_size': 500, 'global_batch_id': 7}
2026-01-27 14:04:36,857 | INFO | EVENT retrain_fit batch_id=8 reason=periodic train_n=500 wall=0.006998300552368164 cpu=0.0 rss_mb=None info={'period_batches': 1, 'stream_batches_seen': 2, 'buffer_size': 500, 'global_batch_id': 8}
2026-01-27 14:04:36,870 | INFO | EVENT retrain_fit batch_id=9 reason=periodic train_n=500 wall=0.007999420166015625 cpu=0.0 rss_mb=None info={'period_batches': 1, 'stream_batches_seen': 3, 'buffer_size': 500, 'global_batch_id': 9}
2026-01-27 14:04:36,885 | INFO | EVENT retrain_fit batch_id=10 reason=periodic train_n=500 wall=0.008000850677490234 cpu=0.0 rss_mb=None info={'period_batches': 1, 'stream_batches_seen': 4, 'buffer_size': 500, 'global_batch_id': 10}
2026-01-27 14:04:36,897 | INFO | EVENT retrain_fit batch_id=11 reason=periodic train_n=500 wall=0.0070002079010009766 cpu=0.0 rss_mb=None info={'period_batches': 1, 'stream_batches_seen': 5, 'buffer_size': 500, 'global_batch_id': 11}
2026-01-27 14:04:36,911 | INFO | EVENT retrain_fit batch_id=12 reason=periodic train_n=500 wall=0.008001565933227539 cpu=0.015625 rss_mb=None info={'period_batches': 1, 'stream_batches_seen': 6, 'buffer_size': 500, 'global_batch_id': 12}
2026-01-27 14:04:36,924 | INFO | EVENT retrain_fit batch_id=13 reason=periodic train_n=500 wall=0.006999969482421875 cpu=0.015625 rss_mb=None info={'period_batches': 1, 'stream_batches_seen': 7, 'buffer_size': 500, 'global_batch_id': 13}
2026-01-27 14:04:36,937 | INFO | EVENT retrain_fit batch_id=14 reason=periodic train_n=500 wall=0.007000923156738281 cpu=0.015625 rss_mb=None info={'period_batches': 1, 'stream_batches_seen': 8, 'buffer_size': 500, 'global_batch_id': 14}
2026-01-27 14:04:36,950 | INFO | EVENT retrain_fit batch_id=15 reason=periodic train_n=500 wall=0.006000995635986328 cpu=0.0 rss_mb=None info={'period_batches': 1, 'stream_batches_seen': 9, 'buffer_size': 500, 'global_batch_id': 15}
2026-01-27 14:04:36,963 | INFO | EVENT retrain_fit batch_id=16 reason=periodic train_n=500 wall=0.007002353668212891 cpu=0.0 rss_mb=None info={'period_batches': 1, 'stream_batches_seen': 10, 'buffer_size': 500, 'global_batch_id': 16}
2026-01-27 14:04:36,975 | INFO | EVENT retrain_fit batch_id=17 reason=periodic train_n=500 wall=0.005997180938720703 cpu=0.0 rss_mb=None info={'period_batches': 1, 'stream_batches_seen': 11, 'buffer_size': 500, 'global_batch_id': 17}
2026-01-27 14:04:36,987 | INFO | EVENT retrain_fit batch_id=18 reason=periodic train_n=500 wall=0.007054805755615234 cpu=0.015625 rss_mb=None info={'period_batches': 1, 'stream_batches_seen': 12, 'buffer_size': 500, 'global_batch_id': 18}
2026-01-27 14:04:36,999 | INFO | EVENT retrain_fit batch_id=19 reason=periodic train_n=500 wall=0.0070002079010009766 cpu=0.0 rss_mb=None info={'period_batches': 1, 'stream_batches_seen': 13, 'buffer_size': 500, 'global_batch_id': 19}
2026-01-27 14:04:37,012 | INFO | EVENT retrain_fit batch_id=20 reason=periodic train_n=500 wall=0.008002996444702148 cpu=0.0 rss_mb=None info={'period_batches': 1, 'stream_batches_seen': 14, 'buffer_size': 500, 'global_batch_id': 20}
2026-01-27 14:04:37,026 | INFO | EVENT retrain_fit batch_id=21 reason=periodic train_n=500 wall=0.007000446319580078 cpu=0.0 rss_mb=None info={'period_batches': 1, 'stream_batches_seen': 15, 'buffer_size': 500, 'global_batch_id': 21}
2026-01-27 14:04:37,039 | INFO | EVENT retrain_fit batch_id=22 reason=periodic train_n=500 wall=0.005999088287353516 cpu=0.0 rss_mb=None info={'period_batches': 1, 'stream_batches_seen': 16, 'buffer_size': 500, 'global_batch_id': 22}
2026-01-27 14:04:37,051 | INFO | EVENT retrain_fit batch_id=23 reason=periodic train_n=500 wall=0.0070002079010009766 cpu=0.015625 rss_mb=None info={'period_batches': 1, 'stream_batches_seen': 17, 'buffer_size': 500, 'global_batch_id': 23}
2026-01-27 14:04:37,064 | INFO | EVENT retrain_fit batch_id=24 reason=periodic train_n=500 wall=0.00699925422668457 cpu=0.015625 rss_mb=None info={'period_batches': 1, 'stream_batches_seen': 18, 'buffer_size': 500, 'global_batch_id': 24}
2026-01-27 14:04:37,077 | INFO | EVENT retrain_fit batch_id=25 reason=periodic train_n=500 wall=0.006999492645263672 cpu=0.015625 rss_mb=None info={'period_batches': 1, 'stream_batches_seen': 19, 'buffer_size': 500, 'global_batch_id': 25}
2026-01-27 14:04:37,092 | INFO | EVENT retrain_fit batch_id=26 reason=periodic train_n=500 wall=0.008001089096069336 cpu=0.0 rss_mb=None info={'period_batches': 1, 'stream_batches_seen': 20, 'buffer_size': 500, 'global_batch_id': 26}
2026-01-27 14:04:37,105 | INFO | EVENT retrain_fit batch_id=27 reason=periodic train_n=500 wall=0.006996870040893555 cpu=0.0 rss_mb=None info={'period_batches': 1, 'stream_batches_seen': 21, 'buffer_size': 500, 'global_batch_id': 27}
2026-01-27 14:04:37,118 | INFO | EVENT retrain_fit batch_id=28 reason=periodic train_n=500 wall=0.0070002079010009766 cpu=0.0 rss_mb=None info={'period_batches': 1, 'stream_batches_seen': 22, 'buffer_size': 500, 'global_batch_id': 28}
2026-01-27 14:04:37,132 | INFO | EVENT retrain_fit batch_id=29 reason=periodic train_n=500 wall=0.008000612258911133 cpu=0.0 rss_mb=None info={'period_batches': 1, 'stream_batches_seen': 23, 'buffer_size': 500, 'global_batch_id': 29}
2026-01-27 14:04:37,147 | INFO | EVENT retrain_fit batch_id=30 reason=periodic train_n=500 wall=0.008996963500976562 cpu=0.015625 rss_mb=None info={'period_batches': 1, 'stream_batches_seen': 24, 'buffer_size': 500, 'global_batch_id': 30}
2026-01-27 14:04:37,160 | INFO | EVENT retrain_fit batch_id=31 reason=periodic train_n=500 wall=0.00699925422668457 cpu=0.015625 rss_mb=None info={'period_batches': 1, 'stream_batches_seen': 25, 'buffer_size': 500, 'global_batch_id': 31}
2026-01-27 14:04:37,174 | INFO | EVENT retrain_fit batch_id=32 reason=periodic train_n=500 wall=0.006999015808105469 cpu=0.015625 rss_mb=None info={'period_batches': 1, 'stream_batches_seen': 26, 'buffer_size': 500, 'global_batch_id': 32}
2026-01-27 14:04:37,188 | INFO | EVENT retrain_fit batch_id=33 reason=periodic train_n=500 wall=0.007001161575317383 cpu=0.0 rss_mb=None info={'period_batches': 1, 'stream_batches_seen': 27, 'buffer_size': 500, 'global_batch_id': 33}
2026-01-27 14:04:37,201 | INFO | EVENT retrain_fit batch_id=34 reason=periodic train_n=500 wall=0.008001089096069336 cpu=0.0 rss_mb=None info={'period_batches': 1, 'stream_batches_seen': 28, 'buffer_size': 500, 'global_batch_id': 34}
2026-01-27 14:04:37,214 | INFO | EVENT retrain_fit batch_id=35 reason=periodic train_n=500 wall=0.007000923156738281 cpu=0.0 rss_mb=None info={'period_batches': 1, 'stream_batches_seen': 29, 'buffer_size': 500, 'global_batch_id': 35}
2026-01-27 14:04:37,226 | INFO | EVENT retrain_fit batch_id=36 reason=periodic train_n=500 wall=0.007000446319580078 cpu=0.0 rss_mb=None info={'period_batches': 1, 'stream_batches_seen': 30, 'buffer_size': 500, 'global_batch_id': 36}
2026-01-27 14:04:37,239 | INFO | EVENT retrain_fit batch_id=37 reason=periodic train_n=500 wall=0.0069997310638427734 cpu=0.015625 rss_mb=None info={'period_batches': 1, 'stream_batches_seen': 31, 'buffer_size': 500, 'global_batch_id': 37}
2026-01-27 14:04:37,251 | INFO | EVENT retrain_fit batch_id=38 reason=periodic train_n=500 wall=0.0070002079010009766 cpu=0.015625 rss_mb=None info={'period_batches': 1, 'stream_batches_seen': 32, 'buffer_size': 500, 'global_batch_id': 38}
2026-01-27 14:04:37,265 | INFO | EVENT retrain_fit batch_id=39 reason=periodic train_n=500 wall=0.007001161575317383 cpu=0.015625 rss_mb=None info={'period_batches': 1, 'stream_batches_seen': 33, 'buffer_size': 500, 'global_batch_id': 39}
2026-01-27 14:04:37,279 | INFO | EVENT retrain_fit batch_id=40 reason=periodic train_n=500 wall=0.007999658584594727 cpu=0.0 rss_mb=None info={'period_batches': 1, 'stream_batches_seen': 34, 'buffer_size': 500, 'global_batch_id': 40}
2026-01-27 14:04:37,292 | INFO | EVENT retrain_fit batch_id=41 reason=periodic train_n=500 wall=0.007001161575317383 cpu=0.0 rss_mb=None info={'period_batches': 1, 'stream_batches_seen': 35, 'buffer_size': 500, 'global_batch_id': 41}
2026-01-27 14:04:37,310 | INFO | EVENT retrain_fit batch_id=42 reason=periodic train_n=500 wall=0.006000041961669922 cpu=0.0 rss_mb=None info={'period_batches': 1, 'stream_batches_seen': 36, 'buffer_size': 500, 'global_batch_id': 42}
2026-01-27 14:04:37,312 | INFO | Run finished. total={'wall_sec': 0.5847065448760986, 'cpu_sec': 0.5625, 'cpu_pct': 96.20210427423824, 'rss_mb': None} peak_rss_mb=None
