2026-01-29 01:39:51,388 | INFO | Run started: run_id=label_temporary__retrain_p1_all_seen_fit__013951
2026-01-29 01:39:51,388 | INFO | run_dir=C:\Poly\Diploma\v2\outputs\20260129_013948__label_temporary_nb\runs\label_temporary__retrain_p1_all_seen_fit__013951
2026-01-29 01:39:52,547 | INFO | EVENT pretrain_fit batch_id=None reason=pretrain train_n=2500 wall=0.218611478805542 cpu=0.21875 rss_mb=None info={'pretrain_batches': 5, 'pre_acc': 0.98, 'pre_f1_macro': 0.9470611752588496}
2026-01-29 01:39:52,860 | INFO | EVENT retrain_fit batch_id=6 reason=periodic train_n=3000 wall=0.26344823837280273 cpu=0.265625 rss_mb=None info={'period_batches': 1, 'stream_batches_seen': 1, 'buffer_size': 3000, 'global_batch_id': 6}
2026-01-29 01:39:53,243 | INFO | EVENT retrain_fit batch_id=7 reason=periodic train_n=3500 wall=0.3150653839111328 cpu=0.296875 rss_mb=None info={'period_batches': 1, 'stream_batches_seen': 2, 'buffer_size': 3500, 'global_batch_id': 7}
2026-01-29 01:39:53,644 | INFO | EVENT retrain_fit batch_id=8 reason=periodic train_n=4000 wall=0.35025978088378906 cpu=0.34375 rss_mb=None info={'period_batches': 1, 'stream_batches_seen': 3, 'buffer_size': 4000, 'global_batch_id': 8}
2026-01-29 01:39:54,091 | INFO | EVENT retrain_fit batch_id=9 reason=periodic train_n=4500 wall=0.39649391174316406 cpu=0.390625 rss_mb=None info={'period_batches': 1, 'stream_batches_seen': 4, 'buffer_size': 4500, 'global_batch_id': 9}
2026-01-29 01:39:54,577 | INFO | EVENT retrain_fit batch_id=10 reason=periodic train_n=5000 wall=0.4351778030395508 cpu=0.4375 rss_mb=None info={'period_batches': 1, 'stream_batches_seen': 5, 'buffer_size': 5000, 'global_batch_id': 10}
2026-01-29 01:39:55,113 | INFO | EVENT retrain_fit batch_id=11 reason=periodic train_n=5500 wall=0.4881720542907715 cpu=0.484375 rss_mb=None info={'period_batches': 1, 'stream_batches_seen': 6, 'buffer_size': 5500, 'global_batch_id': 11}
2026-01-29 01:39:55,896 | INFO | EVENT retrain_fit batch_id=12 reason=periodic train_n=6000 wall=0.7349984645843506 cpu=0.734375 rss_mb=None info={'period_batches': 1, 'stream_batches_seen': 7, 'buffer_size': 6000, 'global_batch_id': 12}
2026-01-29 01:39:56,813 | INFO | EVENT retrain_fit batch_id=13 reason=periodic train_n=6500 wall=0.8521060943603516 cpu=0.859375 rss_mb=None info={'period_batches': 1, 'stream_batches_seen': 8, 'buffer_size': 6500, 'global_batch_id': 13}
2026-01-29 01:39:57,547 | INFO | EVENT retrain_fit batch_id=14 reason=periodic train_n=7000 wall=0.6406188011169434 cpu=0.640625 rss_mb=None info={'period_batches': 1, 'stream_batches_seen': 9, 'buffer_size': 7000, 'global_batch_id': 14}
2026-01-29 01:39:58,301 | INFO | EVENT retrain_fit batch_id=15 reason=periodic train_n=7500 wall=0.7003438472747803 cpu=0.703125 rss_mb=None info={'period_batches': 1, 'stream_batches_seen': 10, 'buffer_size': 7500, 'global_batch_id': 15}
2026-01-29 01:39:59,059 | INFO | EVENT retrain_fit batch_id=16 reason=periodic train_n=8000 wall=0.7157022953033447 cpu=0.71875 rss_mb=None info={'period_batches': 1, 'stream_batches_seen': 11, 'buffer_size': 8000, 'global_batch_id': 16}
2026-01-29 01:39:59,952 | INFO | EVENT retrain_fit batch_id=17 reason=periodic train_n=8500 wall=0.8398282527923584 cpu=0.84375 rss_mb=None info={'period_batches': 1, 'stream_batches_seen': 12, 'buffer_size': 8500, 'global_batch_id': 17}
2026-01-29 01:40:00,827 | INFO | EVENT retrain_fit batch_id=18 reason=periodic train_n=9000 wall=0.8293271064758301 cpu=0.828125 rss_mb=None info={'period_batches': 1, 'stream_batches_seen': 13, 'buffer_size': 9000, 'global_batch_id': 18}
2026-01-29 01:40:01,693 | INFO | EVENT retrain_fit batch_id=19 reason=periodic train_n=9500 wall=0.8264479637145996 cpu=0.828125 rss_mb=None info={'period_batches': 1, 'stream_batches_seen': 14, 'buffer_size': 9500, 'global_batch_id': 19}
2026-01-29 01:40:02,631 | INFO | EVENT retrain_fit batch_id=20 reason=periodic train_n=10000 wall=0.8926491737365723 cpu=0.875 rss_mb=None info={'period_batches': 1, 'stream_batches_seen': 15, 'buffer_size': 10000, 'global_batch_id': 20}
2026-01-29 01:40:03,603 | INFO | EVENT retrain_fit batch_id=21 reason=periodic train_n=10500 wall=0.9290459156036377 cpu=0.921875 rss_mb=None info={'period_batches': 1, 'stream_batches_seen': 16, 'buffer_size': 10500, 'global_batch_id': 21}
2026-01-29 01:40:04,573 | INFO | EVENT retrain_fit batch_id=22 reason=periodic train_n=11000 wall=0.9126489162445068 cpu=0.921875 rss_mb=None info={'period_batches': 1, 'stream_batches_seen': 17, 'buffer_size': 11000, 'global_batch_id': 22}
2026-01-29 01:40:05,584 | INFO | EVENT retrain_fit batch_id=23 reason=periodic train_n=11500 wall=0.9617447853088379 cpu=0.953125 rss_mb=None info={'period_batches': 1, 'stream_batches_seen': 18, 'buffer_size': 11500, 'global_batch_id': 23}
2026-01-29 01:40:06,631 | INFO | EVENT retrain_fit batch_id=24 reason=periodic train_n=12000 wall=1.00278902053833 cpu=1.0 rss_mb=None info={'period_batches': 1, 'stream_batches_seen': 19, 'buffer_size': 12000, 'global_batch_id': 24}
2026-01-29 01:40:07,704 | INFO | EVENT retrain_fit batch_id=25 reason=periodic train_n=12500 wall=1.0292491912841797 cpu=1.03125 rss_mb=None info={'period_batches': 1, 'stream_batches_seen': 20, 'buffer_size': 12500, 'global_batch_id': 25}
2026-01-29 01:40:08,828 | INFO | EVENT retrain_fit batch_id=26 reason=periodic train_n=13000 wall=1.074601650238037 cpu=1.078125 rss_mb=None info={'period_batches': 1, 'stream_batches_seen': 21, 'buffer_size': 13000, 'global_batch_id': 26}
2026-01-29 01:40:09,981 | INFO | EVENT retrain_fit batch_id=27 reason=periodic train_n=13500 wall=1.1153676509857178 cpu=1.078125 rss_mb=None info={'period_batches': 1, 'stream_batches_seen': 22, 'buffer_size': 13500, 'global_batch_id': 27}
2026-01-29 01:40:11,177 | INFO | EVENT retrain_fit batch_id=28 reason=periodic train_n=14000 wall=1.1477155685424805 cpu=1.15625 rss_mb=None info={'period_batches': 1, 'stream_batches_seen': 23, 'buffer_size': 14000, 'global_batch_id': 28}
2026-01-29 01:40:12,454 | INFO | EVENT retrain_fit batch_id=29 reason=periodic train_n=14500 wall=1.2354319095611572 cpu=1.234375 rss_mb=None info={'period_batches': 1, 'stream_batches_seen': 24, 'buffer_size': 14500, 'global_batch_id': 29}
2026-01-29 01:40:13,760 | INFO | EVENT retrain_fit batch_id=30 reason=periodic train_n=15000 wall=1.2573134899139404 cpu=1.234375 rss_mb=None info={'period_batches': 1, 'stream_batches_seen': 25, 'buffer_size': 15000, 'global_batch_id': 30}
2026-01-29 01:40:15,078 | INFO | EVENT retrain_fit batch_id=31 reason=periodic train_n=15500 wall=1.2736282348632812 cpu=1.25 rss_mb=None info={'period_batches': 1, 'stream_batches_seen': 26, 'buffer_size': 15500, 'global_batch_id': 31}
2026-01-29 01:40:16,491 | INFO | EVENT retrain_fit batch_id=32 reason=periodic train_n=16000 wall=1.364882469177246 cpu=1.21875 rss_mb=None info={'period_batches': 1, 'stream_batches_seen': 27, 'buffer_size': 16000, 'global_batch_id': 32}
2026-01-29 01:40:17,896 | INFO | EVENT retrain_fit batch_id=33 reason=periodic train_n=16500 wall=1.3542180061340332 cpu=1.328125 rss_mb=None info={'period_batches': 1, 'stream_batches_seen': 28, 'buffer_size': 16500, 'global_batch_id': 33}
2026-01-29 01:40:19,367 | INFO | EVENT retrain_fit batch_id=34 reason=periodic train_n=17000 wall=1.41878080368042 cpu=1.359375 rss_mb=None info={'period_batches': 1, 'stream_batches_seen': 29, 'buffer_size': 17000, 'global_batch_id': 34}
2026-01-29 01:40:20,859 | INFO | EVENT retrain_fit batch_id=35 reason=periodic train_n=17500 wall=1.4496231079101562 cpu=1.453125 rss_mb=None info={'period_batches': 1, 'stream_batches_seen': 30, 'buffer_size': 17500, 'global_batch_id': 35}
2026-01-29 01:40:22,390 | INFO | EVENT retrain_fit batch_id=36 reason=periodic train_n=18000 wall=1.4873263835906982 cpu=1.5 rss_mb=None info={'period_batches': 1, 'stream_batches_seen': 31, 'buffer_size': 18000, 'global_batch_id': 36}
2026-01-29 01:40:23,971 | INFO | EVENT retrain_fit batch_id=37 reason=periodic train_n=18500 wall=1.535498857498169 cpu=1.515625 rss_mb=None info={'period_batches': 1, 'stream_batches_seen': 32, 'buffer_size': 18500, 'global_batch_id': 37}
2026-01-29 01:40:25,568 | INFO | EVENT retrain_fit batch_id=38 reason=periodic train_n=19000 wall=1.5499267578125 cpu=1.546875 rss_mb=None info={'period_batches': 1, 'stream_batches_seen': 33, 'buffer_size': 19000, 'global_batch_id': 38}
2026-01-29 01:40:27,215 | INFO | EVENT retrain_fit batch_id=39 reason=periodic train_n=19500 wall=1.597076654434204 cpu=1.578125 rss_mb=None info={'period_batches': 1, 'stream_batches_seen': 34, 'buffer_size': 19500, 'global_batch_id': 39}
2026-01-29 01:40:29,279 | INFO | EVENT retrain_fit batch_id=40 reason=periodic train_n=20000 wall=2.0169034004211426 cpu=2.0 rss_mb=None info={'period_batches': 1, 'stream_batches_seen': 35, 'buffer_size': 20000, 'global_batch_id': 40}
2026-01-29 01:40:31,079 | INFO | EVENT retrain_fit batch_id=41 reason=periodic train_n=20500 wall=1.7517104148864746 cpu=1.734375 rss_mb=None info={'period_batches': 1, 'stream_batches_seen': 36, 'buffer_size': 20500, 'global_batch_id': 41}
2026-01-29 01:40:32,926 | INFO | EVENT retrain_fit batch_id=42 reason=periodic train_n=21000 wall=1.7931575775146484 cpu=1.796875 rss_mb=None info={'period_batches': 1, 'stream_batches_seen': 37, 'buffer_size': 21000, 'global_batch_id': 42}
2026-01-29 01:40:34,803 | INFO | EVENT retrain_fit batch_id=43 reason=periodic train_n=21500 wall=1.830033540725708 cpu=1.828125 rss_mb=None info={'period_batches': 1, 'stream_batches_seen': 38, 'buffer_size': 21500, 'global_batch_id': 43}
2026-01-29 01:40:36,744 | INFO | EVENT retrain_fit batch_id=44 reason=periodic train_n=22000 wall=1.8939175605773926 cpu=1.890625 rss_mb=None info={'period_batches': 1, 'stream_batches_seen': 39, 'buffer_size': 22000, 'global_batch_id': 44}
2026-01-29 01:40:38,722 | INFO | EVENT retrain_fit batch_id=45 reason=periodic train_n=22500 wall=1.9311003684997559 cpu=1.9375 rss_mb=None info={'period_batches': 1, 'stream_batches_seen': 40, 'buffer_size': 22500, 'global_batch_id': 45}
2026-01-29 01:40:38,722 | INFO | Run finished. total={'wall_sec': 47.33386707305908, 'cpu_sec': 46.859375, 'cpu_pct': 98.99756326199439, 'rss_mb': None} peak_rss_mb=None
