2026-01-29 01:28:33,258 | INFO | Run started: run_id=label_temporary__retrain_p1_last_window_wb1_fit__012833
2026-01-29 01:28:33,258 | INFO | run_dir=C:\Poly\Diploma\v2\outputs\20260129_012640__label_temporary_sgd\runs\label_temporary__retrain_p1_last_window_wb1_fit__012833
2026-01-29 01:28:34,460 | INFO | EVENT pretrain_fit batch_id=None reason=pretrain train_n=2500 wall=0.24768495559692383 cpu=0.25 rss_mb=None info={'pretrain_batches': 5, 'pre_acc': 0.9976, 'pre_f1_macro': 0.9932855383028706}
2026-01-29 01:28:34,559 | INFO | EVENT retrain_fit batch_id=6 reason=periodic train_n=500 wall=0.047226667404174805 cpu=0.046875 rss_mb=None info={'period_batches': 1, 'stream_batches_seen': 1, 'buffer_size': 500, 'global_batch_id': 6}
2026-01-29 01:28:34,671 | INFO | EVENT retrain_fit batch_id=7 reason=periodic train_n=500 wall=0.05047178268432617 cpu=0.046875 rss_mb=None info={'period_batches': 1, 'stream_batches_seen': 2, 'buffer_size': 500, 'global_batch_id': 7}
2026-01-29 01:28:34,767 | INFO | EVENT retrain_fit batch_id=8 reason=periodic train_n=500 wall=0.046511173248291016 cpu=0.046875 rss_mb=None info={'period_batches': 1, 'stream_batches_seen': 3, 'buffer_size': 500, 'global_batch_id': 8}
2026-01-29 01:28:34,866 | INFO | EVENT retrain_fit batch_id=9 reason=periodic train_n=500 wall=0.049767255783081055 cpu=0.046875 rss_mb=None info={'period_batches': 1, 'stream_batches_seen': 4, 'buffer_size': 500, 'global_batch_id': 9}
2026-01-29 01:28:34,964 | INFO | EVENT retrain_fit batch_id=10 reason=periodic train_n=500 wall=0.04778575897216797 cpu=0.046875 rss_mb=None info={'period_batches': 1, 'stream_batches_seen': 5, 'buffer_size': 500, 'global_batch_id': 10}
2026-01-29 01:28:35,070 | INFO | EVENT retrain_fit batch_id=11 reason=periodic train_n=500 wall=0.04582357406616211 cpu=0.046875 rss_mb=None info={'period_batches': 1, 'stream_batches_seen': 6, 'buffer_size': 500, 'global_batch_id': 11}
2026-01-29 01:28:35,180 | INFO | EVENT retrain_fit batch_id=12 reason=periodic train_n=500 wall=0.05004596710205078 cpu=0.0625 rss_mb=None info={'period_batches': 1, 'stream_batches_seen': 7, 'buffer_size': 500, 'global_batch_id': 12}
2026-01-29 01:28:35,272 | INFO | EVENT retrain_fit batch_id=13 reason=periodic train_n=500 wall=0.04454803466796875 cpu=0.03125 rss_mb=None info={'period_batches': 1, 'stream_batches_seen': 8, 'buffer_size': 500, 'global_batch_id': 13}
2026-01-29 01:28:35,422 | INFO | EVENT retrain_fit batch_id=14 reason=periodic train_n=500 wall=0.07360482215881348 cpu=0.078125 rss_mb=None info={'period_batches': 1, 'stream_batches_seen': 9, 'buffer_size': 500, 'global_batch_id': 14}
2026-01-29 01:28:35,528 | INFO | EVENT retrain_fit batch_id=15 reason=periodic train_n=500 wall=0.0512394905090332 cpu=0.0625 rss_mb=None info={'period_batches': 1, 'stream_batches_seen': 10, 'buffer_size': 500, 'global_batch_id': 15}
2026-01-29 01:28:35,609 | INFO | EVENT retrain_fit batch_id=16 reason=periodic train_n=500 wall=0.037885189056396484 cpu=0.046875 rss_mb=None info={'period_batches': 1, 'stream_batches_seen': 11, 'buffer_size': 500, 'global_batch_id': 16}
2026-01-29 01:28:35,708 | INFO | EVENT retrain_fit batch_id=17 reason=periodic train_n=500 wall=0.04756283760070801 cpu=0.046875 rss_mb=None info={'period_batches': 1, 'stream_batches_seen': 12, 'buffer_size': 500, 'global_batch_id': 17}
2026-01-29 01:28:35,792 | INFO | EVENT retrain_fit batch_id=18 reason=periodic train_n=500 wall=0.039144277572631836 cpu=0.046875 rss_mb=None info={'period_batches': 1, 'stream_batches_seen': 13, 'buffer_size': 500, 'global_batch_id': 18}
2026-01-29 01:28:35,869 | INFO | EVENT retrain_fit batch_id=19 reason=periodic train_n=500 wall=0.03820395469665527 cpu=0.046875 rss_mb=None info={'period_batches': 1, 'stream_batches_seen': 14, 'buffer_size': 500, 'global_batch_id': 19}
2026-01-29 01:28:35,955 | INFO | EVENT retrain_fit batch_id=20 reason=periodic train_n=500 wall=0.04242897033691406 cpu=0.046875 rss_mb=None info={'period_batches': 1, 'stream_batches_seen': 15, 'buffer_size': 500, 'global_batch_id': 20}
2026-01-29 01:28:36,033 | INFO | EVENT retrain_fit batch_id=21 reason=periodic train_n=500 wall=0.03613090515136719 cpu=0.03125 rss_mb=None info={'period_batches': 1, 'stream_batches_seen': 16, 'buffer_size': 500, 'global_batch_id': 21}
2026-01-29 01:28:36,130 | INFO | EVENT retrain_fit batch_id=22 reason=periodic train_n=500 wall=0.04810976982116699 cpu=0.046875 rss_mb=None info={'period_batches': 1, 'stream_batches_seen': 17, 'buffer_size': 500, 'global_batch_id': 22}
2026-01-29 01:28:36,235 | INFO | EVENT retrain_fit batch_id=23 reason=periodic train_n=500 wall=0.04803037643432617 cpu=0.046875 rss_mb=None info={'period_batches': 1, 'stream_batches_seen': 18, 'buffer_size': 500, 'global_batch_id': 23}
2026-01-29 01:28:36,320 | INFO | EVENT retrain_fit batch_id=24 reason=periodic train_n=500 wall=0.04203176498413086 cpu=0.03125 rss_mb=None info={'period_batches': 1, 'stream_batches_seen': 19, 'buffer_size': 500, 'global_batch_id': 24}
2026-01-29 01:28:36,409 | INFO | EVENT retrain_fit batch_id=25 reason=periodic train_n=500 wall=0.044439077377319336 cpu=0.046875 rss_mb=None info={'period_batches': 1, 'stream_batches_seen': 20, 'buffer_size': 500, 'global_batch_id': 25}
2026-01-29 01:28:36,511 | INFO | EVENT retrain_fit batch_id=26 reason=periodic train_n=500 wall=0.04754018783569336 cpu=0.046875 rss_mb=None info={'period_batches': 1, 'stream_batches_seen': 21, 'buffer_size': 500, 'global_batch_id': 26}
2026-01-29 01:28:36,591 | INFO | EVENT retrain_fit batch_id=27 reason=periodic train_n=500 wall=0.038048505783081055 cpu=0.046875 rss_mb=None info={'period_batches': 1, 'stream_batches_seen': 22, 'buffer_size': 500, 'global_batch_id': 27}
2026-01-29 01:28:36,685 | INFO | EVENT retrain_fit batch_id=28 reason=periodic train_n=500 wall=0.044986724853515625 cpu=0.046875 rss_mb=None info={'period_batches': 1, 'stream_batches_seen': 23, 'buffer_size': 500, 'global_batch_id': 28}
2026-01-29 01:28:36,774 | INFO | EVENT retrain_fit batch_id=29 reason=periodic train_n=500 wall=0.041745901107788086 cpu=0.03125 rss_mb=None info={'period_batches': 1, 'stream_batches_seen': 24, 'buffer_size': 500, 'global_batch_id': 29}
2026-01-29 01:28:36,873 | INFO | EVENT retrain_fit batch_id=30 reason=periodic train_n=500 wall=0.05299115180969238 cpu=0.046875 rss_mb=None info={'period_batches': 1, 'stream_batches_seen': 25, 'buffer_size': 500, 'global_batch_id': 30}
2026-01-29 01:28:36,966 | INFO | EVENT retrain_fit batch_id=31 reason=periodic train_n=500 wall=0.04621696472167969 cpu=0.046875 rss_mb=None info={'period_batches': 1, 'stream_batches_seen': 26, 'buffer_size': 500, 'global_batch_id': 31}
2026-01-29 01:28:37,061 | INFO | EVENT retrain_fit batch_id=32 reason=periodic train_n=500 wall=0.04671955108642578 cpu=0.046875 rss_mb=None info={'period_batches': 1, 'stream_batches_seen': 27, 'buffer_size': 500, 'global_batch_id': 32}
2026-01-29 01:28:37,181 | INFO | EVENT retrain_fit batch_id=33 reason=periodic train_n=500 wall=0.06337952613830566 cpu=0.078125 rss_mb=None info={'period_batches': 1, 'stream_batches_seen': 28, 'buffer_size': 500, 'global_batch_id': 33}
2026-01-29 01:28:37,286 | INFO | EVENT retrain_fit batch_id=34 reason=periodic train_n=500 wall=0.05188608169555664 cpu=0.046875 rss_mb=None info={'period_batches': 1, 'stream_batches_seen': 29, 'buffer_size': 500, 'global_batch_id': 34}
2026-01-29 01:28:37,376 | INFO | EVENT retrain_fit batch_id=35 reason=periodic train_n=500 wall=0.04365181922912598 cpu=0.046875 rss_mb=None info={'period_batches': 1, 'stream_batches_seen': 30, 'buffer_size': 500, 'global_batch_id': 35}
2026-01-29 01:28:37,467 | INFO | EVENT retrain_fit batch_id=36 reason=periodic train_n=500 wall=0.04358410835266113 cpu=0.046875 rss_mb=None info={'period_batches': 1, 'stream_batches_seen': 31, 'buffer_size': 500, 'global_batch_id': 36}
2026-01-29 01:28:37,568 | INFO | EVENT retrain_fit batch_id=37 reason=periodic train_n=500 wall=0.05005240440368652 cpu=0.046875 rss_mb=None info={'period_batches': 1, 'stream_batches_seen': 32, 'buffer_size': 500, 'global_batch_id': 37}
2026-01-29 01:28:37,663 | INFO | EVENT retrain_fit batch_id=38 reason=periodic train_n=500 wall=0.04754447937011719 cpu=0.046875 rss_mb=None info={'period_batches': 1, 'stream_batches_seen': 33, 'buffer_size': 500, 'global_batch_id': 38}
2026-01-29 01:28:37,763 | INFO | EVENT retrain_fit batch_id=39 reason=periodic train_n=500 wall=0.04905366897583008 cpu=0.046875 rss_mb=None info={'period_batches': 1, 'stream_batches_seen': 34, 'buffer_size': 500, 'global_batch_id': 39}
2026-01-29 01:28:37,856 | INFO | EVENT retrain_fit batch_id=40 reason=periodic train_n=500 wall=0.046047210693359375 cpu=0.046875 rss_mb=None info={'period_batches': 1, 'stream_batches_seen': 35, 'buffer_size': 500, 'global_batch_id': 40}
2026-01-29 01:28:37,949 | INFO | EVENT retrain_fit batch_id=41 reason=periodic train_n=500 wall=0.04557371139526367 cpu=0.046875 rss_mb=None info={'period_batches': 1, 'stream_batches_seen': 36, 'buffer_size': 500, 'global_batch_id': 41}
2026-01-29 01:28:38,054 | INFO | EVENT retrain_fit batch_id=42 reason=periodic train_n=500 wall=0.051043033599853516 cpu=0.046875 rss_mb=None info={'period_batches': 1, 'stream_batches_seen': 37, 'buffer_size': 500, 'global_batch_id': 42}
2026-01-29 01:28:38,151 | INFO | EVENT retrain_fit batch_id=43 reason=periodic train_n=500 wall=0.05103921890258789 cpu=0.0625 rss_mb=None info={'period_batches': 1, 'stream_batches_seen': 38, 'buffer_size': 500, 'global_batch_id': 43}
2026-01-29 01:28:38,254 | INFO | EVENT retrain_fit batch_id=44 reason=periodic train_n=500 wall=0.05198359489440918 cpu=0.046875 rss_mb=None info={'period_batches': 1, 'stream_batches_seen': 39, 'buffer_size': 500, 'global_batch_id': 44}
2026-01-29 01:28:38,344 | INFO | EVENT retrain_fit batch_id=45 reason=periodic train_n=500 wall=0.042180776596069336 cpu=0.046875 rss_mb=None info={'period_batches': 1, 'stream_batches_seen': 40, 'buffer_size': 500, 'global_batch_id': 45}
2026-01-29 01:28:38,344 | INFO | Run finished. total={'wall_sec': 5.086164712905884, 'cpu_sec': 5.0625, 'cpu_pct': 99.53472381958383, 'rss_mb': None} peak_rss_mb=None
