2026-01-29 02:56:40,278 | INFO | Run started: run_id=cfpb_company_sudden__retrain_p1_all_seen_fit__025640
2026-01-29 02:56:40,278 | INFO | run_dir=C:\Poly\Diploma\v2\outputs\20260129_025637__cfpb_gradual_pa\runs\cfpb_company_sudden__retrain_p1_all_seen_fit__025640
2026-01-29 02:56:42,551 | INFO | EVENT pretrain_fit batch_id=None reason=pretrain train_n=5000 wall=0.2813565731048584 cpu=0.28125 rss_mb=None info={'pretrain_batches': 10, 'pre_acc': 0.9536, 'pre_f1_macro': 0.9582352394786001}
2026-01-29 02:56:42,872 | INFO | EVENT retrain_fit batch_id=11 reason=periodic train_n=5500 wall=0.2974083423614502 cpu=0.296875 rss_mb=None info={'period_batches': 1, 'stream_batches_seen': 1, 'buffer_size': 5500, 'global_batch_id': 11}
2026-01-29 02:56:43,252 | INFO | EVENT retrain_fit batch_id=12 reason=periodic train_n=6000 wall=0.3410069942474365 cpu=0.34375 rss_mb=None info={'period_batches': 1, 'stream_batches_seen': 2, 'buffer_size': 6000, 'global_batch_id': 12}
2026-01-29 02:56:43,652 | INFO | EVENT retrain_fit batch_id=13 reason=periodic train_n=6500 wall=0.37799644470214844 cpu=0.375 rss_mb=None info={'period_batches': 1, 'stream_batches_seen': 3, 'buffer_size': 6500, 'global_batch_id': 13}
2026-01-29 02:56:44,102 | INFO | EVENT retrain_fit batch_id=14 reason=periodic train_n=7000 wall=0.4271576404571533 cpu=0.421875 rss_mb=None info={'period_batches': 1, 'stream_batches_seen': 4, 'buffer_size': 7000, 'global_batch_id': 14}
2026-01-29 02:56:44,556 | INFO | EVENT retrain_fit batch_id=15 reason=periodic train_n=7500 wall=0.4311809539794922 cpu=0.4375 rss_mb=None info={'period_batches': 1, 'stream_batches_seen': 5, 'buffer_size': 7500, 'global_batch_id': 15}
2026-01-29 02:56:45,267 | INFO | EVENT retrain_fit batch_id=16 reason=periodic train_n=8000 wall=0.6765909194946289 cpu=0.671875 rss_mb=None info={'period_batches': 1, 'stream_batches_seen': 6, 'buffer_size': 8000, 'global_batch_id': 16}
2026-01-29 02:56:45,991 | INFO | EVENT retrain_fit batch_id=17 reason=periodic train_n=8500 wall=0.6900033950805664 cpu=0.6875 rss_mb=None info={'period_batches': 1, 'stream_batches_seen': 7, 'buffer_size': 8500, 'global_batch_id': 17}
2026-01-29 02:56:46,524 | INFO | EVENT retrain_fit batch_id=18 reason=periodic train_n=9000 wall=0.4868619441986084 cpu=0.515625 rss_mb=None info={'period_batches': 1, 'stream_batches_seen': 8, 'buffer_size': 9000, 'global_batch_id': 18}
2026-01-29 02:56:47,094 | INFO | EVENT retrain_fit batch_id=19 reason=periodic train_n=9500 wall=0.5477924346923828 cpu=0.546875 rss_mb=None info={'period_batches': 1, 'stream_batches_seen': 9, 'buffer_size': 9500, 'global_batch_id': 19}
2026-01-29 02:56:47,665 | INFO | EVENT retrain_fit batch_id=20 reason=periodic train_n=10000 wall=0.5494601726531982 cpu=0.5625 rss_mb=None info={'period_batches': 1, 'stream_batches_seen': 10, 'buffer_size': 10000, 'global_batch_id': 20}
2026-01-29 02:56:48,279 | INFO | EVENT retrain_fit batch_id=21 reason=periodic train_n=10500 wall=0.5846331119537354 cpu=0.59375 rss_mb=None info={'period_batches': 1, 'stream_batches_seen': 11, 'buffer_size': 10500, 'global_batch_id': 21}
2026-01-29 02:56:48,956 | INFO | EVENT retrain_fit batch_id=22 reason=periodic train_n=11000 wall=0.6489992141723633 cpu=0.640625 rss_mb=None info={'period_batches': 1, 'stream_batches_seen': 12, 'buffer_size': 11000, 'global_batch_id': 22}
2026-01-29 02:56:49,634 | INFO | EVENT retrain_fit batch_id=23 reason=periodic train_n=11500 wall=0.6520466804504395 cpu=0.640625 rss_mb=None info={'period_batches': 1, 'stream_batches_seen': 13, 'buffer_size': 11500, 'global_batch_id': 23}
2026-01-29 02:56:50,399 | INFO | EVENT retrain_fit batch_id=24 reason=periodic train_n=12000 wall=0.7360751628875732 cpu=0.734375 rss_mb=None info={'period_batches': 1, 'stream_batches_seen': 14, 'buffer_size': 12000, 'global_batch_id': 24}
2026-01-29 02:56:51,177 | INFO | EVENT retrain_fit batch_id=25 reason=periodic train_n=12500 wall=0.7524194717407227 cpu=0.75 rss_mb=None info={'period_batches': 1, 'stream_batches_seen': 15, 'buffer_size': 12500, 'global_batch_id': 25}
2026-01-29 02:56:52,001 | INFO | EVENT retrain_fit batch_id=26 reason=periodic train_n=13000 wall=0.7957212924957275 cpu=0.796875 rss_mb=None info={'period_batches': 1, 'stream_batches_seen': 16, 'buffer_size': 13000, 'global_batch_id': 26}
2026-01-29 02:56:52,819 | INFO | EVENT retrain_fit batch_id=27 reason=periodic train_n=13500 wall=0.7898380756378174 cpu=0.78125 rss_mb=None info={'period_batches': 1, 'stream_batches_seen': 17, 'buffer_size': 13500, 'global_batch_id': 27}
2026-01-29 02:56:53,650 | INFO | EVENT retrain_fit batch_id=28 reason=periodic train_n=14000 wall=0.8035285472869873 cpu=0.796875 rss_mb=None info={'period_batches': 1, 'stream_batches_seen': 18, 'buffer_size': 14000, 'global_batch_id': 28}
2026-01-29 02:56:54,554 | INFO | EVENT retrain_fit batch_id=29 reason=periodic train_n=14500 wall=0.8784229755401611 cpu=0.875 rss_mb=None info={'period_batches': 1, 'stream_batches_seen': 19, 'buffer_size': 14500, 'global_batch_id': 29}
2026-01-29 02:56:55,507 | INFO | EVENT retrain_fit batch_id=30 reason=periodic train_n=15000 wall=0.9275786876678467 cpu=0.921875 rss_mb=None info={'period_batches': 1, 'stream_batches_seen': 20, 'buffer_size': 15000, 'global_batch_id': 30}
2026-01-29 02:56:56,509 | INFO | EVENT retrain_fit batch_id=31 reason=periodic train_n=15500 wall=0.9737372398376465 cpu=0.984375 rss_mb=None info={'period_batches': 1, 'stream_batches_seen': 21, 'buffer_size': 15500, 'global_batch_id': 31}
2026-01-29 02:56:57,509 | INFO | EVENT retrain_fit batch_id=32 reason=periodic train_n=16000 wall=0.9682731628417969 cpu=0.96875 rss_mb=None info={'period_batches': 1, 'stream_batches_seen': 22, 'buffer_size': 16000, 'global_batch_id': 32}
2026-01-29 02:56:58,526 | INFO | EVENT retrain_fit batch_id=33 reason=periodic train_n=16500 wall=0.9872756004333496 cpu=0.984375 rss_mb=None info={'period_batches': 1, 'stream_batches_seen': 23, 'buffer_size': 16500, 'global_batch_id': 33}
2026-01-29 02:56:59,571 | INFO | EVENT retrain_fit batch_id=34 reason=periodic train_n=17000 wall=1.0152626037597656 cpu=1.0 rss_mb=None info={'period_batches': 1, 'stream_batches_seen': 24, 'buffer_size': 17000, 'global_batch_id': 34}
2026-01-29 02:57:00,710 | INFO | EVENT retrain_fit batch_id=35 reason=periodic train_n=17500 wall=1.1093759536743164 cpu=1.109375 rss_mb=None info={'period_batches': 1, 'stream_batches_seen': 25, 'buffer_size': 17500, 'global_batch_id': 35}
2026-01-29 02:57:02,175 | INFO | EVENT retrain_fit batch_id=36 reason=periodic train_n=18000 wall=1.4247126579284668 cpu=1.390625 rss_mb=None info={'period_batches': 1, 'stream_batches_seen': 26, 'buffer_size': 18000, 'global_batch_id': 36}
2026-01-29 02:57:03,409 | INFO | EVENT retrain_fit batch_id=37 reason=periodic train_n=18500 wall=1.2077062129974365 cpu=1.1875 rss_mb=None info={'period_batches': 1, 'stream_batches_seen': 27, 'buffer_size': 18500, 'global_batch_id': 37}
2026-01-29 02:57:04,607 | INFO | EVENT retrain_fit batch_id=38 reason=periodic train_n=19000 wall=1.1717393398284912 cpu=1.171875 rss_mb=None info={'period_batches': 1, 'stream_batches_seen': 28, 'buffer_size': 19000, 'global_batch_id': 38}
2026-01-29 02:57:06,129 | INFO | EVENT retrain_fit batch_id=39 reason=periodic train_n=19500 wall=1.4923477172851562 cpu=1.46875 rss_mb=None info={'period_batches': 1, 'stream_batches_seen': 29, 'buffer_size': 19500, 'global_batch_id': 39}
2026-01-29 02:57:08,568 | INFO | EVENT retrain_fit batch_id=40 reason=periodic train_n=20000 wall=2.4100401401519775 cpu=1.78125 rss_mb=None info={'period_batches': 1, 'stream_batches_seen': 30, 'buffer_size': 20000, 'global_batch_id': 40}
2026-01-29 02:57:10,382 | INFO | EVENT retrain_fit batch_id=41 reason=periodic train_n=20500 wall=1.7773840427398682 cpu=1.75 rss_mb=None info={'period_batches': 1, 'stream_batches_seen': 31, 'buffer_size': 20500, 'global_batch_id': 41}
2026-01-29 02:57:12,042 | INFO | EVENT retrain_fit batch_id=42 reason=periodic train_n=21000 wall=1.6165437698364258 cpu=1.59375 rss_mb=None info={'period_batches': 1, 'stream_batches_seen': 32, 'buffer_size': 21000, 'global_batch_id': 42}
2026-01-29 02:57:13,404 | INFO | EVENT retrain_fit batch_id=43 reason=periodic train_n=21500 wall=1.328768014907837 cpu=1.328125 rss_mb=None info={'period_batches': 1, 'stream_batches_seen': 33, 'buffer_size': 21500, 'global_batch_id': 43}
2026-01-29 02:57:15,092 | INFO | EVENT retrain_fit batch_id=44 reason=periodic train_n=22000 wall=1.6632704734802246 cpu=1.671875 rss_mb=None info={'period_batches': 1, 'stream_batches_seen': 34, 'buffer_size': 22000, 'global_batch_id': 44}
2026-01-29 02:57:16,728 | INFO | EVENT retrain_fit batch_id=45 reason=periodic train_n=22500 wall=1.600679636001587 cpu=1.546875 rss_mb=None info={'period_batches': 1, 'stream_batches_seen': 35, 'buffer_size': 22500, 'global_batch_id': 45}
2026-01-29 02:57:16,729 | INFO | Run finished. total={'wall_sec': 36.45076942443848, 'cpu_sec': 35.609375, 'cpu_pct': 97.69169639564765, 'rss_mb': None} peak_rss_mb=None
