2026-01-27 18:42:39,470 | INFO | Run started: run_id=huffpost_years__retrain_p1_last_window_wb1_update__184239
2026-01-27 18:42:39,470 | INFO | run_dir=C:\Poly\Diploma\v2\outputs\20260127_184224__huffpost_pa_gradual\runs\huffpost_years__retrain_p1_last_window_wb1_update__184239
2026-01-27 18:42:39,565 | INFO | EVENT pretrain_fit batch_id=None reason=pretrain train_n=3000 wall=0.03865933418273926 cpu=0.015625 rss_mb=None info={'pretrain_batches': 6, 'pre_acc': 1.0, 'pre_f1_macro': 1.0}
2026-01-27 18:42:39,577 | INFO | EVENT retrain_update batch_id=7 reason=periodic train_n=500 wall=0.0027244091033935547 cpu=0.0 rss_mb=None info={'period_batches': 1, 'stream_batches_seen': 1, 'buffer_size': 500, 'global_batch_id': 7}
2026-01-27 18:42:39,587 | INFO | EVENT retrain_update batch_id=8 reason=periodic train_n=500 wall=0.0034248828887939453 cpu=0.0 rss_mb=None info={'period_batches': 1, 'stream_batches_seen': 2, 'buffer_size': 500, 'global_batch_id': 8}
2026-01-27 18:42:39,599 | INFO | EVENT retrain_update batch_id=9 reason=periodic train_n=500 wall=0.0030069351196289062 cpu=0.0 rss_mb=None info={'period_batches': 1, 'stream_batches_seen': 3, 'buffer_size': 500, 'global_batch_id': 9}
2026-01-27 18:42:39,608 | INFO | EVENT retrain_update batch_id=10 reason=periodic train_n=500 wall=0.00729060173034668 cpu=0.0 rss_mb=None info={'period_batches': 1, 'stream_batches_seen': 4, 'buffer_size': 500, 'global_batch_id': 10}
2026-01-27 18:42:39,618 | INFO | EVENT retrain_update batch_id=11 reason=periodic train_n=500 wall=0.004275083541870117 cpu=0.0 rss_mb=None info={'period_batches': 1, 'stream_batches_seen': 5, 'buffer_size': 500, 'global_batch_id': 11}
2026-01-27 18:42:39,628 | INFO | EVENT retrain_update batch_id=12 reason=periodic train_n=500 wall=0.003979206085205078 cpu=0.0 rss_mb=None info={'period_batches': 1, 'stream_batches_seen': 6, 'buffer_size': 500, 'global_batch_id': 12}
2026-01-27 18:42:39,637 | INFO | EVENT retrain_update batch_id=13 reason=periodic train_n=500 wall=0.003607511520385742 cpu=0.015625 rss_mb=None info={'period_batches': 1, 'stream_batches_seen': 7, 'buffer_size': 500, 'global_batch_id': 13}
2026-01-27 18:42:39,646 | INFO | EVENT retrain_update batch_id=14 reason=periodic train_n=500 wall=0.0030045509338378906 cpu=0.0 rss_mb=None info={'period_batches': 1, 'stream_batches_seen': 8, 'buffer_size': 500, 'global_batch_id': 14}
2026-01-27 18:42:39,655 | INFO | EVENT retrain_update batch_id=15 reason=periodic train_n=500 wall=0.004166126251220703 cpu=0.015625 rss_mb=None info={'period_batches': 1, 'stream_batches_seen': 9, 'buffer_size': 500, 'global_batch_id': 15}
2026-01-27 18:42:39,662 | INFO | EVENT retrain_update batch_id=16 reason=periodic train_n=500 wall=0.0024709701538085938 cpu=0.0 rss_mb=None info={'period_batches': 1, 'stream_batches_seen': 10, 'buffer_size': 500, 'global_batch_id': 16}
2026-01-27 18:42:39,671 | INFO | EVENT retrain_update batch_id=17 reason=periodic train_n=500 wall=0.0010380744934082031 cpu=0.0 rss_mb=None info={'period_batches': 1, 'stream_batches_seen': 11, 'buffer_size': 500, 'global_batch_id': 17}
2026-01-27 18:42:39,683 | INFO | EVENT retrain_update batch_id=18 reason=periodic train_n=500 wall=0.003573894500732422 cpu=0.015625 rss_mb=None info={'period_batches': 1, 'stream_batches_seen': 12, 'buffer_size': 500, 'global_batch_id': 18}
2026-01-27 18:42:39,690 | INFO | EVENT retrain_update batch_id=19 reason=periodic train_n=500 wall=0.0014624595642089844 cpu=0.0 rss_mb=None info={'period_batches': 1, 'stream_batches_seen': 13, 'buffer_size': 500, 'global_batch_id': 19}
2026-01-27 18:42:39,702 | INFO | EVENT retrain_update batch_id=20 reason=periodic train_n=500 wall=0.0039980411529541016 cpu=0.0 rss_mb=None info={'period_batches': 1, 'stream_batches_seen': 14, 'buffer_size': 500, 'global_batch_id': 20}
2026-01-27 18:42:39,711 | INFO | EVENT retrain_update batch_id=21 reason=periodic train_n=500 wall=0.003999471664428711 cpu=0.0 rss_mb=None info={'period_batches': 1, 'stream_batches_seen': 15, 'buffer_size': 500, 'global_batch_id': 21}
2026-01-27 18:42:39,720 | INFO | EVENT retrain_update batch_id=22 reason=periodic train_n=500 wall=0.003999948501586914 cpu=0.0 rss_mb=None info={'period_batches': 1, 'stream_batches_seen': 16, 'buffer_size': 500, 'global_batch_id': 22}
2026-01-27 18:42:39,729 | INFO | EVENT retrain_update batch_id=23 reason=periodic train_n=500 wall=0.004000186920166016 cpu=0.0 rss_mb=None info={'period_batches': 1, 'stream_batches_seen': 17, 'buffer_size': 500, 'global_batch_id': 23}
2026-01-27 18:42:39,739 | INFO | EVENT retrain_update batch_id=24 reason=periodic train_n=500 wall=0.0030007362365722656 cpu=0.0 rss_mb=None info={'period_batches': 1, 'stream_batches_seen': 18, 'buffer_size': 500, 'global_batch_id': 24}
2026-01-27 18:42:39,748 | INFO | EVENT retrain_update batch_id=25 reason=periodic train_n=500 wall=0.004000425338745117 cpu=0.015625 rss_mb=None info={'period_batches': 1, 'stream_batches_seen': 19, 'buffer_size': 500, 'global_batch_id': 25}
2026-01-27 18:42:39,757 | INFO | EVENT retrain_update batch_id=26 reason=periodic train_n=500 wall=0.0039980411529541016 cpu=0.0 rss_mb=None info={'period_batches': 1, 'stream_batches_seen': 20, 'buffer_size': 500, 'global_batch_id': 26}
2026-01-27 18:42:39,767 | INFO | EVENT retrain_update batch_id=27 reason=periodic train_n=500 wall=0.003998517990112305 cpu=0.0 rss_mb=None info={'period_batches': 1, 'stream_batches_seen': 21, 'buffer_size': 500, 'global_batch_id': 27}
2026-01-27 18:42:39,777 | INFO | EVENT retrain_update batch_id=28 reason=periodic train_n=500 wall=0.003999471664428711 cpu=0.0 rss_mb=None info={'period_batches': 1, 'stream_batches_seen': 22, 'buffer_size': 500, 'global_batch_id': 28}
2026-01-27 18:42:39,786 | INFO | EVENT retrain_update batch_id=29 reason=periodic train_n=500 wall=0.0039980411529541016 cpu=0.0 rss_mb=None info={'period_batches': 1, 'stream_batches_seen': 23, 'buffer_size': 500, 'global_batch_id': 29}
2026-01-27 18:42:39,795 | INFO | EVENT retrain_update batch_id=30 reason=periodic train_n=500 wall=0.003998756408691406 cpu=0.015625 rss_mb=None info={'period_batches': 1, 'stream_batches_seen': 24, 'buffer_size': 500, 'global_batch_id': 30}
2026-01-27 18:42:39,805 | INFO | EVENT retrain_update batch_id=31 reason=periodic train_n=500 wall=0.004000663757324219 cpu=0.0 rss_mb=None info={'period_batches': 1, 'stream_batches_seen': 25, 'buffer_size': 500, 'global_batch_id': 31}
2026-01-27 18:42:39,815 | INFO | EVENT retrain_update batch_id=32 reason=periodic train_n=500 wall=0.0040013790130615234 cpu=0.0 rss_mb=None info={'period_batches': 1, 'stream_batches_seen': 26, 'buffer_size': 500, 'global_batch_id': 32}
2026-01-27 18:42:39,825 | INFO | EVENT retrain_update batch_id=33 reason=periodic train_n=500 wall=0.003988981246948242 cpu=0.015625 rss_mb=None info={'period_batches': 1, 'stream_batches_seen': 27, 'buffer_size': 500, 'global_batch_id': 33}
2026-01-27 18:42:39,834 | INFO | EVENT retrain_update batch_id=34 reason=periodic train_n=500 wall=0.003999233245849609 cpu=0.0 rss_mb=None info={'period_batches': 1, 'stream_batches_seen': 28, 'buffer_size': 500, 'global_batch_id': 34}
2026-01-27 18:42:39,844 | INFO | EVENT retrain_update batch_id=35 reason=periodic train_n=500 wall=0.004000425338745117 cpu=0.0 rss_mb=None info={'period_batches': 1, 'stream_batches_seen': 29, 'buffer_size': 500, 'global_batch_id': 35}
2026-01-27 18:42:39,853 | INFO | EVENT retrain_update batch_id=36 reason=periodic train_n=500 wall=0.003999948501586914 cpu=0.0 rss_mb=None info={'period_batches': 1, 'stream_batches_seen': 30, 'buffer_size': 500, 'global_batch_id': 36}
2026-01-27 18:42:39,863 | INFO | EVENT retrain_update batch_id=37 reason=periodic train_n=500 wall=0.0039997100830078125 cpu=0.0 rss_mb=None info={'period_batches': 1, 'stream_batches_seen': 31, 'buffer_size': 500, 'global_batch_id': 37}
2026-01-27 18:42:39,873 | INFO | EVENT retrain_update batch_id=38 reason=periodic train_n=500 wall=0.004002094268798828 cpu=0.015625 rss_mb=None info={'period_batches': 1, 'stream_batches_seen': 32, 'buffer_size': 500, 'global_batch_id': 38}
2026-01-27 18:42:39,882 | INFO | EVENT retrain_update batch_id=39 reason=periodic train_n=500 wall=0.0039997100830078125 cpu=0.0 rss_mb=None info={'period_batches': 1, 'stream_batches_seen': 33, 'buffer_size': 500, 'global_batch_id': 39}
2026-01-27 18:42:39,892 | INFO | EVENT retrain_update batch_id=40 reason=periodic train_n=500 wall=0.003999233245849609 cpu=0.0 rss_mb=None info={'period_batches': 1, 'stream_batches_seen': 34, 'buffer_size': 500, 'global_batch_id': 40}
2026-01-27 18:42:39,901 | INFO | EVENT retrain_update batch_id=41 reason=periodic train_n=500 wall=0.003999948501586914 cpu=0.0 rss_mb=None info={'period_batches': 1, 'stream_batches_seen': 35, 'buffer_size': 500, 'global_batch_id': 41}
2026-01-27 18:42:39,912 | INFO | EVENT retrain_update batch_id=42 reason=periodic train_n=500 wall=0.004000186920166016 cpu=0.0 rss_mb=None info={'period_batches': 1, 'stream_batches_seen': 36, 'buffer_size': 500, 'global_batch_id': 42}
2026-01-27 18:42:39,912 | INFO | Run finished. total={'wall_sec': 0.4421055316925049, 'cpu_sec': 0.40625, 'cpu_pct': 91.8898251385275, 'rss_mb': None} peak_rss_mb=None
