2026-01-29 03:02:42,802 | INFO | Run started: run_id=cfpb_company_sudden__retrain_p1_all_seen_fit__030242
2026-01-29 03:02:42,802 | INFO | run_dir=C:\Poly\Diploma\v2\outputs\20260129_030239__cfpb_gradual_nb\runs\cfpb_company_sudden__retrain_p1_all_seen_fit__030242
2026-01-29 03:02:44,958 | INFO | EVENT pretrain_fit batch_id=None reason=pretrain train_n=5000 wall=0.17600035667419434 cpu=0.171875 rss_mb=None info={'pretrain_batches': 10, 'pre_acc': 0.6808, 'pre_f1_macro': 0.570003176745046}
2026-01-29 03:02:45,189 | INFO | EVENT retrain_fit batch_id=11 reason=periodic train_n=5500 wall=0.2070014476776123 cpu=0.203125 rss_mb=None info={'period_batches': 1, 'stream_batches_seen': 1, 'buffer_size': 5500, 'global_batch_id': 11}
2026-01-29 03:02:45,434 | INFO | EVENT retrain_fit batch_id=12 reason=periodic train_n=6000 wall=0.20600080490112305 cpu=0.203125 rss_mb=None info={'period_batches': 1, 'stream_batches_seen': 2, 'buffer_size': 6000, 'global_batch_id': 12}
2026-01-29 03:02:45,680 | INFO | EVENT retrain_fit batch_id=13 reason=periodic train_n=6500 wall=0.2220008373260498 cpu=0.21875 rss_mb=None info={'period_batches': 1, 'stream_batches_seen': 3, 'buffer_size': 6500, 'global_batch_id': 13}
2026-01-29 03:02:45,941 | INFO | EVENT retrain_fit batch_id=14 reason=periodic train_n=7000 wall=0.23848891258239746 cpu=0.234375 rss_mb=None info={'period_batches': 1, 'stream_batches_seen': 4, 'buffer_size': 7000, 'global_batch_id': 14}
2026-01-29 03:02:46,229 | INFO | EVENT retrain_fit batch_id=15 reason=periodic train_n=7500 wall=0.26384401321411133 cpu=0.265625 rss_mb=None info={'period_batches': 1, 'stream_batches_seen': 5, 'buffer_size': 7500, 'global_batch_id': 15}
2026-01-29 03:02:46,530 | INFO | EVENT retrain_fit batch_id=16 reason=periodic train_n=8000 wall=0.2763335704803467 cpu=0.28125 rss_mb=None info={'period_batches': 1, 'stream_batches_seen': 6, 'buffer_size': 8000, 'global_batch_id': 16}
2026-01-29 03:02:46,847 | INFO | EVENT retrain_fit batch_id=17 reason=periodic train_n=8500 wall=0.29567623138427734 cpu=0.296875 rss_mb=None info={'period_batches': 1, 'stream_batches_seen': 7, 'buffer_size': 8500, 'global_batch_id': 17}
2026-01-29 03:02:47,183 | INFO | EVENT retrain_fit batch_id=18 reason=periodic train_n=9000 wall=0.3144388198852539 cpu=0.3125 rss_mb=None info={'period_batches': 1, 'stream_batches_seen': 8, 'buffer_size': 9000, 'global_batch_id': 18}
2026-01-29 03:02:47,533 | INFO | EVENT retrain_fit batch_id=19 reason=periodic train_n=9500 wall=0.3295590877532959 cpu=0.328125 rss_mb=None info={'period_batches': 1, 'stream_batches_seen': 9, 'buffer_size': 9500, 'global_batch_id': 19}
2026-01-29 03:02:47,896 | INFO | EVENT retrain_fit batch_id=20 reason=periodic train_n=10000 wall=0.34247851371765137 cpu=0.34375 rss_mb=None info={'period_batches': 1, 'stream_batches_seen': 10, 'buffer_size': 10000, 'global_batch_id': 20}
2026-01-29 03:02:48,297 | INFO | EVENT retrain_fit batch_id=21 reason=periodic train_n=10500 wall=0.371920108795166 cpu=0.375 rss_mb=None info={'period_batches': 1, 'stream_batches_seen': 11, 'buffer_size': 10500, 'global_batch_id': 21}
2026-01-29 03:02:48,702 | INFO | EVENT retrain_fit batch_id=22 reason=periodic train_n=11000 wall=0.3788270950317383 cpu=0.375 rss_mb=None info={'period_batches': 1, 'stream_batches_seen': 12, 'buffer_size': 11000, 'global_batch_id': 22}
2026-01-29 03:02:49,132 | INFO | EVENT retrain_fit batch_id=23 reason=periodic train_n=11500 wall=0.4049997329711914 cpu=0.390625 rss_mb=None info={'period_batches': 1, 'stream_batches_seen': 13, 'buffer_size': 11500, 'global_batch_id': 23}
2026-01-29 03:02:49,601 | INFO | EVENT retrain_fit batch_id=24 reason=periodic train_n=12000 wall=0.43227362632751465 cpu=0.421875 rss_mb=None info={'period_batches': 1, 'stream_batches_seen': 14, 'buffer_size': 12000, 'global_batch_id': 24}
2026-01-29 03:02:50,069 | INFO | EVENT retrain_fit batch_id=25 reason=periodic train_n=12500 wall=0.4420039653778076 cpu=0.4375 rss_mb=None info={'period_batches': 1, 'stream_batches_seen': 15, 'buffer_size': 12500, 'global_batch_id': 25}
2026-01-29 03:02:50,586 | INFO | EVENT retrain_fit batch_id=26 reason=periodic train_n=13000 wall=0.4908874034881592 cpu=0.484375 rss_mb=None info={'period_batches': 1, 'stream_batches_seen': 16, 'buffer_size': 13000, 'global_batch_id': 26}
2026-01-29 03:02:51,100 | INFO | EVENT retrain_fit batch_id=27 reason=periodic train_n=13500 wall=0.4874730110168457 cpu=0.484375 rss_mb=None info={'period_batches': 1, 'stream_batches_seen': 17, 'buffer_size': 13500, 'global_batch_id': 27}
2026-01-29 03:02:51,650 | INFO | EVENT retrain_fit batch_id=28 reason=periodic train_n=14000 wall=0.5050742626190186 cpu=0.53125 rss_mb=None info={'period_batches': 1, 'stream_batches_seen': 18, 'buffer_size': 14000, 'global_batch_id': 28}
2026-01-29 03:02:52,218 | INFO | EVENT retrain_fit batch_id=29 reason=periodic train_n=14500 wall=0.5424349308013916 cpu=0.546875 rss_mb=None info={'period_batches': 1, 'stream_batches_seen': 19, 'buffer_size': 14500, 'global_batch_id': 29}
2026-01-29 03:02:52,966 | INFO | EVENT retrain_fit batch_id=30 reason=periodic train_n=15000 wall=0.7200047969818115 cpu=0.71875 rss_mb=None info={'period_batches': 1, 'stream_batches_seen': 20, 'buffer_size': 15000, 'global_batch_id': 30}
2026-01-29 03:02:53,891 | INFO | EVENT retrain_fit batch_id=31 reason=periodic train_n=15500 wall=0.8859126567840576 cpu=0.890625 rss_mb=None info={'period_batches': 1, 'stream_batches_seen': 21, 'buffer_size': 15500, 'global_batch_id': 31}
2026-01-29 03:02:54,587 | INFO | EVENT retrain_fit batch_id=32 reason=periodic train_n=16000 wall=0.6610496044158936 cpu=0.671875 rss_mb=None info={'period_batches': 1, 'stream_batches_seen': 22, 'buffer_size': 16000, 'global_batch_id': 32}
2026-01-29 03:02:55,242 | INFO | EVENT retrain_fit batch_id=33 reason=periodic train_n=16500 wall=0.6254940032958984 cpu=0.625 rss_mb=None info={'period_batches': 1, 'stream_batches_seen': 23, 'buffer_size': 16500, 'global_batch_id': 33}
2026-01-29 03:02:55,898 | INFO | EVENT retrain_fit batch_id=34 reason=periodic train_n=17000 wall=0.6260168552398682 cpu=0.640625 rss_mb=None info={'period_batches': 1, 'stream_batches_seen': 24, 'buffer_size': 17000, 'global_batch_id': 34}
2026-01-29 03:02:56,606 | INFO | EVENT retrain_fit batch_id=35 reason=periodic train_n=17500 wall=0.6666572093963623 cpu=0.671875 rss_mb=None info={'period_batches': 1, 'stream_batches_seen': 25, 'buffer_size': 17500, 'global_batch_id': 35}
2026-01-29 03:02:57,331 | INFO | EVENT retrain_fit batch_id=36 reason=periodic train_n=18000 wall=0.6972346305847168 cpu=0.6875 rss_mb=None info={'period_batches': 1, 'stream_batches_seen': 26, 'buffer_size': 18000, 'global_batch_id': 36}
2026-01-29 03:02:58,055 | INFO | EVENT retrain_fit batch_id=37 reason=periodic train_n=18500 wall=0.6996843814849854 cpu=0.703125 rss_mb=None info={'period_batches': 1, 'stream_batches_seen': 27, 'buffer_size': 18500, 'global_batch_id': 37}
2026-01-29 03:02:58,799 | INFO | EVENT retrain_fit batch_id=38 reason=periodic train_n=19000 wall=0.7210006713867188 cpu=0.71875 rss_mb=None info={'period_batches': 1, 'stream_batches_seen': 28, 'buffer_size': 19000, 'global_batch_id': 38}
2026-01-29 03:02:59,581 | INFO | EVENT retrain_fit batch_id=39 reason=periodic train_n=19500 wall=0.7532498836517334 cpu=0.75 rss_mb=None info={'period_batches': 1, 'stream_batches_seen': 29, 'buffer_size': 19500, 'global_batch_id': 39}
2026-01-29 03:03:00,370 | INFO | EVENT retrain_fit batch_id=40 reason=periodic train_n=20000 wall=0.7611148357391357 cpu=0.765625 rss_mb=None info={'period_batches': 1, 'stream_batches_seen': 30, 'buffer_size': 20000, 'global_batch_id': 40}
2026-01-29 03:03:01,192 | INFO | EVENT retrain_fit batch_id=41 reason=periodic train_n=20500 wall=0.7960422039031982 cpu=0.796875 rss_mb=None info={'period_batches': 1, 'stream_batches_seen': 31, 'buffer_size': 20500, 'global_batch_id': 41}
2026-01-29 03:03:02,023 | INFO | EVENT retrain_fit batch_id=42 reason=periodic train_n=21000 wall=0.7993779182434082 cpu=0.796875 rss_mb=None info={'period_batches': 1, 'stream_batches_seen': 32, 'buffer_size': 21000, 'global_batch_id': 42}
2026-01-29 03:03:02,880 | INFO | EVENT retrain_fit batch_id=43 reason=periodic train_n=21500 wall=0.8300652503967285 cpu=0.828125 rss_mb=None info={'period_batches': 1, 'stream_batches_seen': 33, 'buffer_size': 21500, 'global_batch_id': 43}
2026-01-29 03:03:03,754 | INFO | EVENT retrain_fit batch_id=44 reason=periodic train_n=22000 wall=0.848883867263794 cpu=0.84375 rss_mb=None info={'period_batches': 1, 'stream_batches_seen': 34, 'buffer_size': 22000, 'global_batch_id': 44}
2026-01-29 03:03:04,650 | INFO | EVENT retrain_fit batch_id=45 reason=periodic train_n=22500 wall=0.8685047626495361 cpu=0.875 rss_mb=None info={'period_batches': 1, 'stream_batches_seen': 35, 'buffer_size': 22500, 'global_batch_id': 45}
2026-01-29 03:03:04,651 | INFO | Run finished. total={'wall_sec': 21.848217248916626, 'cpu_sec': 21.84375, 'cpu_pct': 99.97955325660793, 'rss_mb': None} peak_rss_mb=None
