2026-01-27 14:04:27,962 | INFO | Run started: run_id=huffpost_years__retrain_p1_all_seen_fit__140427
2026-01-27 14:04:27,962 | INFO | run_dir=C:\Poly\Diploma\v2\outputs\20260127_140427__huffpost_sgd_gradual\runs\huffpost_years__retrain_p1_all_seen_fit__140427
2026-01-27 14:04:28,069 | INFO | EVENT pretrain_fit batch_id=None reason=pretrain train_n=3000 wall=0.034999847412109375 cpu=0.03125 rss_mb=None info={'pretrain_batches': 6, 'pre_acc': 0.9376666666666666, 'pre_f1_macro': 0.9275767595642744}
2026-01-27 14:04:28,108 | INFO | EVENT retrain_fit batch_id=7 reason=periodic train_n=3500 wall=0.03199958801269531 cpu=0.03125 rss_mb=None info={'period_batches': 1, 'stream_batches_seen': 1, 'buffer_size': 3500, 'global_batch_id': 7}
2026-01-27 14:04:28,151 | INFO | EVENT retrain_fit batch_id=8 reason=periodic train_n=4000 wall=0.03600358963012695 cpu=0.03125 rss_mb=None info={'period_batches': 1, 'stream_batches_seen': 2, 'buffer_size': 4000, 'global_batch_id': 8}
2026-01-27 14:04:28,198 | INFO | EVENT retrain_fit batch_id=9 reason=periodic train_n=4500 wall=0.03999805450439453 cpu=0.03125 rss_mb=None info={'period_batches': 1, 'stream_batches_seen': 3, 'buffer_size': 4500, 'global_batch_id': 9}
2026-01-27 14:04:28,246 | INFO | EVENT retrain_fit batch_id=10 reason=periodic train_n=5000 wall=0.0429997444152832 cpu=0.03125 rss_mb=None info={'period_batches': 1, 'stream_batches_seen': 4, 'buffer_size': 5000, 'global_batch_id': 10}
2026-01-27 14:04:28,299 | INFO | EVENT retrain_fit batch_id=11 reason=periodic train_n=5500 wall=0.046999454498291016 cpu=0.046875 rss_mb=None info={'period_batches': 1, 'stream_batches_seen': 5, 'buffer_size': 5500, 'global_batch_id': 11}
2026-01-27 14:04:28,356 | INFO | EVENT retrain_fit batch_id=12 reason=periodic train_n=6000 wall=0.05100107192993164 cpu=0.046875 rss_mb=None info={'period_batches': 1, 'stream_batches_seen': 6, 'buffer_size': 6000, 'global_batch_id': 12}
2026-01-27 14:04:28,418 | INFO | EVENT retrain_fit batch_id=13 reason=periodic train_n=6500 wall=0.05600237846374512 cpu=0.046875 rss_mb=None info={'period_batches': 1, 'stream_batches_seen': 7, 'buffer_size': 6500, 'global_batch_id': 13}
2026-01-27 14:04:28,484 | INFO | EVENT retrain_fit batch_id=14 reason=periodic train_n=7000 wall=0.058997392654418945 cpu=0.046875 rss_mb=None info={'period_batches': 1, 'stream_batches_seen': 8, 'buffer_size': 7000, 'global_batch_id': 14}
2026-01-27 14:04:28,547 | INFO | EVENT retrain_fit batch_id=15 reason=periodic train_n=7500 wall=0.05733036994934082 cpu=0.0625 rss_mb=None info={'period_batches': 1, 'stream_batches_seen': 9, 'buffer_size': 7500, 'global_batch_id': 15}
2026-01-27 14:04:28,625 | INFO | EVENT retrain_fit batch_id=16 reason=periodic train_n=8000 wall=0.06722807884216309 cpu=0.078125 rss_mb=None info={'period_batches': 1, 'stream_batches_seen': 10, 'buffer_size': 8000, 'global_batch_id': 16}
2026-01-27 14:04:28,703 | INFO | EVENT retrain_fit batch_id=17 reason=periodic train_n=8500 wall=0.07200193405151367 cpu=0.078125 rss_mb=None info={'period_batches': 1, 'stream_batches_seen': 11, 'buffer_size': 8500, 'global_batch_id': 17}
2026-01-27 14:04:28,785 | INFO | EVENT retrain_fit batch_id=18 reason=periodic train_n=9000 wall=0.07500195503234863 cpu=0.078125 rss_mb=None info={'period_batches': 1, 'stream_batches_seen': 12, 'buffer_size': 9000, 'global_batch_id': 18}
2026-01-27 14:04:28,869 | INFO | EVENT retrain_fit batch_id=19 reason=periodic train_n=9500 wall=0.07800054550170898 cpu=0.078125 rss_mb=None info={'period_batches': 1, 'stream_batches_seen': 13, 'buffer_size': 9500, 'global_batch_id': 19}
2026-01-27 14:04:28,956 | INFO | EVENT retrain_fit batch_id=20 reason=periodic train_n=10000 wall=0.0819859504699707 cpu=0.078125 rss_mb=None info={'period_batches': 1, 'stream_batches_seen': 14, 'buffer_size': 10000, 'global_batch_id': 20}
2026-01-27 14:04:29,048 | INFO | EVENT retrain_fit batch_id=21 reason=periodic train_n=10500 wall=0.08481931686401367 cpu=0.09375 rss_mb=None info={'period_batches': 1, 'stream_batches_seen': 15, 'buffer_size': 10500, 'global_batch_id': 21}
2026-01-27 14:04:29,145 | INFO | EVENT retrain_fit batch_id=22 reason=periodic train_n=11000 wall=0.09027981758117676 cpu=0.09375 rss_mb=None info={'period_batches': 1, 'stream_batches_seen': 16, 'buffer_size': 11000, 'global_batch_id': 22}
2026-01-27 14:04:29,245 | INFO | EVENT retrain_fit batch_id=23 reason=periodic train_n=11500 wall=0.0938422679901123 cpu=0.09375 rss_mb=None info={'period_batches': 1, 'stream_batches_seen': 17, 'buffer_size': 11500, 'global_batch_id': 23}
2026-01-27 14:04:29,349 | INFO | EVENT retrain_fit batch_id=24 reason=periodic train_n=12000 wall=0.09776735305786133 cpu=0.09375 rss_mb=None info={'period_batches': 1, 'stream_batches_seen': 18, 'buffer_size': 12000, 'global_batch_id': 24}
2026-01-27 14:04:29,455 | INFO | EVENT retrain_fit batch_id=25 reason=periodic train_n=12500 wall=0.10000228881835938 cpu=0.109375 rss_mb=None info={'period_batches': 1, 'stream_batches_seen': 19, 'buffer_size': 12500, 'global_batch_id': 25}
2026-01-27 14:04:29,567 | INFO | EVENT retrain_fit batch_id=26 reason=periodic train_n=13000 wall=0.10599946975708008 cpu=0.109375 rss_mb=None info={'period_batches': 1, 'stream_batches_seen': 20, 'buffer_size': 13000, 'global_batch_id': 26}
2026-01-27 14:04:29,684 | INFO | EVENT retrain_fit batch_id=27 reason=periodic train_n=13500 wall=0.1117393970489502 cpu=0.109375 rss_mb=None info={'period_batches': 1, 'stream_batches_seen': 21, 'buffer_size': 13500, 'global_batch_id': 27}
2026-01-27 14:04:29,822 | INFO | EVENT retrain_fit batch_id=28 reason=periodic train_n=14000 wall=0.12988495826721191 cpu=0.109375 rss_mb=None info={'period_batches': 1, 'stream_batches_seen': 22, 'buffer_size': 14000, 'global_batch_id': 28}
2026-01-27 14:04:29,948 | INFO | EVENT retrain_fit batch_id=29 reason=periodic train_n=14500 wall=0.11835098266601562 cpu=0.109375 rss_mb=None info={'period_batches': 1, 'stream_batches_seen': 23, 'buffer_size': 14500, 'global_batch_id': 29}
2026-01-27 14:04:30,073 | INFO | EVENT retrain_fit batch_id=30 reason=periodic train_n=15000 wall=0.11937999725341797 cpu=0.125 rss_mb=None info={'period_batches': 1, 'stream_batches_seen': 24, 'buffer_size': 15000, 'global_batch_id': 30}
2026-01-27 14:04:30,212 | INFO | EVENT retrain_fit batch_id=31 reason=periodic train_n=15500 wall=0.1247861385345459 cpu=0.125 rss_mb=None info={'period_batches': 1, 'stream_batches_seen': 25, 'buffer_size': 15500, 'global_batch_id': 31}
2026-01-27 14:04:30,348 | INFO | EVENT retrain_fit batch_id=32 reason=periodic train_n=16000 wall=0.12881922721862793 cpu=0.125 rss_mb=None info={'period_batches': 1, 'stream_batches_seen': 26, 'buffer_size': 16000, 'global_batch_id': 32}
2026-01-27 14:04:30,491 | INFO | EVENT retrain_fit batch_id=33 reason=periodic train_n=16500 wall=0.13345599174499512 cpu=0.140625 rss_mb=None info={'period_batches': 1, 'stream_batches_seen': 27, 'buffer_size': 16500, 'global_batch_id': 33}
2026-01-27 14:04:30,635 | INFO | EVENT retrain_fit batch_id=34 reason=periodic train_n=17000 wall=0.13642430305480957 cpu=0.125 rss_mb=None info={'period_batches': 1, 'stream_batches_seen': 28, 'buffer_size': 17000, 'global_batch_id': 34}
2026-01-27 14:04:30,784 | INFO | EVENT retrain_fit batch_id=35 reason=periodic train_n=17500 wall=0.14200282096862793 cpu=0.140625 rss_mb=None info={'period_batches': 1, 'stream_batches_seen': 29, 'buffer_size': 17500, 'global_batch_id': 35}
2026-01-27 14:04:30,938 | INFO | EVENT retrain_fit batch_id=36 reason=periodic train_n=18000 wall=0.14684247970581055 cpu=0.15625 rss_mb=None info={'period_batches': 1, 'stream_batches_seen': 30, 'buffer_size': 18000, 'global_batch_id': 36}
2026-01-27 14:04:31,100 | INFO | EVENT retrain_fit batch_id=37 reason=periodic train_n=18500 wall=0.15644168853759766 cpu=0.15625 rss_mb=None info={'period_batches': 1, 'stream_batches_seen': 31, 'buffer_size': 18500, 'global_batch_id': 37}
2026-01-27 14:04:31,261 | INFO | EVENT retrain_fit batch_id=38 reason=periodic train_n=19000 wall=0.15400266647338867 cpu=0.15625 rss_mb=None info={'period_batches': 1, 'stream_batches_seen': 32, 'buffer_size': 19000, 'global_batch_id': 38}
2026-01-27 14:04:31,413 | INFO | EVENT retrain_fit batch_id=39 reason=periodic train_n=19500 wall=0.14524531364440918 cpu=0.15625 rss_mb=None info={'period_batches': 1, 'stream_batches_seen': 33, 'buffer_size': 19500, 'global_batch_id': 39}
2026-01-27 14:04:31,582 | INFO | EVENT retrain_fit batch_id=40 reason=periodic train_n=20000 wall=0.14938712120056152 cpu=0.171875 rss_mb=None info={'period_batches': 1, 'stream_batches_seen': 34, 'buffer_size': 20000, 'global_batch_id': 40}
2026-01-27 14:04:31,770 | INFO | EVENT retrain_fit batch_id=41 reason=periodic train_n=20500 wall=0.16812872886657715 cpu=0.171875 rss_mb=None info={'period_batches': 1, 'stream_batches_seen': 35, 'buffer_size': 20500, 'global_batch_id': 41}
2026-01-27 14:04:31,958 | INFO | EVENT retrain_fit batch_id=42 reason=periodic train_n=21000 wall=0.18123865127563477 cpu=0.1875 rss_mb=None info={'period_batches': 1, 'stream_batches_seen': 36, 'buffer_size': 21000, 'global_batch_id': 42}
2026-01-27 14:04:31,958 | INFO | Run finished. total={'wall_sec': 3.995701313018799, 'cpu_sec': 3.984375, 'cpu_pct': 99.71653754543925, 'rss_mb': None} peak_rss_mb=None
