2026-01-28 04:21:22,534 | INFO | Run started: run_id=BE_temporary__retrain_p1_all_seen_fit__042122
2026-01-28 04:21:22,534 | INFO | run_dir=C:\Poly\Diploma\v2\outputs\20260128_042121__domain_temporary\runs\BE_temporary__retrain_p1_all_seen_fit__042122
2026-01-28 04:21:22,852 | INFO | EVENT pretrain_fit batch_id=None reason=pretrain train_n=2500 wall=0.040517330169677734 cpu=0.046875 rss_mb=None info={'pretrain_batches': 5, 'pre_acc': 1.0, 'pre_f1_macro': 1.0}
2026-01-28 04:21:22,911 | INFO | EVENT retrain_fit batch_id=6 reason=periodic train_n=3000 wall=0.047998666763305664 cpu=0.046875 rss_mb=None info={'period_batches': 1, 'stream_batches_seen': 1, 'buffer_size': 3000, 'global_batch_id': 6}
2026-01-28 04:21:22,986 | INFO | EVENT retrain_fit batch_id=7 reason=periodic train_n=3500 wall=0.060999155044555664 cpu=0.0625 rss_mb=None info={'period_batches': 1, 'stream_batches_seen': 2, 'buffer_size': 3500, 'global_batch_id': 7}
2026-01-28 04:21:23,061 | INFO | EVENT retrain_fit batch_id=8 reason=periodic train_n=4000 wall=0.06399989128112793 cpu=0.0625 rss_mb=None info={'period_batches': 1, 'stream_batches_seen': 3, 'buffer_size': 4000, 'global_batch_id': 8}
2026-01-28 04:21:23,144 | INFO | EVENT retrain_fit batch_id=9 reason=periodic train_n=4500 wall=0.07199907302856445 cpu=0.078125 rss_mb=None info={'period_batches': 1, 'stream_batches_seen': 4, 'buffer_size': 4500, 'global_batch_id': 9}
2026-01-28 04:21:23,235 | INFO | EVENT retrain_fit batch_id=10 reason=periodic train_n=5000 wall=0.07999849319458008 cpu=0.078125 rss_mb=None info={'period_batches': 1, 'stream_batches_seen': 5, 'buffer_size': 5000, 'global_batch_id': 10}
2026-01-28 04:21:23,343 | INFO | EVENT retrain_fit batch_id=11 reason=periodic train_n=5500 wall=0.09599781036376953 cpu=0.09375 rss_mb=None info={'period_batches': 1, 'stream_batches_seen': 6, 'buffer_size': 5500, 'global_batch_id': 11}
2026-01-28 04:21:23,444 | INFO | EVENT retrain_fit batch_id=12 reason=periodic train_n=6000 wall=0.08988356590270996 cpu=0.09375 rss_mb=None info={'period_batches': 1, 'stream_batches_seen': 7, 'buffer_size': 6000, 'global_batch_id': 12}
2026-01-28 04:21:23,549 | INFO | EVENT retrain_fit batch_id=13 reason=periodic train_n=6500 wall=0.08998298645019531 cpu=0.109375 rss_mb=None info={'period_batches': 1, 'stream_batches_seen': 8, 'buffer_size': 6500, 'global_batch_id': 13}
2026-01-28 04:21:23,684 | INFO | EVENT retrain_fit batch_id=14 reason=periodic train_n=7000 wall=0.11168265342712402 cpu=0.109375 rss_mb=None info={'period_batches': 1, 'stream_batches_seen': 9, 'buffer_size': 7000, 'global_batch_id': 14}
2026-01-28 04:21:23,807 | INFO | EVENT retrain_fit batch_id=15 reason=periodic train_n=7500 wall=0.1126868724822998 cpu=0.109375 rss_mb=None info={'period_batches': 1, 'stream_batches_seen': 10, 'buffer_size': 7500, 'global_batch_id': 15}
2026-01-28 04:21:23,937 | INFO | EVENT retrain_fit batch_id=16 reason=periodic train_n=8000 wall=0.11899948120117188 cpu=0.125 rss_mb=None info={'period_batches': 1, 'stream_batches_seen': 11, 'buffer_size': 8000, 'global_batch_id': 16}
2026-01-28 04:21:24,077 | INFO | EVENT retrain_fit batch_id=17 reason=periodic train_n=8500 wall=0.13100051879882812 cpu=0.140625 rss_mb=None info={'period_batches': 1, 'stream_batches_seen': 12, 'buffer_size': 8500, 'global_batch_id': 17}
2026-01-28 04:21:24,218 | INFO | EVENT retrain_fit batch_id=18 reason=periodic train_n=9000 wall=0.1320028305053711 cpu=0.140625 rss_mb=None info={'period_batches': 1, 'stream_batches_seen': 13, 'buffer_size': 9000, 'global_batch_id': 18}
2026-01-28 04:21:24,387 | INFO | EVENT retrain_fit batch_id=19 reason=periodic train_n=9500 wall=0.15799999237060547 cpu=0.171875 rss_mb=None info={'period_batches': 1, 'stream_batches_seen': 14, 'buffer_size': 9500, 'global_batch_id': 19}
2026-01-28 04:21:24,543 | INFO | EVENT retrain_fit batch_id=20 reason=periodic train_n=10000 wall=0.14599967002868652 cpu=0.140625 rss_mb=None info={'period_batches': 1, 'stream_batches_seen': 15, 'buffer_size': 10000, 'global_batch_id': 20}
2026-01-28 04:21:24,713 | INFO | EVENT retrain_fit batch_id=21 reason=periodic train_n=10500 wall=0.16008973121643066 cpu=0.15625 rss_mb=None info={'period_batches': 1, 'stream_batches_seen': 16, 'buffer_size': 10500, 'global_batch_id': 21}
2026-01-28 04:21:24,895 | INFO | EVENT retrain_fit batch_id=22 reason=periodic train_n=11000 wall=0.1634385585784912 cpu=0.15625 rss_mb=None info={'period_batches': 1, 'stream_batches_seen': 17, 'buffer_size': 11000, 'global_batch_id': 22}
2026-01-28 04:21:25,074 | INFO | EVENT retrain_fit batch_id=23 reason=periodic train_n=11500 wall=0.16899895668029785 cpu=0.171875 rss_mb=None info={'period_batches': 1, 'stream_batches_seen': 18, 'buffer_size': 11500, 'global_batch_id': 23}
2026-01-28 04:21:25,259 | INFO | EVENT retrain_fit batch_id=24 reason=periodic train_n=12000 wall=0.17620372772216797 cpu=0.171875 rss_mb=None info={'period_batches': 1, 'stream_batches_seen': 19, 'buffer_size': 12000, 'global_batch_id': 24}
2026-01-28 04:21:25,464 | INFO | EVENT retrain_fit batch_id=25 reason=periodic train_n=12500 wall=0.19309568405151367 cpu=0.1875 rss_mb=None info={'period_batches': 1, 'stream_batches_seen': 20, 'buffer_size': 12500, 'global_batch_id': 25}
2026-01-28 04:21:25,680 | INFO | EVENT retrain_fit batch_id=26 reason=periodic train_n=13000 wall=0.20399975776672363 cpu=0.1875 rss_mb=None info={'period_batches': 1, 'stream_batches_seen': 21, 'buffer_size': 13000, 'global_batch_id': 26}
2026-01-28 04:21:25,896 | INFO | EVENT retrain_fit batch_id=27 reason=periodic train_n=13500 wall=0.20399808883666992 cpu=0.203125 rss_mb=None info={'period_batches': 1, 'stream_batches_seen': 22, 'buffer_size': 13500, 'global_batch_id': 27}
2026-01-28 04:21:26,118 | INFO | EVENT retrain_fit batch_id=28 reason=periodic train_n=14000 wall=0.20919489860534668 cpu=0.21875 rss_mb=None info={'period_batches': 1, 'stream_batches_seen': 23, 'buffer_size': 14000, 'global_batch_id': 28}
2026-01-28 04:21:26,342 | INFO | EVENT retrain_fit batch_id=29 reason=periodic train_n=14500 wall=0.21296167373657227 cpu=0.21875 rss_mb=None info={'period_batches': 1, 'stream_batches_seen': 24, 'buffer_size': 14500, 'global_batch_id': 29}
2026-01-28 04:21:26,589 | INFO | EVENT retrain_fit batch_id=30 reason=periodic train_n=15000 wall=0.22472381591796875 cpu=0.21875 rss_mb=None info={'period_batches': 1, 'stream_batches_seen': 25, 'buffer_size': 15000, 'global_batch_id': 30}
2026-01-28 04:21:26,838 | INFO | EVENT retrain_fit batch_id=31 reason=periodic train_n=15500 wall=0.23652911186218262 cpu=0.234375 rss_mb=None info={'period_batches': 1, 'stream_batches_seen': 26, 'buffer_size': 15500, 'global_batch_id': 31}
2026-01-28 04:21:27,117 | INFO | EVENT retrain_fit batch_id=32 reason=periodic train_n=16000 wall=0.2649984359741211 cpu=0.265625 rss_mb=None info={'period_batches': 1, 'stream_batches_seen': 27, 'buffer_size': 16000, 'global_batch_id': 32}
2026-01-28 04:21:27,379 | INFO | EVENT retrain_fit batch_id=33 reason=periodic train_n=16500 wall=0.2499551773071289 cpu=0.25 rss_mb=None info={'period_batches': 1, 'stream_batches_seen': 28, 'buffer_size': 16500, 'global_batch_id': 33}
2026-01-28 04:21:27,647 | INFO | EVENT retrain_fit batch_id=34 reason=periodic train_n=17000 wall=0.25628209114074707 cpu=0.25 rss_mb=None info={'period_batches': 1, 'stream_batches_seen': 29, 'buffer_size': 17000, 'global_batch_id': 34}
2026-01-28 04:21:27,935 | INFO | EVENT retrain_fit batch_id=35 reason=periodic train_n=17500 wall=0.2754223346710205 cpu=0.28125 rss_mb=None info={'period_batches': 1, 'stream_batches_seen': 30, 'buffer_size': 17500, 'global_batch_id': 35}
2026-01-28 04:21:28,233 | INFO | EVENT retrain_fit batch_id=36 reason=periodic train_n=18000 wall=0.285999059677124 cpu=0.296875 rss_mb=None info={'period_batches': 1, 'stream_batches_seen': 31, 'buffer_size': 18000, 'global_batch_id': 36}
2026-01-28 04:21:28,537 | INFO | EVENT retrain_fit batch_id=37 reason=periodic train_n=18500 wall=0.29199886322021484 cpu=0.296875 rss_mb=None info={'period_batches': 1, 'stream_batches_seen': 32, 'buffer_size': 18500, 'global_batch_id': 37}
2026-01-28 04:21:28,855 | INFO | EVENT retrain_fit batch_id=38 reason=periodic train_n=19000 wall=0.30595874786376953 cpu=0.296875 rss_mb=None info={'period_batches': 1, 'stream_batches_seen': 33, 'buffer_size': 19000, 'global_batch_id': 38}
2026-01-28 04:21:29,173 | INFO | EVENT retrain_fit batch_id=39 reason=periodic train_n=19500 wall=0.3059966564178467 cpu=0.3125 rss_mb=None info={'period_batches': 1, 'stream_batches_seen': 34, 'buffer_size': 19500, 'global_batch_id': 39}
2026-01-28 04:21:29,513 | INFO | EVENT retrain_fit batch_id=40 reason=periodic train_n=20000 wall=0.32899999618530273 cpu=0.3125 rss_mb=None info={'period_batches': 1, 'stream_batches_seen': 35, 'buffer_size': 20000, 'global_batch_id': 40}
2026-01-28 04:21:29,847 | INFO | EVENT retrain_fit batch_id=41 reason=periodic train_n=20500 wall=0.32204437255859375 cpu=0.328125 rss_mb=None info={'period_batches': 1, 'stream_batches_seen': 36, 'buffer_size': 20500, 'global_batch_id': 41}
2026-01-28 04:21:30,206 | INFO | EVENT retrain_fit batch_id=42 reason=periodic train_n=21000 wall=0.3432128429412842 cpu=0.3125 rss_mb=None info={'period_batches': 1, 'stream_batches_seen': 37, 'buffer_size': 21000, 'global_batch_id': 42}
2026-01-28 04:21:30,569 | INFO | EVENT retrain_fit batch_id=43 reason=periodic train_n=21500 wall=0.3452942371368408 cpu=0.3125 rss_mb=None info={'period_batches': 1, 'stream_batches_seen': 38, 'buffer_size': 21500, 'global_batch_id': 43}
2026-01-28 04:21:30,943 | INFO | EVENT retrain_fit batch_id=44 reason=periodic train_n=22000 wall=0.3616304397583008 cpu=0.359375 rss_mb=None info={'period_batches': 1, 'stream_batches_seen': 39, 'buffer_size': 22000, 'global_batch_id': 44}
2026-01-28 04:21:30,943 | INFO | Run finished. total={'wall_sec': 8.408737182617188, 'cpu_sec': 8.28125, 'cpu_pct': 98.48387243115728, 'rss_mb': None} peak_rss_mb=None
