2026-01-28 04:18:53,891 | INFO | Run started: run_id=BE_temporary__retrain_p1_all_seen_fit__041853
2026-01-28 04:18:53,891 | INFO | run_dir=C:\Poly\Diploma\v2\outputs\20260128_041853__domain_temporary\runs\BE_temporary__retrain_p1_all_seen_fit__041853
2026-01-28 04:18:54,223 | INFO | EVENT pretrain_fit batch_id=None reason=pretrain train_n=2500 wall=0.06197333335876465 cpu=0.0625 rss_mb=None info={'pretrain_batches': 5, 'pre_acc': 0.9144, 'pre_f1_macro': 0.5241500519432466}
2026-01-28 04:18:54,310 | INFO | EVENT retrain_fit batch_id=6 reason=periodic train_n=3000 wall=0.07400226593017578 cpu=0.078125 rss_mb=None info={'period_batches': 1, 'stream_batches_seen': 1, 'buffer_size': 3000, 'global_batch_id': 6}
2026-01-28 04:18:54,420 | INFO | EVENT retrain_fit batch_id=7 reason=periodic train_n=3500 wall=0.08599972724914551 cpu=0.078125 rss_mb=None info={'period_batches': 1, 'stream_batches_seen': 2, 'buffer_size': 3500, 'global_batch_id': 7}
2026-01-28 04:18:54,531 | INFO | EVENT retrain_fit batch_id=8 reason=periodic train_n=4000 wall=0.09499835968017578 cpu=0.09375 rss_mb=None info={'period_batches': 1, 'stream_batches_seen': 3, 'buffer_size': 4000, 'global_batch_id': 8}
2026-01-28 04:18:54,651 | INFO | EVENT retrain_fit batch_id=9 reason=periodic train_n=4500 wall=0.10699987411499023 cpu=0.09375 rss_mb=None info={'period_batches': 1, 'stream_batches_seen': 4, 'buffer_size': 4500, 'global_batch_id': 9}
2026-01-28 04:18:54,783 | INFO | EVENT retrain_fit batch_id=10 reason=periodic train_n=5000 wall=0.11899852752685547 cpu=0.125 rss_mb=None info={'period_batches': 1, 'stream_batches_seen': 5, 'buffer_size': 5000, 'global_batch_id': 10}
2026-01-28 04:18:54,952 | INFO | EVENT retrain_fit batch_id=11 reason=periodic train_n=5500 wall=0.15654540061950684 cpu=0.15625 rss_mb=None info={'period_batches': 1, 'stream_batches_seen': 6, 'buffer_size': 5500, 'global_batch_id': 11}
2026-01-28 04:18:55,109 | INFO | EVENT retrain_fit batch_id=12 reason=periodic train_n=6000 wall=0.14191079139709473 cpu=0.140625 rss_mb=None info={'period_batches': 1, 'stream_batches_seen': 7, 'buffer_size': 6000, 'global_batch_id': 12}
2026-01-28 04:18:55,266 | INFO | EVENT retrain_fit batch_id=13 reason=periodic train_n=6500 wall=0.14573931694030762 cpu=0.15625 rss_mb=None info={'period_batches': 1, 'stream_batches_seen': 8, 'buffer_size': 6500, 'global_batch_id': 13}
2026-01-28 04:18:55,425 | INFO | EVENT retrain_fit batch_id=14 reason=periodic train_n=7000 wall=0.14799857139587402 cpu=0.15625 rss_mb=None info={'period_batches': 1, 'stream_batches_seen': 9, 'buffer_size': 7000, 'global_batch_id': 14}
2026-01-28 04:18:55,597 | INFO | EVENT retrain_fit batch_id=15 reason=periodic train_n=7500 wall=0.1620020866394043 cpu=0.15625 rss_mb=None info={'period_batches': 1, 'stream_batches_seen': 10, 'buffer_size': 7500, 'global_batch_id': 15}
2026-01-28 04:18:55,782 | INFO | EVENT retrain_fit batch_id=16 reason=periodic train_n=8000 wall=0.17300033569335938 cpu=0.171875 rss_mb=None info={'period_batches': 1, 'stream_batches_seen': 11, 'buffer_size': 8000, 'global_batch_id': 16}
2026-01-28 04:18:55,972 | INFO | EVENT retrain_fit batch_id=17 reason=periodic train_n=8500 wall=0.17800045013427734 cpu=0.171875 rss_mb=None info={'period_batches': 1, 'stream_batches_seen': 12, 'buffer_size': 8500, 'global_batch_id': 17}
2026-01-28 04:18:56,170 | INFO | EVENT retrain_fit batch_id=18 reason=periodic train_n=9000 wall=0.18622064590454102 cpu=0.1875 rss_mb=None info={'period_batches': 1, 'stream_batches_seen': 13, 'buffer_size': 9000, 'global_batch_id': 18}
2026-01-28 04:18:56,370 | INFO | EVENT retrain_fit batch_id=19 reason=periodic train_n=9500 wall=0.18262815475463867 cpu=0.1875 rss_mb=None info={'period_batches': 1, 'stream_batches_seen': 14, 'buffer_size': 9500, 'global_batch_id': 19}
2026-01-28 04:18:56,589 | INFO | EVENT retrain_fit batch_id=20 reason=periodic train_n=10000 wall=0.20104384422302246 cpu=0.203125 rss_mb=None info={'period_batches': 1, 'stream_batches_seen': 15, 'buffer_size': 10000, 'global_batch_id': 20}
2026-01-28 04:18:56,814 | INFO | EVENT retrain_fit batch_id=21 reason=periodic train_n=10500 wall=0.21172237396240234 cpu=0.21875 rss_mb=None info={'period_batches': 1, 'stream_batches_seen': 16, 'buffer_size': 10500, 'global_batch_id': 21}
2026-01-28 04:18:57,047 | INFO | EVENT retrain_fit batch_id=22 reason=periodic train_n=11000 wall=0.220994234085083 cpu=0.21875 rss_mb=None info={'period_batches': 1, 'stream_batches_seen': 17, 'buffer_size': 11000, 'global_batch_id': 22}
2026-01-28 04:18:57,287 | INFO | EVENT retrain_fit batch_id=23 reason=periodic train_n=11500 wall=0.22999954223632812 cpu=0.21875 rss_mb=None info={'period_batches': 1, 'stream_batches_seen': 18, 'buffer_size': 11500, 'global_batch_id': 23}
2026-01-28 04:18:57,534 | INFO | EVENT retrain_fit batch_id=24 reason=periodic train_n=12000 wall=0.2354886531829834 cpu=0.234375 rss_mb=None info={'period_batches': 1, 'stream_batches_seen': 19, 'buffer_size': 12000, 'global_batch_id': 24}
2026-01-28 04:18:57,812 | INFO | EVENT retrain_fit batch_id=25 reason=periodic train_n=12500 wall=0.25857043266296387 cpu=0.265625 rss_mb=None info={'period_batches': 1, 'stream_batches_seen': 20, 'buffer_size': 12500, 'global_batch_id': 25}
2026-01-28 04:18:58,111 | INFO | EVENT retrain_fit batch_id=26 reason=periodic train_n=13000 wall=0.2859976291656494 cpu=0.28125 rss_mb=None info={'period_batches': 1, 'stream_batches_seen': 21, 'buffer_size': 13000, 'global_batch_id': 26}
2026-01-28 04:18:58,386 | INFO | EVENT retrain_fit batch_id=27 reason=periodic train_n=13500 wall=0.2610170841217041 cpu=0.265625 rss_mb=None info={'period_batches': 1, 'stream_batches_seen': 22, 'buffer_size': 13500, 'global_batch_id': 27}
2026-01-28 04:18:58,694 | INFO | EVENT retrain_fit batch_id=28 reason=periodic train_n=14000 wall=0.2788872718811035 cpu=0.28125 rss_mb=None info={'period_batches': 1, 'stream_batches_seen': 23, 'buffer_size': 14000, 'global_batch_id': 28}
2026-01-28 04:18:59,009 | INFO | EVENT retrain_fit batch_id=29 reason=periodic train_n=14500 wall=0.2993333339691162 cpu=0.296875 rss_mb=None info={'period_batches': 1, 'stream_batches_seen': 24, 'buffer_size': 14500, 'global_batch_id': 29}
2026-01-28 04:18:59,325 | INFO | EVENT retrain_fit batch_id=30 reason=periodic train_n=15000 wall=0.3020002841949463 cpu=0.3125 rss_mb=None info={'period_batches': 1, 'stream_batches_seen': 25, 'buffer_size': 15000, 'global_batch_id': 30}
2026-01-28 04:18:59,645 | INFO | EVENT retrain_fit batch_id=31 reason=periodic train_n=15500 wall=0.3068809509277344 cpu=0.328125 rss_mb=None info={'period_batches': 1, 'stream_batches_seen': 26, 'buffer_size': 15500, 'global_batch_id': 31}
2026-01-28 04:18:59,999 | INFO | EVENT retrain_fit batch_id=32 reason=periodic train_n=16000 wall=0.33306455612182617 cpu=0.34375 rss_mb=None info={'period_batches': 1, 'stream_batches_seen': 27, 'buffer_size': 16000, 'global_batch_id': 32}
2026-01-28 04:19:00,359 | INFO | EVENT retrain_fit batch_id=33 reason=periodic train_n=16500 wall=0.3454136848449707 cpu=0.34375 rss_mb=None info={'period_batches': 1, 'stream_batches_seen': 28, 'buffer_size': 16500, 'global_batch_id': 33}
2026-01-28 04:19:00,736 | INFO | EVENT retrain_fit batch_id=34 reason=periodic train_n=17000 wall=0.36306023597717285 cpu=0.359375 rss_mb=None info={'period_batches': 1, 'stream_batches_seen': 29, 'buffer_size': 17000, 'global_batch_id': 34}
2026-01-28 04:19:01,113 | INFO | EVENT retrain_fit batch_id=35 reason=periodic train_n=17500 wall=0.36299800872802734 cpu=0.359375 rss_mb=None info={'period_batches': 1, 'stream_batches_seen': 30, 'buffer_size': 17500, 'global_batch_id': 35}
2026-01-28 04:19:01,492 | INFO | EVENT retrain_fit batch_id=36 reason=periodic train_n=18000 wall=0.36571288108825684 cpu=0.375 rss_mb=None info={'period_batches': 1, 'stream_batches_seen': 31, 'buffer_size': 18000, 'global_batch_id': 36}
2026-01-28 04:19:01,914 | INFO | EVENT retrain_fit batch_id=37 reason=periodic train_n=18500 wall=0.3932204246520996 cpu=0.390625 rss_mb=None info={'period_batches': 1, 'stream_batches_seen': 32, 'buffer_size': 18500, 'global_batch_id': 37}
2026-01-28 04:19:02,338 | INFO | EVENT retrain_fit batch_id=38 reason=periodic train_n=19000 wall=0.40999817848205566 cpu=0.390625 rss_mb=None info={'period_batches': 1, 'stream_batches_seen': 33, 'buffer_size': 19000, 'global_batch_id': 38}
2026-01-28 04:19:02,807 | INFO | EVENT retrain_fit batch_id=39 reason=periodic train_n=19500 wall=0.45589542388916016 cpu=0.359375 rss_mb=None info={'period_batches': 1, 'stream_batches_seen': 34, 'buffer_size': 19500, 'global_batch_id': 39}
2026-01-28 04:19:03,269 | INFO | EVENT retrain_fit batch_id=40 reason=periodic train_n=20000 wall=0.4463999271392822 cpu=0.390625 rss_mb=None info={'period_batches': 1, 'stream_batches_seen': 35, 'buffer_size': 20000, 'global_batch_id': 40}
2026-01-28 04:19:03,716 | INFO | EVENT retrain_fit batch_id=41 reason=periodic train_n=20500 wall=0.431995153427124 cpu=0.421875 rss_mb=None info={'period_batches': 1, 'stream_batches_seen': 36, 'buffer_size': 20500, 'global_batch_id': 41}
2026-01-28 04:19:04,212 | INFO | EVENT retrain_fit batch_id=42 reason=periodic train_n=21000 wall=0.48212242126464844 cpu=0.40625 rss_mb=None info={'period_batches': 1, 'stream_batches_seen': 37, 'buffer_size': 21000, 'global_batch_id': 42}
2026-01-28 04:19:04,699 | INFO | EVENT retrain_fit batch_id=43 reason=periodic train_n=21500 wall=0.47235655784606934 cpu=0.46875 rss_mb=None info={'period_batches': 1, 'stream_batches_seen': 38, 'buffer_size': 21500, 'global_batch_id': 43}
2026-01-28 04:19:05,202 | INFO | EVENT retrain_fit batch_id=44 reason=periodic train_n=22000 wall=0.47971153259277344 cpu=0.484375 rss_mb=None info={'period_batches': 1, 'stream_batches_seen': 39, 'buffer_size': 22000, 'global_batch_id': 44}
2026-01-28 04:19:05,202 | INFO | Run finished. total={'wall_sec': 11.31064510345459, 'cpu_sec': 10.984375, 'cpu_pct': 97.11537140039044, 'rss_mb': None} peak_rss_mb=None
