2026-01-29 01:28:38,374 | INFO | Run started: run_id=label_temporary__retrain_p1_last_window_wb1_update__012838
2026-01-29 01:28:38,374 | INFO | run_dir=C:\Poly\Diploma\v2\outputs\20260129_012640__label_temporary_sgd\runs\label_temporary__retrain_p1_last_window_wb1_update__012838
2026-01-29 01:28:39,541 | INFO | EVENT pretrain_fit batch_id=None reason=pretrain train_n=2500 wall=0.22421479225158691 cpu=0.234375 rss_mb=None info={'pretrain_batches': 5, 'pre_acc': 0.9976, 'pre_f1_macro': 0.9932855383028706}
2026-01-29 01:28:39,634 | INFO | EVENT retrain_update batch_id=6 reason=periodic train_n=500 wall=0.04372692108154297 cpu=0.03125 rss_mb=None info={'period_batches': 1, 'stream_batches_seen': 1, 'buffer_size': 500, 'global_batch_id': 6}
2026-01-29 01:28:39,736 | INFO | EVENT retrain_update batch_id=7 reason=periodic train_n=500 wall=0.04850959777832031 cpu=0.046875 rss_mb=None info={'period_batches': 1, 'stream_batches_seen': 2, 'buffer_size': 500, 'global_batch_id': 7}
2026-01-29 01:28:39,831 | INFO | EVENT retrain_update batch_id=8 reason=periodic train_n=500 wall=0.04556846618652344 cpu=0.046875 rss_mb=None info={'period_batches': 1, 'stream_batches_seen': 3, 'buffer_size': 500, 'global_batch_id': 8}
2026-01-29 01:28:39,928 | INFO | EVENT retrain_update batch_id=9 reason=periodic train_n=500 wall=0.047542572021484375 cpu=0.046875 rss_mb=None info={'period_batches': 1, 'stream_batches_seen': 4, 'buffer_size': 500, 'global_batch_id': 9}
2026-01-29 01:28:40,026 | INFO | EVENT retrain_update batch_id=10 reason=periodic train_n=500 wall=0.047538042068481445 cpu=0.046875 rss_mb=None info={'period_batches': 1, 'stream_batches_seen': 5, 'buffer_size': 500, 'global_batch_id': 10}
2026-01-29 01:28:40,131 | INFO | EVENT retrain_update batch_id=11 reason=periodic train_n=500 wall=0.05560564994812012 cpu=0.046875 rss_mb=None info={'period_batches': 1, 'stream_batches_seen': 6, 'buffer_size': 500, 'global_batch_id': 11}
2026-01-29 01:28:40,257 | INFO | EVENT retrain_update batch_id=12 reason=periodic train_n=500 wall=0.0525517463684082 cpu=0.046875 rss_mb=None info={'period_batches': 1, 'stream_batches_seen': 7, 'buffer_size': 500, 'global_batch_id': 12}
2026-01-29 01:28:40,354 | INFO | EVENT retrain_update batch_id=13 reason=periodic train_n=500 wall=0.04446744918823242 cpu=0.046875 rss_mb=None info={'period_batches': 1, 'stream_batches_seen': 8, 'buffer_size': 500, 'global_batch_id': 13}
2026-01-29 01:28:40,514 | INFO | EVENT retrain_update batch_id=14 reason=periodic train_n=500 wall=0.07302069664001465 cpu=0.078125 rss_mb=None info={'period_batches': 1, 'stream_batches_seen': 9, 'buffer_size': 500, 'global_batch_id': 14}
2026-01-29 01:28:40,618 | INFO | EVENT retrain_update batch_id=15 reason=periodic train_n=500 wall=0.05105137825012207 cpu=0.046875 rss_mb=None info={'period_batches': 1, 'stream_batches_seen': 10, 'buffer_size': 500, 'global_batch_id': 15}
2026-01-29 01:28:40,699 | INFO | EVENT retrain_update batch_id=16 reason=periodic train_n=500 wall=0.03902864456176758 cpu=0.046875 rss_mb=None info={'period_batches': 1, 'stream_batches_seen': 11, 'buffer_size': 500, 'global_batch_id': 16}
2026-01-29 01:28:40,797 | INFO | EVENT retrain_update batch_id=17 reason=periodic train_n=500 wall=0.045534372329711914 cpu=0.046875 rss_mb=None info={'period_batches': 1, 'stream_batches_seen': 12, 'buffer_size': 500, 'global_batch_id': 17}
2026-01-29 01:28:40,879 | INFO | EVENT retrain_update batch_id=18 reason=periodic train_n=500 wall=0.03905367851257324 cpu=0.03125 rss_mb=None info={'period_batches': 1, 'stream_batches_seen': 13, 'buffer_size': 500, 'global_batch_id': 18}
2026-01-29 01:28:40,955 | INFO | EVENT retrain_update batch_id=19 reason=periodic train_n=500 wall=0.03802990913391113 cpu=0.03125 rss_mb=None info={'period_batches': 1, 'stream_batches_seen': 14, 'buffer_size': 500, 'global_batch_id': 19}
2026-01-29 01:28:41,040 | INFO | EVENT retrain_update batch_id=20 reason=periodic train_n=500 wall=0.040032386779785156 cpu=0.03125 rss_mb=None info={'period_batches': 1, 'stream_batches_seen': 15, 'buffer_size': 500, 'global_batch_id': 20}
2026-01-29 01:28:41,116 | INFO | EVENT retrain_update batch_id=21 reason=periodic train_n=500 wall=0.03802752494812012 cpu=0.03125 rss_mb=None info={'period_batches': 1, 'stream_batches_seen': 16, 'buffer_size': 500, 'global_batch_id': 21}
2026-01-29 01:28:41,245 | INFO | EVENT retrain_update batch_id=22 reason=periodic train_n=500 wall=0.06055140495300293 cpu=0.0625 rss_mb=None info={'period_batches': 1, 'stream_batches_seen': 17, 'buffer_size': 500, 'global_batch_id': 22}
2026-01-29 01:28:41,346 | INFO | EVENT retrain_update batch_id=23 reason=periodic train_n=500 wall=0.04913830757141113 cpu=0.046875 rss_mb=None info={'period_batches': 1, 'stream_batches_seen': 18, 'buffer_size': 500, 'global_batch_id': 23}
2026-01-29 01:28:41,429 | INFO | EVENT retrain_update batch_id=24 reason=periodic train_n=500 wall=0.04002857208251953 cpu=0.03125 rss_mb=None info={'period_batches': 1, 'stream_batches_seen': 19, 'buffer_size': 500, 'global_batch_id': 24}
2026-01-29 01:28:41,520 | INFO | EVENT retrain_update batch_id=25 reason=periodic train_n=500 wall=0.04453778266906738 cpu=0.046875 rss_mb=None info={'period_batches': 1, 'stream_batches_seen': 20, 'buffer_size': 500, 'global_batch_id': 25}
2026-01-29 01:28:41,619 | INFO | EVENT retrain_update batch_id=26 reason=periodic train_n=500 wall=0.04842233657836914 cpu=0.0625 rss_mb=None info={'period_batches': 1, 'stream_batches_seen': 21, 'buffer_size': 500, 'global_batch_id': 26}
2026-01-29 01:28:41,700 | INFO | EVENT retrain_update batch_id=27 reason=periodic train_n=500 wall=0.03825211524963379 cpu=0.03125 rss_mb=None info={'period_batches': 1, 'stream_batches_seen': 22, 'buffer_size': 500, 'global_batch_id': 27}
2026-01-29 01:28:41,796 | INFO | EVENT retrain_update batch_id=28 reason=periodic train_n=500 wall=0.04521775245666504 cpu=0.046875 rss_mb=None info={'period_batches': 1, 'stream_batches_seen': 23, 'buffer_size': 500, 'global_batch_id': 28}
2026-01-29 01:28:41,881 | INFO | EVENT retrain_update batch_id=29 reason=periodic train_n=500 wall=0.0401456356048584 cpu=0.03125 rss_mb=None info={'period_batches': 1, 'stream_batches_seen': 24, 'buffer_size': 500, 'global_batch_id': 29}
2026-01-29 01:28:41,978 | INFO | EVENT retrain_update batch_id=30 reason=periodic train_n=500 wall=0.0480504035949707 cpu=0.046875 rss_mb=None info={'period_batches': 1, 'stream_batches_seen': 25, 'buffer_size': 500, 'global_batch_id': 30}
2026-01-29 01:28:42,069 | INFO | EVENT retrain_update batch_id=31 reason=periodic train_n=500 wall=0.04483962059020996 cpu=0.03125 rss_mb=None info={'period_batches': 1, 'stream_batches_seen': 26, 'buffer_size': 500, 'global_batch_id': 31}
2026-01-29 01:28:42,179 | INFO | EVENT retrain_update batch_id=32 reason=periodic train_n=500 wall=0.05755114555358887 cpu=0.046875 rss_mb=None info={'period_batches': 1, 'stream_batches_seen': 27, 'buffer_size': 500, 'global_batch_id': 32}
2026-01-29 01:28:42,282 | INFO | EVENT retrain_update batch_id=33 reason=periodic train_n=500 wall=0.049043893814086914 cpu=0.046875 rss_mb=None info={'period_batches': 1, 'stream_batches_seen': 28, 'buffer_size': 500, 'global_batch_id': 33}
2026-01-29 01:28:42,387 | INFO | EVENT retrain_update batch_id=34 reason=periodic train_n=500 wall=0.05063509941101074 cpu=0.0625 rss_mb=None info={'period_batches': 1, 'stream_batches_seen': 29, 'buffer_size': 500, 'global_batch_id': 34}
2026-01-29 01:28:42,475 | INFO | EVENT retrain_update batch_id=35 reason=periodic train_n=500 wall=0.04253530502319336 cpu=0.03125 rss_mb=None info={'period_batches': 1, 'stream_batches_seen': 30, 'buffer_size': 500, 'global_batch_id': 35}
2026-01-29 01:28:42,563 | INFO | EVENT retrain_update batch_id=36 reason=periodic train_n=500 wall=0.0425419807434082 cpu=0.046875 rss_mb=None info={'period_batches': 1, 'stream_batches_seen': 31, 'buffer_size': 500, 'global_batch_id': 36}
2026-01-29 01:28:42,664 | INFO | EVENT retrain_update batch_id=37 reason=periodic train_n=500 wall=0.04917597770690918 cpu=0.046875 rss_mb=None info={'period_batches': 1, 'stream_batches_seen': 32, 'buffer_size': 500, 'global_batch_id': 37}
2026-01-29 01:28:42,759 | INFO | EVENT retrain_update batch_id=38 reason=periodic train_n=500 wall=0.04470658302307129 cpu=0.046875 rss_mb=None info={'period_batches': 1, 'stream_batches_seen': 33, 'buffer_size': 500, 'global_batch_id': 38}
2026-01-29 01:28:42,856 | INFO | EVENT retrain_update batch_id=39 reason=periodic train_n=500 wall=0.04654359817504883 cpu=0.046875 rss_mb=None info={'period_batches': 1, 'stream_batches_seen': 34, 'buffer_size': 500, 'global_batch_id': 39}
2026-01-29 01:28:42,951 | INFO | EVENT retrain_update batch_id=40 reason=periodic train_n=500 wall=0.045377492904663086 cpu=0.046875 rss_mb=None info={'period_batches': 1, 'stream_batches_seen': 35, 'buffer_size': 500, 'global_batch_id': 40}
2026-01-29 01:28:43,044 | INFO | EVENT retrain_update batch_id=41 reason=periodic train_n=500 wall=0.04558587074279785 cpu=0.046875 rss_mb=None info={'period_batches': 1, 'stream_batches_seen': 36, 'buffer_size': 500, 'global_batch_id': 41}
2026-01-29 01:28:43,161 | INFO | EVENT retrain_update batch_id=42 reason=periodic train_n=500 wall=0.06112384796142578 cpu=0.0625 rss_mb=None info={'period_batches': 1, 'stream_batches_seen': 37, 'buffer_size': 500, 'global_batch_id': 42}
2026-01-29 01:28:43,283 | INFO | EVENT retrain_update batch_id=43 reason=periodic train_n=500 wall=0.058954715728759766 cpu=0.0625 rss_mb=None info={'period_batches': 1, 'stream_batches_seen': 38, 'buffer_size': 500, 'global_batch_id': 43}
2026-01-29 01:28:43,403 | INFO | EVENT retrain_update batch_id=44 reason=periodic train_n=500 wall=0.05907583236694336 cpu=0.0625 rss_mb=None info={'period_batches': 1, 'stream_batches_seen': 39, 'buffer_size': 500, 'global_batch_id': 44}
2026-01-29 01:28:43,529 | INFO | EVENT retrain_update batch_id=45 reason=periodic train_n=500 wall=0.05233502388000488 cpu=0.0625 rss_mb=None info={'period_batches': 1, 'stream_batches_seen': 40, 'buffer_size': 500, 'global_batch_id': 45}
2026-01-29 01:28:43,529 | INFO | Run finished. total={'wall_sec': 5.1549928188323975, 'cpu_sec': 5.109375, 'cpu_pct': 99.11507502656949, 'rss_mb': None} peak_rss_mb=None
