2026-01-29 01:34:15,340 | INFO | Run started: run_id=label_temporary__retrain_p2_all_seen_fit__013415
2026-01-29 01:34:15,340 | INFO | run_dir=C:\Poly\Diploma\v2\outputs\20260129_013318__label_temporary_pa\runs\label_temporary__retrain_p2_all_seen_fit__013415
2026-01-29 01:34:16,570 | INFO | EVENT pretrain_fit batch_id=None reason=pretrain train_n=2500 wall=0.2325587272644043 cpu=0.234375 rss_mb=None info={'pretrain_batches': 5, 'pre_acc': 0.9988, 'pre_f1_macro': 0.9966607287002354}
2026-01-29 01:34:16,990 | INFO | EVENT retrain_fit batch_id=7 reason=periodic train_n=3500 wall=0.3108489513397217 cpu=0.3125 rss_mb=None info={'period_batches': 2, 'stream_batches_seen': 2, 'buffer_size': 3500, 'global_batch_id': 7}
2026-01-29 01:34:17,512 | INFO | EVENT retrain_fit batch_id=9 reason=periodic train_n=4500 wall=0.41785383224487305 cpu=0.40625 rss_mb=None info={'period_batches': 2, 'stream_batches_seen': 4, 'buffer_size': 4500, 'global_batch_id': 9}
2026-01-29 01:34:18,103 | INFO | EVENT retrain_fit batch_id=11 reason=periodic train_n=5500 wall=0.4913010597229004 cpu=0.484375 rss_mb=None info={'period_batches': 2, 'stream_batches_seen': 6, 'buffer_size': 5500, 'global_batch_id': 11}
2026-01-29 01:34:18,802 | INFO | EVENT retrain_fit batch_id=13 reason=periodic train_n=6500 wall=0.600252628326416 cpu=0.59375 rss_mb=None info={'period_batches': 2, 'stream_batches_seen': 8, 'buffer_size': 6500, 'global_batch_id': 13}
2026-01-29 01:34:19,814 | INFO | EVENT retrain_fit batch_id=15 reason=periodic train_n=7500 wall=0.8789973258972168 cpu=0.875 rss_mb=None info={'period_batches': 2, 'stream_batches_seen': 10, 'buffer_size': 7500, 'global_batch_id': 15}
2026-01-29 01:34:21,024 | INFO | EVENT retrain_fit batch_id=17 reason=periodic train_n=8500 wall=1.08125638961792 cpu=1.078125 rss_mb=None info={'period_batches': 2, 'stream_batches_seen': 12, 'buffer_size': 8500, 'global_batch_id': 17}
2026-01-29 01:34:21,981 | INFO | EVENT retrain_fit batch_id=19 reason=periodic train_n=9500 wall=0.8719189167022705 cpu=0.875 rss_mb=None info={'period_batches': 2, 'stream_batches_seen': 14, 'buffer_size': 9500, 'global_batch_id': 19}
2026-01-29 01:34:23,002 | INFO | EVENT retrain_fit batch_id=21 reason=periodic train_n=10500 wall=0.9392266273498535 cpu=0.9375 rss_mb=None info={'period_batches': 2, 'stream_batches_seen': 16, 'buffer_size': 10500, 'global_batch_id': 21}
2026-01-29 01:34:24,124 | INFO | EVENT retrain_fit batch_id=23 reason=periodic train_n=11500 wall=1.0200538635253906 cpu=1.03125 rss_mb=None info={'period_batches': 2, 'stream_batches_seen': 18, 'buffer_size': 11500, 'global_batch_id': 23}
2026-01-29 01:34:25,321 | INFO | EVENT retrain_fit batch_id=25 reason=periodic train_n=12500 wall=1.1049790382385254 cpu=1.09375 rss_mb=None info={'period_batches': 2, 'stream_batches_seen': 20, 'buffer_size': 12500, 'global_batch_id': 25}
2026-01-29 01:34:26,577 | INFO | EVENT retrain_fit batch_id=27 reason=periodic train_n=13500 wall=1.161710500717163 cpu=1.171875 rss_mb=None info={'period_batches': 2, 'stream_batches_seen': 22, 'buffer_size': 13500, 'global_batch_id': 27}
2026-01-29 01:34:27,955 | INFO | EVENT retrain_fit batch_id=29 reason=periodic train_n=14500 wall=1.2818806171417236 cpu=1.265625 rss_mb=None info={'period_batches': 2, 'stream_batches_seen': 24, 'buffer_size': 14500, 'global_batch_id': 29}
2026-01-29 01:34:29,394 | INFO | EVENT retrain_fit batch_id=31 reason=periodic train_n=15500 wall=1.3420162200927734 cpu=1.34375 rss_mb=None info={'period_batches': 2, 'stream_batches_seen': 26, 'buffer_size': 15500, 'global_batch_id': 31}
2026-01-29 01:34:30,931 | INFO | EVENT retrain_fit batch_id=33 reason=periodic train_n=16500 wall=1.4339165687561035 cpu=1.421875 rss_mb=None info={'period_batches': 2, 'stream_batches_seen': 28, 'buffer_size': 16500, 'global_batch_id': 33}
2026-01-29 01:34:32,572 | INFO | EVENT retrain_fit batch_id=35 reason=periodic train_n=17500 wall=1.538926124572754 cpu=1.53125 rss_mb=None info={'period_batches': 2, 'stream_batches_seen': 30, 'buffer_size': 17500, 'global_batch_id': 35}
2026-01-29 01:34:34,355 | INFO | EVENT retrain_fit batch_id=37 reason=periodic train_n=18500 wall=1.684187889099121 cpu=1.6875 rss_mb=None info={'period_batches': 2, 'stream_batches_seen': 32, 'buffer_size': 18500, 'global_batch_id': 37}
2026-01-29 01:34:36,237 | INFO | EVENT retrain_fit batch_id=39 reason=periodic train_n=19500 wall=1.777038812637329 cpu=1.765625 rss_mb=None info={'period_batches': 2, 'stream_batches_seen': 34, 'buffer_size': 19500, 'global_batch_id': 39}
2026-01-29 01:34:38,066 | INFO | EVENT retrain_fit batch_id=41 reason=periodic train_n=20500 wall=1.7370226383209229 cpu=1.734375 rss_mb=None info={'period_batches': 2, 'stream_batches_seen': 36, 'buffer_size': 20500, 'global_batch_id': 41}
2026-01-29 01:34:39,996 | INFO | EVENT retrain_fit batch_id=43 reason=periodic train_n=21500 wall=1.8363275527954102 cpu=1.828125 rss_mb=None info={'period_batches': 2, 'stream_batches_seen': 38, 'buffer_size': 21500, 'global_batch_id': 43}
2026-01-29 01:34:42,011 | INFO | EVENT retrain_fit batch_id=45 reason=periodic train_n=22500 wall=1.922919750213623 cpu=1.90625 rss_mb=None info={'period_batches': 2, 'stream_batches_seen': 40, 'buffer_size': 22500, 'global_batch_id': 45}
2026-01-29 01:34:42,012 | INFO | Run finished. total={'wall_sec': 26.672364950180054, 'cpu_sec': 26.59375, 'cpu_pct': 99.70525691918623, 'rss_mb': None} peak_rss_mb=None
